{"total": {"lines":{"total":4051,"covered":3018,"skipped":0,"pct":74.5},"statements":{"total":4300,"covered":3160,"skipped":0,"pct":73.48},"functions":{"total":513,"covered":406,"skipped":0,"pct":79.14},"branches":{"total":2991,"covered":1832,"skipped":0,"pct":61.25},"branchesTrue":{"total":0,"covered":0,"skipped":0,"pct":100}}
,"/app/auto.evolution.js": {"lines":{"total":188,"covered":107,"skipped":0,"pct":56.91},"functions":{"total":23,"covered":18,"skipped":0,"pct":78.26},"statements":{"total":204,"covered":114,"skipped":0,"pct":55.88},"branches":{"total":120,"covered":59,"skipped":0,"pct":49.16}}
,"/app/daily-challenge.js": {"lines":{"total":37,"covered":35,"skipped":0,"pct":94.59},"functions":{"total":3,"covered":3,"skipped":0,"pct":100},"statements":{"total":37,"covered":35,"skipped":0,"pct":94.59},"branches":{"total":37,"covered":26,"skipped":0,"pct":70.27}}
,"/app/defense.manager.js": {"lines":{"total":88,"covered":57,"skipped":0,"pct":64.77},"functions":{"total":7,"covered":6,"skipped":0,"pct":85.71},"statements":{"total":92,"covered":60,"skipped":0,"pct":65.21},"branches":{"total":67,"covered":37,"skipped":0,"pct":55.22}}
,"/app/deploy.js": {"lines":{"total":90,"covered":68,"skipped":0,"pct":75.55},"functions":{"total":12,"covered":11,"skipped":0,"pct":91.66},"statements":{"total":91,"covered":68,"skipped":0,"pct":74.72},"branches":{"total":28,"covered":23,"skipped":0,"pct":82.14}}
,"/app/eslint.config.js": {"lines":{"total":3,"covered":0,"skipped":0,"pct":0},"functions":{"total":0,"covered":0,"skipped":0,"pct":100},"statements":{"total":3,"covered":0,"skipped":0,"pct":0},"branches":{"total":0,"covered":0,"skipped":0,"pct":100}}
,"/app/fix.js": {"lines":{"total":8,"covered":0,"skipped":0,"pct":0},"functions":{"total":0,"covered":0,"skipped":0,"pct":100},"statements":{"total":8,"covered":0,"skipped":0,"pct":0},"branches":{"total":0,"covered":0,"skipped":0,"pct":100}}
,"/app/fix_globals.js": {"lines":{"total":4,"covered":0,"skipped":0,"pct":0},"functions":{"total":0,"covered":0,"skipped":0,"pct":100},"statements":{"total":4,"covered":0,"skipped":0,"pct":0},"branches":{"total":0,"covered":0,"skipped":0,"pct":100}}
,"/app/format_everything.js": {"lines":{"total":8,"covered":0,"skipped":0,"pct":0},"functions":{"total":0,"covered":0,"skipped":0,"pct":100},"statements":{"total":8,"covered":0,"skipped":0,"pct":0},"branches":{"total":0,"covered":0,"skipped":0,"pct":100}}
,"/app/gamification.js": {"lines":{"total":169,"covered":109,"skipped":0,"pct":64.49},"functions":{"total":16,"covered":10,"skipped":0,"pct":62.5},"statements":{"total":180,"covered":116,"skipped":0,"pct":64.44},"branches":{"total":114,"covered":76,"skipped":0,"pct":66.66}}
,"/app/main.js": {"lines":{"total":371,"covered":141,"skipped":0,"pct":38},"functions":{"total":35,"covered":21,"skipped":0,"pct":60},"statements":{"total":379,"covered":148,"skipped":0,"pct":39.05},"branches":{"total":182,"covered":26,"skipped":0,"pct":14.28}}
,"/app/memory.visualizer.js": {"lines":{"total":165,"covered":144,"skipped":0,"pct":87.27},"functions":{"total":26,"covered":25,"skipped":0,"pct":96.15},"statements":{"total":167,"covered":145,"skipped":0,"pct":86.82},"branches":{"total":132,"covered":87,"skipped":0,"pct":65.9}}
,"/app/patch_eslint.js": {"lines":{"total":5,"covered":0,"skipped":0,"pct":0},"functions":{"total":0,"covered":0,"skipped":0,"pct":100},"statements":{"total":5,"covered":0,"skipped":0,"pct":0},"branches":{"total":0,"covered":0,"skipped":0,"pct":100}}
,"/app/role.attacker.js": {"lines":{"total":51,"covered":43,"skipped":0,"pct":84.31},"functions":{"total":3,"covered":1,"skipped":0,"pct":33.33},"statements":{"total":52,"covered":44,"skipped":0,"pct":84.61},"branches":{"total":46,"covered":25,"skipped":0,"pct":54.34}}
,"/app/role.builder.js": {"lines":{"total":40,"covered":28,"skipped":0,"pct":70},"functions":{"total":5,"covered":5,"skipped":0,"pct":100},"statements":{"total":40,"covered":28,"skipped":0,"pct":70},"branches":{"total":38,"covered":22,"skipped":0,"pct":57.89}}
,"/app/role.explorer.js": {"lines":{"total":24,"covered":14,"skipped":0,"pct":58.33},"functions":{"total":1,"covered":1,"skipped":0,"pct":100},"statements":{"total":24,"covered":14,"skipped":0,"pct":58.33},"branches":{"total":22,"covered":10,"skipped":0,"pct":45.45}}
,"/app/role.harvester.js": {"lines":{"total":87,"covered":63,"skipped":0,"pct":72.41},"functions":{"total":7,"covered":6,"skipped":0,"pct":85.71},"statements":{"total":87,"covered":63,"skipped":0,"pct":72.41},"branches":{"total":72,"covered":38,"skipped":0,"pct":52.77}}
,"/app/role.medic.js": {"lines":{"total":55,"covered":39,"skipped":0,"pct":70.9},"functions":{"total":1,"covered":1,"skipped":0,"pct":100},"statements":{"total":55,"covered":39,"skipped":0,"pct":70.9},"branches":{"total":58,"covered":33,"skipped":0,"pct":56.89}}
,"/app/role.repairer.js": {"lines":{"total":36,"covered":23,"skipped":0,"pct":63.88},"functions":{"total":1,"covered":1,"skipped":0,"pct":100},"statements":{"total":36,"covered":23,"skipped":0,"pct":63.88},"branches":{"total":42,"covered":23,"skipped":0,"pct":54.76}}
,"/app/role.scout.js": {"lines":{"total":34,"covered":30,"skipped":0,"pct":88.23},"functions":{"total":1,"covered":1,"skipped":0,"pct":100},"statements":{"total":34,"covered":30,"skipped":0,"pct":88.23},"branches":{"total":30,"covered":24,"skipped":0,"pct":80}}
,"/app/role.transporter.js": {"lines":{"total":34,"covered":14,"skipped":0,"pct":41.17},"functions":{"total":1,"covered":1,"skipped":0,"pct":100},"statements":{"total":34,"covered":14,"skipped":0,"pct":41.17},"branches":{"total":40,"covered":16,"skipped":0,"pct":40}}
,"/app/role.upgrader.js": {"lines":{"total":24,"covered":21,"skipped":0,"pct":87.5},"functions":{"total":1,"covered":1,"skipped":0,"pct":100},"statements":{"total":24,"covered":21,"skipped":0,"pct":87.5},"branches":{"total":26,"covered":19,"skipped":0,"pct":73.07}}
,"/app/strategy-memory.js": {"lines":{"total":20,"covered":20,"skipped":0,"pct":100},"functions":{"total":3,"covered":3,"skipped":0,"pct":100},"statements":{"total":21,"covered":21,"skipped":0,"pct":100},"branches":{"total":16,"covered":10,"skipped":0,"pct":62.5}}
,"/app/system.adaptive.js": {"lines":{"total":169,"covered":111,"skipped":0,"pct":65.68},"functions":{"total":17,"covered":12,"skipped":0,"pct":70.58},"statements":{"total":171,"covered":111,"skipped":0,"pct":64.91},"branches":{"total":92,"covered":63,"skipped":0,"pct":68.47}}
,"/app/tutorial.auto.js": {"lines":{"total":120,"covered":72,"skipped":0,"pct":60},"functions":{"total":13,"covered":10,"skipped":0,"pct":76.92},"statements":{"total":123,"covered":72,"skipped":0,"pct":58.53},"branches":{"total":97,"covered":42,"skipped":0,"pct":43.29}}
,"/app/utils.ai.js": {"lines":{"total":49,"covered":45,"skipped":0,"pct":91.83},"functions":{"total":4,"covered":4,"skipped":0,"pct":100},"statements":{"total":49,"covered":45,"skipped":0,"pct":91.83},"branches":{"total":49,"covered":39,"skipped":0,"pct":79.59}}
,"/app/utils.dashboard.js": {"lines":{"total":103,"covered":97,"skipped":0,"pct":94.17},"functions":{"total":3,"covered":3,"skipped":0,"pct":100},"statements":{"total":103,"covered":97,"skipped":0,"pct":94.17},"branches":{"total":68,"covered":43,"skipped":0,"pct":63.23}}
,"/app/utils.defense.js": {"lines":{"total":23,"covered":18,"skipped":0,"pct":78.26},"functions":{"total":8,"covered":5,"skipped":0,"pct":62.5},"statements":{"total":23,"covered":18,"skipped":0,"pct":78.26},"branches":{"total":11,"covered":3,"skipped":0,"pct":27.27}}
,"/app/utils.emotions.js": {"lines":{"total":159,"covered":131,"skipped":0,"pct":82.38},"functions":{"total":15,"covered":15,"skipped":0,"pct":100},"statements":{"total":182,"covered":146,"skipped":0,"pct":80.21},"branches":{"total":145,"covered":91,"skipped":0,"pct":62.75}}
,"/app/utils.logging.js": {"lines":{"total":65,"covered":62,"skipped":0,"pct":95.38},"functions":{"total":19,"covered":19,"skipped":0,"pct":100},"statements":{"total":68,"covered":65,"skipped":0,"pct":95.58},"branches":{"total":42,"covered":36,"skipped":0,"pct":85.71}}
,"/app/utils.memory.js": {"lines":{"total":71,"covered":50,"skipped":0,"pct":70.42},"functions":{"total":9,"covered":7,"skipped":0,"pct":77.77},"statements":{"total":73,"covered":52,"skipped":0,"pct":71.23},"branches":{"total":82,"covered":54,"skipped":0,"pct":65.85}}
,"/app/utils.missions.js": {"lines":{"total":43,"covered":30,"skipped":0,"pct":69.76},"functions":{"total":11,"covered":10,"skipped":0,"pct":90.9},"statements":{"total":47,"covered":34,"skipped":0,"pct":72.34},"branches":{"total":30,"covered":16,"skipped":0,"pct":53.33}}
,"/app/utils.planning.js": {"lines":{"total":71,"covered":58,"skipped":0,"pct":81.69},"functions":{"total":13,"covered":9,"skipped":0,"pct":69.23},"statements":{"total":76,"covered":63,"skipped":0,"pct":82.89},"branches":{"total":34,"covered":25,"skipped":0,"pct":73.52}}
,"/app/utils.stats.js": {"lines":{"total":49,"covered":49,"skipped":0,"pct":100},"functions":{"total":11,"covered":11,"skipped":0,"pct":100},"statements":{"total":49,"covered":49,"skipped":0,"pct":100},"branches":{"total":30,"covered":28,"skipped":0,"pct":93.33}}
,"/app/utils.tasks.js": {"lines":{"total":37,"covered":34,"skipped":0,"pct":91.89},"functions":{"total":6,"covered":4,"skipped":0,"pct":66.66},"statements":{"total":42,"covered":37,"skipped":0,"pct":88.09},"branches":{"total":23,"covered":21,"skipped":0,"pct":91.3}}
,"/app/visual.effects.js": {"lines":{"total":170,"covered":165,"skipped":0,"pct":97.05},"functions":{"total":16,"covered":16,"skipped":0,"pct":100},"statements":{"total":189,"covered":174,"skipped":0,"pct":92.06},"branches":{"total":94,"covered":71,"skipped":0,"pct":75.53}}
,"/app/src/constants.js": {"lines":{"total":43,"covered":43,"skipped":0,"pct":100},"functions":{"total":0,"covered":0,"skipped":0,"pct":100},"statements":{"total":61,"covered":61,"skipped":0,"pct":100},"branches":{"total":36,"covered":36,"skipped":0,"pct":100}}
,"/app/src/managers/roomManager.js": {"lines":{"total":179,"covered":142,"skipped":0,"pct":79.32},"functions":{"total":20,"covered":17,"skipped":0,"pct":85},"statements":{"total":204,"covered":149,"skipped":0,"pct":73.03},"branches":{"total":171,"covered":97,"skipped":0,"pct":56.72}}
,"/app/src/managers/spawnManager.js": {"lines":{"total":112,"covered":83,"skipped":0,"pct":74.1},"functions":{"total":15,"covered":11,"skipped":0,"pct":73.33},"statements":{"total":132,"covered":89,"skipped":0,"pct":67.42},"branches":{"total":108,"covered":60,"skipped":0,"pct":55.55}}
,"/app/src/managers/towerManager.js": {"lines":{"total":111,"covered":51,"skipped":0,"pct":45.94},"functions":{"total":26,"covered":14,"skipped":0,"pct":53.84},"statements":{"total":119,"covered":54,"skipped":0,"pct":45.37},"branches":{"total":68,"covered":22,"skipped":0,"pct":32.35}}
,"/app/src/roles/builder.js": {"lines":{"total":93,"covered":90,"skipped":0,"pct":96.77},"functions":{"total":14,"covered":13,"skipped":0,"pct":92.85},"statements":{"total":99,"covered":96,"skipped":0,"pct":96.96},"branches":{"total":65,"covered":52,"skipped":0,"pct":80}}
,"/app/src/roles/defender.js": {"lines":{"total":101,"covered":86,"skipped":0,"pct":85.14},"functions":{"total":19,"covered":16,"skipped":0,"pct":84.21},"statements":{"total":113,"covered":89,"skipped":0,"pct":78.76},"branches":{"total":70,"covered":45,"skipped":0,"pct":64.28}}
,"/app/src/roles/harvester.js": {"lines":{"total":98,"covered":80,"skipped":0,"pct":81.63},"functions":{"total":14,"covered":12,"skipped":0,"pct":85.71},"statements":{"total":103,"covered":84,"skipped":0,"pct":81.55},"branches":{"total":80,"covered":54,"skipped":0,"pct":67.5}}
,"/app/src/roles/miner.js": {"lines":{"total":104,"covered":87,"skipped":0,"pct":83.65},"functions":{"total":10,"covered":8,"skipped":0,"pct":80},"statements":{"total":111,"covered":94,"skipped":0,"pct":84.68},"branches":{"total":95,"covered":64,"skipped":0,"pct":67.36}}
,"/app/src/roles/repairer.js": {"lines":{"total":111,"covered":100,"skipped":0,"pct":90.09},"functions":{"total":15,"covered":14,"skipped":0,"pct":93.33},"statements":{"total":119,"covered":105,"skipped":0,"pct":88.23},"branches":{"total":96,"covered":65,"skipped":0,"pct":67.7}}
,"/app/src/roles/upgrader.js": {"lines":{"total":78,"covered":78,"skipped":0,"pct":100},"functions":{"total":9,"covered":9,"skipped":0,"pct":100},"statements":{"total":82,"covered":82,"skipped":0,"pct":100},"branches":{"total":58,"covered":53,"skipped":0,"pct":91.37}}
,"/app/src/utils/cache.js": {"lines":{"total":109,"covered":93,"skipped":0,"pct":85.32},"functions":{"total":35,"covered":22,"skipped":0,"pct":62.85},"statements":{"total":115,"covered":97,"skipped":0,"pct":84.34},"branches":{"total":88,"covered":66,"skipped":0,"pct":75}}
,"/app/src/utils/logger.js": {"lines":{"total":114,"covered":95,"skipped":0,"pct":83.33},"functions":{"total":25,"covered":19,"skipped":0,"pct":76},"statements":{"total":122,"covered":97,"skipped":0,"pct":79.5},"branches":{"total":77,"covered":47,"skipped":0,"pct":61.03}}
,"/app/src/utils/pathfinder.js": {"lines":{"total":128,"covered":112,"skipped":0,"pct":87.5},"functions":{"total":20,"covered":11,"skipped":0,"pct":55},"statements":{"total":140,"covered":117,"skipped":0,"pct":83.57},"branches":{"total":112,"covered":85,"skipped":0,"pct":75.89}}
}
