TN:
SF:auto.evolution.js
FN:19,(anonymous_0)
FN:44,(anonymous_1)
FN:66,(anonymous_2)
FN:91,(anonymous_3)
FN:109,(anonymous_4)
FN:137,(anonymous_5)
FN:163,(anonymous_6)
FN:172,(anonymous_7)
FN:199,(anonymous_8)
FN:245,(anonymous_9)
FN:263,(anonymous_10)
FN:278,(anonymous_11)
FN:292,(anonymous_12)
FN:303,(anonymous_13)
FN:330,(anonymous_14)
FN:335,(anonymous_15)
FN:363,(anonymous_16)
FN:402,(anonymous_17)
FN:416,(anonymous_18)
FN:430,(anonymous_19)
FN:437,(anonymous_20)
FN:452,(anonymous_21)
FN:495,(anonymous_22)
FNF:23
FNH:0
FNDA:0,(anonymous_0)
FNDA:0,(anonymous_1)
FNDA:0,(anonymous_2)
FNDA:0,(anonymous_3)
FNDA:0,(anonymous_4)
FNDA:0,(anonymous_5)
FNDA:0,(anonymous_6)
FNDA:0,(anonymous_7)
FNDA:0,(anonymous_8)
FNDA:0,(anonymous_9)
FNDA:0,(anonymous_10)
FNDA:0,(anonymous_11)
FNDA:0,(anonymous_12)
FNDA:0,(anonymous_13)
FNDA:0,(anonymous_14)
FNDA:0,(anonymous_15)
FNDA:0,(anonymous_16)
FNDA:0,(anonymous_17)
FNDA:0,(anonymous_18)
FNDA:0,(anonymous_19)
FNDA:0,(anonymous_20)
FNDA:0,(anonymous_21)
FNDA:0,(anonymous_22)
DA:11,0
DA:12,0
DA:13,0
DA:15,0
DA:20,0
DA:21,0
DA:45,0
DA:48,0
DA:49,0
DA:53,0
DA:54,0
DA:57,0
DA:60,0
DA:67,0
DA:69,0
DA:71,0
DA:72,0
DA:73,0
DA:74,0
DA:75,0
DA:78,0
DA:79,0
DA:80,0
DA:81,0
DA:83,0
DA:84,0
DA:87,0
DA:88,0
DA:89,0
DA:90,0
DA:91,0
DA:92,0
DA:95,0
DA:96,0
DA:99,0
DA:100,0
DA:101,0
DA:102,0
DA:110,0
DA:111,0
DA:112,0
DA:113,0
DA:114,0
DA:118,0
DA:131,0
DA:138,0
DA:139,0
DA:140,0
DA:142,0
DA:143,0
DA:144,0
DA:145,0
DA:147,0
DA:148,0
DA:152,0
DA:164,0
DA:172,0
DA:173,0
DA:174,0
DA:175,0
DA:176,0
DA:179,0
DA:180,0
DA:182,0
DA:183,0
DA:185,0
DA:186,0
DA:189,0
DA:190,0
DA:193,0
DA:200,0
DA:202,0
DA:203,0
DA:204,0
DA:205,0
DA:208,0
DA:210,0
DA:211,0
DA:212,0
DA:213,0
DA:217,0
DA:219,0
DA:220,0
DA:228,0
DA:229,0
DA:236,0
DA:239,0
DA:246,0
DA:247,0
DA:256,0
DA:264,0
DA:265,0
DA:266,0
DA:279,0
DA:280,0
DA:293,0
DA:294,0
DA:295,0
DA:296,0
DA:297,0
DA:304,0
DA:307,0
DA:308,0
DA:311,0
DA:313,0
DA:314,0
DA:315,0
DA:316,0
DA:320,0
DA:321,0
DA:322,0
DA:323,0
DA:331,0
DA:332,0
DA:335,0
DA:336,0
DA:339,0
DA:341,0
DA:343,0
DA:351,0
DA:352,0
DA:355,0
DA:357,0
DA:364,0
DA:366,0
DA:368,0
DA:369,0
DA:372,0
DA:373,0
DA:376,0
DA:377,0
DA:380,0
DA:383,0
DA:391,0
DA:392,0
DA:395,0
DA:396,0
DA:403,0
DA:405,0
DA:406,0
DA:407,0
DA:408,0
DA:410,0
DA:417,0
DA:431,0
DA:438,0
DA:446,0
DA:453,0
DA:454,0
DA:456,0
DA:457,0
DA:458,0
DA:459,0
DA:460,0
DA:461,0
DA:463,0
DA:464,0
DA:465,0
DA:466,0
DA:467,0
DA:468,0
DA:472,0
DA:473,0
DA:474,0
DA:475,0
DA:476,0
DA:477,0
DA:481,0
DA:482,0
DA:483,0
DA:484,0
DA:485,0
DA:486,0
DA:487,0
DA:496,0
DA:497,0
DA:501,0
LF:177
LH:0
BRDA:20,0,0,0
BRDA:20,0,1,0
BRDA:48,1,0,0
BRDA:48,1,1,0
BRDA:53,2,0,0
BRDA:53,2,1,0
BRDA:69,3,0,0
BRDA:69,3,1,0
BRDA:69,3,2,0
BRDA:69,3,3,0
BRDA:79,4,0,0
BRDA:79,4,1,0
BRDA:88,5,0,0
BRDA:88,5,1,0
BRDA:113,6,0,0
BRDA:113,6,1,0
BRDA:113,7,0,0
BRDA:113,7,1,0
BRDA:119,8,0,0
BRDA:119,8,1,0
BRDA:147,9,0,0
BRDA:147,9,1,0
BRDA:148,10,0,0
BRDA:148,10,1,0
BRDA:156,11,0,0
BRDA:156,11,1,0
BRDA:174,12,0,0
BRDA:174,12,1,0
BRDA:175,13,0,0
BRDA:175,13,1,0
BRDA:176,14,0,0
BRDA:176,14,1,0
BRDA:182,15,0,0
BRDA:182,15,1,0
BRDA:185,16,0,0
BRDA:185,16,1,0
BRDA:204,17,0,0
BRDA:204,17,1,0
BRDA:204,18,0,0
BRDA:204,18,1,0
BRDA:212,19,0,0
BRDA:212,19,1,0
BRDA:219,20,0,0
BRDA:219,20,1,0
BRDA:228,21,0,0
BRDA:228,21,1,0
BRDA:246,22,0,0
BRDA:246,22,1,0
BRDA:264,23,0,0
BRDA:264,23,1,0
BRDA:279,24,0,0
BRDA:279,24,1,0
BRDA:279,25,0,0
BRDA:279,25,1,0
BRDA:307,26,0,0
BRDA:307,26,1,0
BRDA:314,27,0,0
BRDA:314,27,1,0
BRDA:314,28,0,0
BRDA:314,28,1,0
BRDA:320,29,0,0
BRDA:320,29,1,0
BRDA:331,30,0,0
BRDA:331,30,1,0
BRDA:351,31,0,0
BRDA:351,31,1,0
BRDA:366,32,0,0
BRDA:366,32,1,0
BRDA:366,32,2,0
BRDA:366,32,3,0
BRDA:391,33,0,0
BRDA:391,33,1,0
BRDA:405,34,0,0
BRDA:405,34,1,0
BRDA:406,35,0,0
BRDA:406,35,1,0
BRDA:407,36,0,0
BRDA:407,36,1,0
BRDA:408,37,0,0
BRDA:408,37,1,0
BRDA:421,38,0,0
BRDA:421,38,1,0
BRDA:423,39,0,0
BRDA:423,39,1,0
BRDA:446,40,0,0
BRDA:446,40,1,0
BRDA:463,41,0,0
BRDA:463,41,1,0
BRDA:472,42,0,0
BRDA:472,42,1,0
BRDA:481,43,0,0
BRDA:481,43,1,0
BRF:92
BRH:0
end_of_record
TN:
SF:daily-challenge.js
FN:5,(anonymous_0)
FN:31,(anonymous_1)
FN:44,(anonymous_2)
FNF:3
FNH:0
FNDA:0,(anonymous_0)
FNDA:0,(anonymous_1)
FNDA:0,(anonymous_2)
DA:4,0
DA:6,0
DA:8,0
DA:9,0
DA:17,0
DA:18,0
DA:20,0
DA:28,0
DA:32,0
DA:34,0
DA:35,0
DA:37,0
DA:38,0
DA:39,0
DA:45,0
DA:46,0
DA:47,0
DA:49,0
DA:50,0
DA:51,0
DA:53,0
DA:54,0
LF:22
LH:0
BRDA:8,0,0,0
BRDA:8,0,1,0
BRDA:8,1,0,0
BRDA:8,1,1,0
BRDA:34,2,0,0
BRDA:34,2,1,0
BRDA:34,3,0,0
BRDA:34,3,1,0
BRDA:37,4,0,0
BRDA:37,4,1,0
BRDA:53,5,0,0
BRDA:53,5,1,0
BRF:12
BRH:0
end_of_record
TN:
SF:defense.manager.js
FN:6,(anonymous_0)
FN:13,(anonymous_1)
FN:20,(anonymous_2)
FN:39,(anonymous_3)
FN:44,(anonymous_4)
FN:50,(anonymous_5)
FN:62,(anonymous_6)
FN:72,(anonymous_7)
FN:82,(anonymous_8)
FN:99,(anonymous_9)
FN:102,(anonymous_10)
FN:120,(anonymous_11)
FN:129,(anonymous_12)
FN:143,(anonymous_13)
FN:152,(anonymous_14)
FN:156,(anonymous_15)
FN:207,(anonymous_16)
FN:254,(anonymous_17)
FN:261,(anonymous_18)
FN:268,(anonymous_19)
FNF:20
FNH:0
FNDA:0,(anonymous_0)
FNDA:0,(anonymous_1)
FNDA:0,(anonymous_2)
FNDA:0,(anonymous_3)
FNDA:0,(anonymous_4)
FNDA:0,(anonymous_5)
FNDA:0,(anonymous_6)
FNDA:0,(anonymous_7)
FNDA:0,(anonymous_8)
FNDA:0,(anonymous_9)
FNDA:0,(anonymous_10)
FNDA:0,(anonymous_11)
FNDA:0,(anonymous_12)
FNDA:0,(anonymous_13)
FNDA:0,(anonymous_14)
FNDA:0,(anonymous_15)
FNDA:0,(anonymous_16)
FNDA:0,(anonymous_17)
FNDA:0,(anonymous_18)
FNDA:0,(anonymous_19)
DA:4,0
DA:7,0
DA:8,0
DA:9,0
DA:15,0
DA:16,0
DA:17,0
DA:19,0
DA:20,0
DA:22,0
DA:23,0
DA:27,0
DA:28,0
DA:29,0
DA:31,0
DA:33,0
DA:34,0
DA:35,0
DA:37,0
DA:39,0
DA:42,0
DA:43,0
DA:44,0
DA:46,0
DA:48,0
DA:50,0
DA:52,0
DA:53,0
DA:54,0
DA:55,0
DA:56,0
DA:61,0
DA:62,0
DA:63,0
DA:64,0
DA:65,0
DA:70,0
DA:71,0
DA:72,0
DA:74,0
DA:75,0
DA:84,0
DA:85,0
DA:86,0
DA:88,0
DA:90,0
DA:91,0
DA:92,0
DA:94,0
DA:98,0
DA:99,0
DA:100,0
DA:101,0
DA:102,0
DA:104,0
DA:107,0
DA:110,0
DA:111,0
DA:112,0
DA:113,0
DA:116,0
DA:121,0
DA:124,0
DA:125,0
DA:126,0
DA:128,0
DA:129,0
DA:132,0
DA:134,0
DA:137,0
DA:138,0
DA:139,0
DA:141,0
DA:142,0
DA:143,0
DA:146,0
DA:147,0
DA:152,0
DA:157,0
DA:158,0
DA:160,0
DA:163,0
DA:165,0
DA:184,0
DA:186,0
DA:187,0
DA:189,0
DA:191,0
DA:194,0
DA:195,0
DA:199,0
DA:200,0
DA:203,0
DA:209,0
DA:210,0
DA:211,0
DA:213,0
DA:214,0
DA:216,0
DA:218,0
DA:219,0
DA:225,0
DA:226,0
DA:230,0
DA:231,0
DA:235,0
DA:236,0
DA:237,0
DA:238,0
DA:241,0
DA:245,0
DA:246,0
DA:256,0
DA:257,0
DA:258,0
DA:260,0
DA:261,0
DA:263,0
DA:264,0
DA:265,0
DA:267,0
DA:268,0
DA:270,0
DA:272,0
DA:273,0
DA:277,0
LF:126
LH:0
BRDA:15,0,0,0
BRDA:15,0,1,0
BRDA:22,1,0,0
BRDA:22,1,1,0
BRDA:27,2,0,0
BRDA:27,2,1,0
BRDA:33,3,0,0
BRDA:33,3,1,0
BRDA:42,4,0,0
BRDA:42,4,1,0
BRDA:44,5,0,0
BRDA:44,5,1,0
BRDA:52,6,0,0
BRDA:52,6,1,0
BRDA:54,7,0,0
BRDA:54,7,1,0
BRDA:61,8,0,0
BRDA:61,8,1,0
BRDA:63,9,0,0
BRDA:63,9,1,0
BRDA:70,10,0,0
BRDA:70,10,1,0
BRDA:72,11,0,0
BRDA:72,11,1,0
BRDA:74,12,0,0
BRDA:74,12,1,0
BRDA:84,13,0,0
BRDA:84,13,1,0
BRDA:90,14,0,0
BRDA:90,14,1,0
BRDA:91,15,0,0
BRDA:91,15,1,0
BRDA:102,16,0,0
BRDA:102,16,1,0
BRDA:102,16,2,0
BRDA:110,17,0,0
BRDA:110,17,1,0
BRDA:112,18,0,0
BRDA:112,18,1,0
BRDA:121,19,0,0
BRDA:121,19,1,0
BRDA:124,20,0,0
BRDA:124,20,1,0
BRDA:134,21,0,0
BRDA:134,21,1,0
BRDA:134,22,0,0
BRDA:134,22,1,0
BRDA:137,23,0,0
BRDA:137,23,1,0
BRDA:143,24,0,0
BRDA:143,24,1,0
BRDA:146,25,0,0
BRDA:146,25,1,0
BRDA:163,26,0,0
BRDA:163,26,1,0
BRDA:163,27,0,0
BRDA:163,27,1,0
BRDA:184,28,0,0
BRDA:184,28,1,0
BRDA:187,29,0,0
BRDA:187,29,1,0
BRDA:199,30,0,0
BRDA:199,30,1,0
BRDA:209,31,0,0
BRDA:209,31,1,0
BRDA:216,32,0,0
BRDA:216,32,1,0
BRDA:218,33,0,0
BRDA:218,33,1,0
BRDA:225,34,0,0
BRDA:225,34,1,0
BRDA:230,35,0,0
BRDA:230,35,1,0
BRDA:235,36,0,0
BRDA:235,36,1,0
BRDA:237,37,0,0
BRDA:237,37,1,0
BRDA:245,38,0,0
BRDA:245,38,1,0
BRDA:256,39,0,0
BRDA:256,39,1,0
BRDA:263,40,0,0
BRDA:263,40,1,0
BRDA:270,41,0,0
BRDA:270,41,1,0
BRF:85
BRH:0
end_of_record
TN:
SF:deploy.js
FN:14,validateToken
FN:27,validateFilePath
FN:72,deployTo
FN:74,(anonymous_3)
FN:101,(anonymous_4)
FN:103,(anonymous_5)
FN:106,(anonymous_6)
FN:133,(anonymous_7)
FN:140,(anonymous_8)
FN:150,(anonymous_9)
FNF:10
FNH:0
FNDA:0,validateToken
FNDA:0,validateFilePath
FNDA:0,deployTo
FNDA:0,(anonymous_3)
FNDA:0,(anonymous_4)
FNDA:0,(anonymous_5)
FNDA:0,(anonymous_6)
FNDA:0,(anonymous_7)
FNDA:0,(anonymous_8)
FNDA:0,(anonymous_9)
DA:7,0
DA:8,0
DA:10,0
DA:11,0
DA:15,0
DA:16,0
DA:19,0
DA:20,0
DA:21,0
DA:23,0
DA:28,0
DA:29,0
DA:32,0
DA:33,0
DA:37,0
DA:38,0
DA:41,0
DA:45,0
DA:46,0
DA:55,0
DA:56,0
DA:57,0
DA:59,0
DA:60,0
DA:61,0
DA:64,0
DA:65,0
DA:66,0
DA:70,0
DA:73,0
DA:74,0
DA:75,0
DA:76,0
DA:77,0
DA:80,0
DA:81,0
DA:82,0
DA:83,0
DA:86,0
DA:100,0
DA:101,0
DA:102,0
DA:103,0
DA:104,0
DA:106,0
DA:107,0
DA:108,0
DA:109,0
DA:110,0
DA:111,0
DA:112,0
DA:115,0
DA:116,0
DA:117,0
DA:120,0
DA:121,0
DA:122,0
DA:125,0
DA:126,0
DA:127,0
DA:133,0
DA:135,0
DA:136,0
DA:137,0
DA:140,0
DA:141,0
DA:142,0
DA:145,0
DA:146,0
DA:150,0
DA:151,0
DA:152,0
DA:153,0
DA:154,0
DA:157,0
DA:158,0
DA:159,0
LF:77
LH:0
BRDA:15,0,0,0
BRDA:15,0,1,0
BRDA:20,1,0,0
BRDA:20,1,1,0
BRDA:29,2,0,0
BRDA:29,2,1,0
BRDA:32,3,0,0
BRDA:32,3,1,0
BRDA:32,4,0,0
BRDA:32,4,1,0
BRDA:37,5,0,0
BRDA:37,5,1,0
BRDA:75,6,0,0
BRDA:75,6,1,0
BRDA:81,7,0,0
BRDA:81,7,1,0
BRDA:110,8,0,0
BRDA:110,8,1,0
BRDA:120,9,0,0
BRDA:120,9,1,0
BRF:20
BRH:0
end_of_record
TN:
SF:gamification.js
FN:13,(anonymous_0)
FN:32,(anonymous_1)
FN:47,(anonymous_2)
FN:69,(anonymous_3)
FN:90,(anonymous_4)
FN:131,(anonymous_5)
FN:155,(anonymous_6)
FN:171,(anonymous_7)
FN:185,(anonymous_8)
FN:206,(anonymous_9)
FN:215,(anonymous_10)
FN:300,(anonymous_11)
FN:338,(anonymous_12)
FNF:13
FNH:0
FNDA:0,(anonymous_0)
FNDA:0,(anonymous_1)
FNDA:0,(anonymous_2)
FNDA:0,(anonymous_3)
FNDA:0,(anonymous_4)
FNDA:0,(anonymous_5)
FNDA:0,(anonymous_6)
FNDA:0,(anonymous_7)
FNDA:0,(anonymous_8)
FNDA:0,(anonymous_9)
FNDA:0,(anonymous_10)
FNDA:0,(anonymous_11)
FNDA:0,(anonymous_12)
DA:5,0
DA:6,0
DA:7,0
DA:9,0
DA:14,0
DA:15,0
DA:33,0
DA:34,0
DA:36,0
DA:37,0
DA:39,0
DA:41,0
DA:48,0
DA:50,0
DA:51,0
DA:52,0
DA:53,0
DA:55,0
DA:57,0
DA:58,0
DA:59,0
DA:62,0
DA:70,0
DA:71,0
DA:73,0
DA:74,0
DA:76,0
DA:78,0
DA:79,0
DA:80,0
DA:83,0
DA:91,0
DA:94,0
DA:95,0
DA:97,0
DA:99,0
DA:101,0
DA:102,0
DA:104,0
DA:110,0
DA:112,0
DA:113,0
DA:115,0
DA:118,0
DA:120,0
DA:121,0
DA:122,0
DA:125,0
DA:132,0
DA:134,0
DA:135,0
DA:137,0
DA:138,0
DA:139,0
DA:141,0
DA:144,0
DA:146,0
DA:147,0
DA:156,0
DA:157,0
DA:159,0
DA:160,0
DA:161,0
DA:163,0
DA:164,0
DA:165,0
DA:172,0
DA:174,0
DA:175,0
DA:176,0
DA:177,0
DA:178,0
DA:179,0
DA:186,0
DA:187,0
DA:189,0
DA:190,0
DA:191,0
DA:200,0
DA:201,0
DA:202,0
DA:204,0
DA:205,0
DA:206,0
DA:207,0
DA:216,0
DA:217,0
DA:219,0
DA:220,0
DA:221,0
DA:224,0
DA:225,0
DA:226,0
DA:228,0
DA:235,0
DA:242,0
DA:250,0
DA:252,0
DA:260,0
DA:268,0
DA:269,0
DA:279,0
DA:280,0
DA:287,0
DA:294,0
DA:301,0
DA:303,0
DA:304,0
DA:305,0
DA:306,0
DA:308,0
DA:311,0
DA:312,0
DA:313,0
DA:316,0
DA:317,0
DA:318,0
DA:319,0
DA:321,0
DA:324,0
DA:325,0
DA:326,0
DA:329,0
DA:330,0
DA:331,0
DA:339,0
DA:340,0
DA:344,0
LF:128
LH:0
BRDA:14,0,0,0
BRDA:14,0,1,0
BRDA:33,1,0,0
BRDA:33,1,1,0
BRDA:39,2,0,0
BRDA:39,2,1,0
BRDA:58,3,0,0
BRDA:58,3,1,0
BRDA:70,4,0,0
BRDA:70,4,1,0
BRDA:73,5,0,0
BRDA:73,5,1,0
BRDA:79,6,0,0
BRDA:79,6,1,0
BRDA:94,7,0,0
BRDA:94,7,1,0
BRDA:99,8,0,0
BRDA:99,8,1,0
BRDA:101,9,0,0
BRDA:101,9,1,0
BRDA:112,10,0,0
BRDA:112,10,1,0
BRDA:120,11,0,0
BRDA:120,11,1,0
BRDA:137,12,0,0
BRDA:137,12,1,0
BRDA:138,13,0,0
BRDA:138,13,1,0
BRDA:146,14,0,0
BRDA:146,14,1,0
BRDA:159,15,0,0
BRDA:159,15,1,0
BRDA:160,16,0,0
BRDA:160,16,1,0
BRDA:161,17,0,0
BRDA:161,17,1,0
BRDA:163,18,0,0
BRDA:163,18,1,0
BRDA:164,19,0,0
BRDA:164,19,1,0
BRDA:165,20,0,0
BRDA:165,20,1,0
BRDA:172,21,0,0
BRDA:172,21,1,0
BRDA:174,22,0,0
BRDA:174,22,1,0
BRDA:175,23,0,0
BRDA:175,23,1,0
BRDA:176,24,0,0
BRDA:176,24,1,0
BRDA:177,25,0,0
BRDA:177,25,1,0
BRDA:178,26,0,0
BRDA:178,26,1,0
BRDA:204,27,0,0
BRDA:204,27,1,0
BRDA:220,28,0,0
BRDA:220,28,1,0
BRDA:268,29,0,0
BRDA:268,29,1,0
BRDA:301,30,0,0
BRDA:301,30,1,0
BRDA:301,30,2,0
BRDA:301,30,3,0
BRDA:301,30,4,0
BRDA:305,31,0,0
BRDA:305,31,1,0
BRDA:305,32,0,0
BRDA:305,32,1,0
BRDA:318,33,0,0
BRDA:318,33,1,0
BRDA:318,34,0,0
BRDA:318,34,1,0
BRF:73
BRH:0
end_of_record
TN:
SF:main.js
FN:58,runCreepLogic
FN:109,runDefenseLogic
FN:113,handlePeriodicTasks
FN:156,processCreeps
FN:185,handleSpawning
FN:252,handleDefenseAndDashboard
FN:275,displayStats
FN:323,(anonymous_7)
FN:376,getBodyForRole
FN:423,(anonymous_9)
FNF:10
FNH:0
FNDA:0,runCreepLogic
FNDA:0,runDefenseLogic
FNDA:0,handlePeriodicTasks
FNDA:0,processCreeps
FNDA:0,handleSpawning
FNDA:0,handleDefenseAndDashboard
FNDA:0,displayStats
FNDA:0,(anonymous_7)
FNDA:0,getBodyForRole
FNDA:0,(anonymous_9)
DA:4,0
DA:5,0
DA:6,0
DA:7,0
DA:8,0
DA:9,0
DA:10,0
DA:11,0
DA:12,0
DA:13,0
DA:14,0
DA:15,0
DA:16,0
DA:17,0
DA:18,0
DA:19,0
DA:20,0
DA:21,0
DA:22,0
DA:26,0
DA:33,0
DA:44,0
DA:60,0
DA:61,0
DA:65,0
DA:67,0
DA:68,0
DA:70,0
DA:71,0
DA:73,0
DA:74,0
DA:76,0
DA:77,0
DA:79,0
DA:80,0
DA:82,0
DA:84,0
DA:85,0
DA:87,0
DA:89,0
DA:90,0
DA:92,0
DA:94,0
DA:95,0
DA:97,0
DA:99,0
DA:100,0
DA:102,0
DA:110,0
DA:114,0
DA:115,0
DA:116,0
DA:117,0
DA:119,0
DA:120,0
DA:123,0
DA:124,0
DA:127,0
DA:128,0
DA:129,0
DA:132,0
DA:133,0
DA:134,0
DA:136,0
DA:137,0
DA:139,0
DA:140,0
DA:144,0
DA:145,0
DA:146,0
DA:148,0
DA:151,0
DA:152,0
DA:157,0
DA:158,0
DA:159,0
DA:160,0
DA:162,0
DA:163,0
DA:164,0
DA:165,0
DA:166,0
DA:170,0
DA:172,0
DA:173,0
DA:175,0
DA:176,0
DA:178,0
DA:182,0
DA:186,0
DA:187,0
DA:188,0
DA:189,0
DA:196,0
DA:197,0
DA:199,0
DA:200,0
DA:208,0
DA:209,0
DA:212,0
DA:215,0
DA:216,0
DA:217,0
DA:219,0
DA:220,0
DA:221,0
DA:223,0
DA:224,0
DA:226,0
DA:227,0
DA:228,0
DA:230,0
DA:232,0
DA:233,0
DA:234,0
DA:236,0
DA:237,0
DA:240,0
DA:241,0
DA:242,0
DA:243,0
DA:247,0
DA:253,0
DA:254,0
DA:255,0
DA:256,0
DA:257,0
DA:258,0
DA:261,0
DA:262,0
DA:264,0
DA:265,0
DA:267,0
DA:276,0
DA:277,0
DA:278,0
DA:280,0
DA:286,0
DA:287,0
DA:296,0
DA:298,0
DA:299,0
DA:300,0
DA:301,0
DA:305,0
DA:306,0
DA:307,0
DA:315,0
DA:316,0
DA:317,0
DA:318,0
DA:323,0
DA:324,0
DA:325,0
DA:326,0
DA:328,0
DA:329,0
DA:330,0
DA:331,0
DA:332,0
DA:335,0
DA:337,0
DA:338,0
DA:339,0
DA:340,0
DA:342,0
DA:344,0
DA:346,0
DA:347,0
DA:348,0
DA:351,0
DA:352,0
DA:353,0
DA:354,0
DA:355,0
DA:356,0
DA:362,0
DA:364,0
DA:365,0
DA:368,0
DA:369,0
DA:370,0
DA:371,0
DA:377,0
DA:378,0
DA:379,0
DA:381,0
DA:382,0
DA:385,0
DA:393,0
DA:394,0
DA:397,0
DA:398,0
DA:401,0
DA:402,0
DA:403,0
DA:404,0
DA:405,0
DA:406,0
DA:407,0
DA:408,0
DA:411,0
DA:412,0
DA:415,0
DA:416,0
DA:419,0
DA:420,0
DA:423,0
DA:424,0
DA:425,0
DA:426,0
DA:427,0
DA:428,0
DA:429,0
DA:430,0
DA:431,0
DA:432,0
DA:433,0
DA:434,0
DA:435,0
DA:436,0
DA:437,0
DA:438,0
DA:439,0
DA:442,0
DA:443,0
DA:444,0
LF:227
LH:0
BRDA:60,0,0,0
BRDA:60,0,1,0
BRDA:65,1,0,0
BRDA:65,1,1,0
BRDA:65,1,2,0
BRDA:65,1,3,0
BRDA:65,1,4,0
BRDA:65,1,5,0
BRDA:65,1,6,0
BRDA:65,1,7,0
BRDA:65,1,8,0
BRDA:79,2,0,0
BRDA:79,2,1,0
BRDA:84,3,0,0
BRDA:84,3,1,0
BRDA:89,4,0,0
BRDA:89,4,1,0
BRDA:94,5,0,0
BRDA:94,5,1,0
BRDA:99,6,0,0
BRDA:99,6,1,0
BRDA:119,7,0,0
BRDA:119,7,1,0
BRDA:119,8,0,0
BRDA:119,8,1,0
BRDA:123,9,0,0
BRDA:123,9,1,0
BRDA:127,10,0,0
BRDA:127,10,1,0
BRDA:132,11,0,0
BRDA:132,11,1,0
BRDA:133,12,0,0
BRDA:133,12,1,0
BRDA:136,13,0,0
BRDA:136,13,1,0
BRDA:139,14,0,0
BRDA:139,14,1,0
BRDA:144,15,0,0
BRDA:144,15,1,0
BRDA:145,16,0,0
BRDA:145,16,1,0
BRDA:151,17,0,0
BRDA:151,17,1,0
BRDA:151,18,0,0
BRDA:151,18,1,0
BRDA:162,19,0,0
BRDA:162,19,1,0
BRDA:165,20,0,0
BRDA:165,20,1,0
BRDA:170,21,0,0
BRDA:170,21,1,0
BRDA:172,22,0,0
BRDA:172,22,1,0
BRDA:186,23,0,0
BRDA:186,23,1,0
BRDA:197,24,0,0
BRDA:197,24,1,0
BRDA:208,25,0,0
BRDA:208,25,1,0
BRDA:208,26,0,0
BRDA:208,26,1,0
BRDA:216,27,0,0
BRDA:216,27,1,0
BRDA:219,28,0,0
BRDA:219,28,1,0
BRDA:223,29,0,0
BRDA:223,29,1,0
BRDA:226,30,0,0
BRDA:226,30,1,0
BRDA:227,31,0,0
BRDA:227,31,1,0
BRDA:233,32,0,0
BRDA:233,32,1,0
BRDA:236,33,0,0
BRDA:236,33,1,0
BRDA:241,34,0,0
BRDA:241,34,1,0
BRDA:242,35,0,0
BRDA:242,35,1,0
BRDA:253,36,0,0
BRDA:253,36,1,0
BRDA:256,37,0,0
BRDA:256,37,1,0
BRDA:256,38,0,0
BRDA:256,38,1,0
BRDA:257,39,0,0
BRDA:257,39,1,0
BRDA:261,40,0,0
BRDA:261,40,1,0
BRDA:298,41,0,0
BRDA:298,41,1,0
BRDA:300,42,0,0
BRDA:300,42,1,0
BRDA:305,43,0,0
BRDA:305,43,1,0
BRDA:315,44,0,0
BRDA:315,44,1,0
BRDA:317,45,0,0
BRDA:317,45,1,0
BRDA:328,46,0,0
BRDA:328,46,1,0
BRDA:328,47,0,0
BRDA:328,47,1,0
BRDA:342,48,0,0
BRDA:342,48,1,0
BRDA:351,49,0,0
BRDA:351,49,1,0
BRDA:351,50,0,0
BRDA:351,50,1,0
BRDA:355,51,0,0
BRDA:355,51,1,0
BRDA:364,52,0,0
BRDA:364,52,1,0
BRDA:369,53,0,0
BRDA:369,53,1,0
BRDA:377,54,0,0
BRDA:377,54,1,0
BRDA:381,55,0,0
BRDA:381,55,1,0
BRDA:442,56,0,0
BRDA:442,56,1,0
BRF:121
BRH:0
end_of_record
TN:
SF:memory.visualizer.js
FN:19,(anonymous_0)
FN:41,(anonymous_1)
FN:70,(anonymous_2)
FN:73,(anonymous_3)
FN:83,(anonymous_4)
FN:93,(anonymous_5)
FN:106,(anonymous_6)
FN:118,(anonymous_7)
FN:124,(anonymous_8)
FN:136,(anonymous_9)
FN:148,(anonymous_10)
FN:166,(anonymous_11)
FN:171,(anonymous_12)
FN:175,(anonymous_13)
FN:186,(anonymous_14)
FN:200,(anonymous_15)
FN:228,(anonymous_16)
FN:237,(anonymous_17)
FN:247,(anonymous_18)
FN:256,(anonymous_19)
FN:272,(anonymous_20)
FN:301,(anonymous_21)
FN:324,(anonymous_22)
FN:364,(anonymous_23)
FN:386,(anonymous_24)
FNF:25
FNH:0
FNDA:0,(anonymous_0)
FNDA:0,(anonymous_1)
FNDA:0,(anonymous_2)
FNDA:0,(anonymous_3)
FNDA:0,(anonymous_4)
FNDA:0,(anonymous_5)
FNDA:0,(anonymous_6)
FNDA:0,(anonymous_7)
FNDA:0,(anonymous_8)
FNDA:0,(anonymous_9)
FNDA:0,(anonymous_10)
FNDA:0,(anonymous_11)
FNDA:0,(anonymous_12)
FNDA:0,(anonymous_13)
FNDA:0,(anonymous_14)
FNDA:0,(anonymous_15)
FNDA:0,(anonymous_16)
FNDA:0,(anonymous_17)
FNDA:0,(anonymous_18)
FNDA:0,(anonymous_19)
FNDA:0,(anonymous_20)
FNDA:0,(anonymous_21)
FNDA:0,(anonymous_22)
FNDA:0,(anonymous_23)
FNDA:0,(anonymous_24)
DA:5,0
DA:11,0
DA:12,0
DA:13,0
DA:15,0
DA:20,0
DA:28,0
DA:29,0
DA:30,0
DA:31,0
DA:32,0
DA:33,0
DA:35,0
DA:42,0
DA:44,0
DA:45,0
DA:49,0
DA:57,0
DA:58,0
DA:62,0
DA:70,0
DA:72,0
DA:73,0
DA:74,0
DA:77,0
DA:84,0
DA:85,0
DA:94,0
DA:96,0
DA:97,0
DA:100,0
DA:107,0
DA:111,0
DA:113,0
DA:114,0
DA:119,0
DA:121,0
DA:123,0
DA:124,0
DA:125,0
DA:130,0
DA:137,0
DA:138,0
DA:149,0
DA:151,0
DA:152,0
DA:155,0
DA:156,0
DA:159,0
DA:160,0
DA:163,0
DA:167,0
DA:169,0
DA:170,0
DA:171,0
DA:174,0
DA:175,0
DA:176,0
DA:177,0
DA:180,0
DA:188,0
DA:189,0
DA:192,0
DA:193,0
DA:202,0
DA:203,0
DA:206,0
DA:208,0
DA:209,0
DA:213,0
DA:215,0
DA:220,0
DA:222,0
DA:223,0
DA:224,0
DA:230,0
DA:231,0
DA:232,0
DA:235,0
DA:236,0
DA:237,0
DA:238,0
DA:241,0
DA:248,0
DA:249,0
DA:258,0
DA:259,0
DA:262,0
DA:264,0
DA:265,0
DA:266,0
DA:270,0
DA:271,0
DA:272,0
DA:273,0
DA:275,0
DA:278,0
DA:291,0
DA:292,0
DA:295,0
DA:296,0
DA:302,0
DA:304,0
DA:305,0
DA:307,0
DA:308,0
DA:312,0
DA:313,0
DA:314,0
DA:325,0
DA:327,0
DA:329,0
DA:330,0
DA:331,0
DA:336,0
DA:337,0
DA:342,0
DA:343,0
DA:344,0
DA:348,0
DA:349,0
DA:350,0
DA:351,0
DA:357,0
DA:358,0
DA:365,0
DA:366,0
DA:369,0
DA:370,0
DA:372,0
DA:377,0
DA:379,0
DA:380,0
DA:383,0
DA:387,0
DA:388,0
DA:389,0
DA:392,0
DA:393,0
DA:394,0
DA:395,0
DA:398,0
DA:400,0
DA:401,0
DA:404,0
DA:405,0
DA:406,0
DA:409,0
DA:411,0
DA:412,0
DA:416,0
LF:151
LH:0
BRDA:22,0,0,0
BRDA:22,0,1,0
BRDA:23,1,0,0
BRDA:23,1,1,0
BRDA:24,2,0,0
BRDA:24,2,1,0
BRDA:25,3,0,0
BRDA:25,3,1,0
BRDA:41,4,0,0
BRDA:45,5,0,0
BRDA:45,5,1,0
BRDA:46,6,0,0
BRDA:46,6,1,0
BRDA:58,7,0,0
BRDA:58,7,1,0
BRDA:59,8,0,0
BRDA:59,8,1,0
BRDA:84,9,0,0
BRDA:84,9,1,0
BRDA:96,10,0,0
BRDA:96,10,1,0
BRDA:107,11,0,0
BRDA:107,11,1,0
BRDA:113,12,0,0
BRDA:113,12,1,0
BRDA:118,13,0,0
BRDA:137,14,0,0
BRDA:137,14,1,0
BRDA:151,15,0,0
BRDA:151,15,1,0
BRDA:151,16,0,0
BRDA:151,16,1,0
BRDA:155,17,0,0
BRDA:155,17,1,0
BRDA:159,18,0,0
BRDA:159,18,1,0
BRDA:166,19,0,0
BRDA:166,20,0,0
BRDA:169,21,0,0
BRDA:169,21,1,0
BRDA:176,22,0,0
BRDA:176,22,1,0
BRDA:176,23,0,0
BRDA:176,23,1,0
BRDA:176,24,0,0
BRDA:176,24,1,0
BRDA:188,25,0,0
BRDA:188,25,1,0
BRDA:188,26,0,0
BRDA:188,26,1,0
BRDA:192,27,0,0
BRDA:192,27,1,0
BRDA:202,28,0,0
BRDA:202,28,1,0
BRDA:208,29,0,0
BRDA:208,29,1,0
BRDA:223,30,0,0
BRDA:223,30,1,0
BRDA:230,31,0,0
BRDA:230,31,1,0
BRDA:230,32,0,0
BRDA:230,32,1,0
BRDA:248,33,0,0
BRDA:248,33,1,0
BRDA:258,34,0,0
BRDA:258,34,1,0
BRDA:265,35,0,0
BRDA:265,35,1,0
BRDA:271,36,0,0
BRDA:271,36,1,0
BRDA:271,37,0,0
BRDA:271,37,1,0
BRDA:280,38,0,0
BRDA:280,38,1,0
BRDA:282,39,0,0
BRDA:282,39,1,0
BRDA:291,40,0,0
BRDA:291,40,1,0
BRDA:295,41,0,0
BRDA:295,41,1,0
BRDA:308,42,0,0
BRDA:308,42,1,0
BRDA:309,43,0,0
BRDA:309,43,1,0
BRDA:313,44,0,0
BRDA:313,44,1,0
BRDA:329,45,0,0
BRDA:329,45,1,0
BRDA:331,46,0,0
BRDA:331,46,1,0
BRDA:332,47,0,0
BRDA:332,47,1,0
BRDA:332,47,2,0
BRDA:342,48,0,0
BRDA:342,48,1,0
BRDA:344,49,0,0
BRDA:344,49,1,0
BRDA:345,50,0,0
BRDA:345,50,1,0
BRDA:349,51,0,0
BRDA:349,51,1,0
BRDA:365,52,0,0
BRDA:365,52,1,0
BRDA:379,53,0,0
BRDA:379,53,1,0
BRDA:386,54,0,0
BRDA:387,55,0,0
BRDA:387,55,1,0
BRDA:387,56,0,0
BRDA:387,56,1,0
BRDA:393,57,0,0
BRDA:393,57,1,0
BRDA:405,58,0,0
BRDA:405,58,1,0
BRF:114
BRH:0
end_of_record
TN:
SF:role.builder.js
FN:2,(anonymous_0)
FN:26,(anonymous_1)
FNF:2
FNH:0
FNDA:0,(anonymous_0)
FNDA:0,(anonymous_1)
DA:1,0
DA:3,0
DA:4,0
DA:5,0
DA:7,0
DA:8,0
DA:9,0
DA:12,0
DA:15,0
DA:16,0
DA:17,0
DA:19,0
DA:21,0
DA:23,0
DA:26,0
DA:28,0
DA:29,0
DA:30,0
DA:32,0
DA:36,0
DA:37,0
DA:40,0
DA:42,0
DA:43,0
DA:51,0
DA:52,0
DA:53,0
DA:55,0
DA:57,0
DA:58,0
DA:59,0
DA:66,0
LF:32
LH:0
BRDA:3,0,0,0
BRDA:3,0,1,0
BRDA:3,1,0,0
BRDA:3,1,1,0
BRDA:7,2,0,0
BRDA:7,2,1,0
BRDA:7,3,0,0
BRDA:7,3,1,0
BRDA:12,4,0,0
BRDA:12,4,1,0
BRDA:15,5,0,0
BRDA:15,5,1,0
BRDA:21,6,0,0
BRDA:21,6,1,0
BRDA:26,7,0,0
BRDA:26,7,1,0
BRDA:26,8,0,0
BRDA:26,8,1,0
BRDA:29,9,0,0
BRDA:29,9,1,0
BRDA:36,10,0,0
BRDA:36,10,1,0
BRDA:36,11,0,0
BRDA:36,11,1,0
BRDA:42,12,0,0
BRDA:42,12,1,0
BRDA:51,13,0,0
BRDA:51,13,1,0
BRDA:57,14,0,0
BRDA:57,14,1,0
BRDA:58,15,0,0
BRDA:58,15,1,0
BRF:32
BRH:0
end_of_record
TN:
SF:role.explorer.js
FN:2,(anonymous_0)
FNF:1
FNH:0
FNDA:0,(anonymous_0)
DA:1,0
DA:4,0
DA:5,0
DA:8,0
DA:10,0
DA:11,0
DA:12,0
DA:15,0
DA:16,0
DA:19,0
DA:20,0
DA:23,0
DA:25,0
DA:26,0
DA:27,0
DA:30,0
DA:32,0
DA:33,0
DA:36,0
DA:40,0
DA:41,0
DA:44,0
DA:45,0
DA:46,0
DA:48,0
DA:49,0
DA:50,0
DA:56,0
LF:28
LH:0
BRDA:4,0,0,0
BRDA:4,0,1,0
BRDA:8,1,0,0
BRDA:8,1,1,0
BRDA:8,2,0,0
BRDA:8,2,1,0
BRDA:19,3,0,0
BRDA:19,3,1,0
BRDA:23,4,0,0
BRDA:23,4,1,0
BRDA:23,5,0,0
BRDA:23,5,1,0
BRDA:32,6,0,0
BRDA:32,6,1,0
BRDA:44,7,0,0
BRDA:44,7,1,0
BRDA:44,8,0,0
BRDA:44,8,1,0
BRDA:46,9,0,0
BRDA:46,9,1,0
BRDA:46,10,0,0
BRDA:46,10,1,0
BRF:22
BRH:0
end_of_record
TN:
SF:role.harvester.js
FN:5,(anonymous_0)
FN:51,(anonymous_1)
FN:82,(anonymous_2)
FNF:3
FNH:0
FNDA:0,(anonymous_0)
FNDA:0,(anonymous_1)
FNDA:0,(anonymous_2)
DA:1,0
DA:2,0
DA:4,0
DA:7,0
DA:8,0
DA:12,0
DA:13,0
DA:14,0
DA:15,0
DA:17,0
DA:18,0
DA:19,0
DA:22,0
DA:24,0
DA:25,0
DA:26,0
DA:28,0
DA:30,0
DA:31,0
DA:32,0
DA:34,0
DA:36,0
DA:39,0
DA:40,0
DA:42,0
DA:43,0
DA:49,0
DA:50,0
DA:52,0
DA:57,0
DA:59,0
DA:61,0
DA:62,0
DA:63,0
DA:65,0
DA:67,0
DA:68,0
DA:71,0
DA:72,0
DA:74,0
DA:75,0
DA:80,0
DA:81,0
DA:83,0
DA:86,0
DA:88,0
DA:90,0
DA:91,0
DA:92,0
DA:94,0
DA:95,0
DA:96,0
DA:97,0
DA:101,0
DA:103,0
DA:104,0
DA:106,0
DA:107,0
DA:109,0
DA:110,0
DA:120,0
LF:61
LH:0
BRDA:7,0,0,0
BRDA:7,0,1,0
BRDA:12,1,0,0
BRDA:12,1,1,0
BRDA:12,2,0,0
BRDA:12,2,1,0
BRDA:17,3,0,0
BRDA:17,3,1,0
BRDA:17,4,0,0
BRDA:17,4,1,0
BRDA:22,5,0,0
BRDA:22,5,1,0
BRDA:24,6,0,0
BRDA:24,6,1,0
BRDA:30,7,0,0
BRDA:30,7,1,0
BRDA:34,8,0,0
BRDA:34,8,1,0
BRDA:39,9,0,0
BRDA:39,9,1,0
BRDA:42,10,0,0
BRDA:42,10,1,0
BRDA:49,11,0,0
BRDA:49,11,1,0
BRDA:52,12,0,0
BRDA:52,12,1,0
BRDA:52,12,2,0
BRDA:52,12,3,0
BRDA:61,13,0,0
BRDA:61,13,1,0
BRDA:65,14,0,0
BRDA:65,14,1,0
BRDA:71,15,0,0
BRDA:71,15,1,0
BRDA:74,16,0,0
BRDA:74,16,1,0
BRDA:80,17,0,0
BRDA:80,17,1,0
BRDA:83,18,0,0
BRDA:83,18,1,0
BRDA:90,19,0,0
BRDA:90,19,1,0
BRDA:94,20,0,0
BRDA:94,20,1,0
BRDA:96,21,0,0
BRDA:96,21,1,0
BRDA:103,22,0,0
BRDA:103,22,1,0
BRDA:106,23,0,0
BRDA:106,23,1,0
BRDA:109,24,0,0
BRDA:109,24,1,0
BRF:52
BRH:0
end_of_record
TN:
SF:role.medic.js
FN:2,(anonymous_0)
FN:13,(anonymous_1)
FNF:2
FNH:0
FNDA:0,(anonymous_0)
FNDA:0,(anonymous_1)
DA:1,0
DA:3,0
DA:6,0
DA:7,0
DA:8,0
DA:12,0
DA:13,0
DA:14,0
DA:16,0
DA:19,0
DA:20,0
DA:21,0
DA:23,0
DA:26,0
DA:27,0
DA:28,0
DA:30,0
DA:31,0
DA:32,0
DA:35,0
DA:36,0
DA:38,0
DA:39,0
DA:40,0
DA:42,0
DA:43,0
DA:47,0
DA:50,0
DA:51,0
DA:58,0
DA:59,0
DA:60,0
DA:61,0
DA:63,0
DA:65,0
DA:66,0
DA:67,0
DA:68,0
DA:70,0
DA:71,0
DA:79,0
LF:41
LH:0
BRDA:6,0,0,0
BRDA:6,0,1,0
BRDA:12,1,0,0
BRDA:12,1,1,0
BRDA:19,2,0,0
BRDA:19,2,1,0
BRDA:26,3,0,0
BRDA:26,3,1,0
BRDA:26,4,0,0
BRDA:26,4,1,0
BRDA:30,5,0,0
BRDA:30,5,1,0
BRDA:30,6,0,0
BRDA:30,6,1,0
BRDA:35,7,0,0
BRDA:35,7,1,0
BRDA:36,8,0,0
BRDA:36,8,1,0
BRDA:39,9,0,0
BRDA:39,9,1,0
BRDA:47,10,0,0
BRDA:47,10,1,0
BRDA:50,11,0,0
BRDA:50,11,1,0
BRDA:59,12,0,0
BRDA:59,12,1,0
BRDA:59,13,0,0
BRDA:59,13,1,0
BRDA:60,14,0,0
BRDA:60,14,1,0
BRDA:63,15,0,0
BRDA:63,15,1,0
BRDA:66,16,0,0
BRDA:66,16,1,0
BRDA:67,17,0,0
BRDA:67,17,1,0
BRF:36
BRH:0
end_of_record
TN:
SF:role.repairer.js
FN:2,(anonymous_0)
FN:16,(anonymous_1)
FNF:2
FNH:0
FNDA:0,(anonymous_0)
FNDA:0,(anonymous_1)
DA:1,0
DA:3,0
DA:4,0
DA:5,0
DA:7,0
DA:8,0
DA:9,0
DA:12,0
DA:14,0
DA:15,0
DA:16,0
DA:18,0
DA:20,0
DA:22,0
DA:24,0
DA:27,0
DA:29,0
DA:30,0
DA:32,0
DA:33,0
DA:34,0
DA:35,0
DA:39,0
DA:40,0
DA:42,0
DA:46,0
DA:47,0
DA:50,0
DA:52,0
DA:53,0
DA:61,0
DA:62,0
DA:63,0
DA:65,0
DA:67,0
DA:68,0
DA:69,0
DA:76,0
LF:38
LH:0
BRDA:3,0,0,0
BRDA:3,0,1,0
BRDA:3,1,0,0
BRDA:3,1,1,0
BRDA:7,2,0,0
BRDA:7,2,1,0
BRDA:7,3,0,0
BRDA:7,3,1,0
BRDA:12,4,0,0
BRDA:12,4,1,0
BRDA:14,5,0,0
BRDA:14,5,1,0
BRDA:16,6,0,0
BRDA:16,6,1,0
BRDA:22,7,0,0
BRDA:22,7,1,0
BRDA:22,8,0,0
BRDA:22,8,1,0
BRDA:27,9,0,0
BRDA:27,9,1,0
BRDA:27,10,0,0
BRDA:27,10,1,0
BRDA:33,11,0,0
BRDA:33,11,1,0
BRDA:39,12,0,0
BRDA:39,12,1,0
BRDA:46,13,0,0
BRDA:46,13,1,0
BRDA:46,14,0,0
BRDA:46,14,1,0
BRDA:52,15,0,0
BRDA:52,15,1,0
BRDA:61,16,0,0
BRDA:61,16,1,0
BRDA:67,17,0,0
BRDA:67,17,1,0
BRDA:68,18,0,0
BRDA:68,18,1,0
BRF:38
BRH:0
end_of_record
TN:
SF:role.scout.js
FN:2,(anonymous_0)
FNF:1
FNH:0
FNDA:0,(anonymous_0)
DA:1,0
DA:3,0
DA:5,0
DA:7,0
DA:8,0
DA:9,0
DA:10,0
DA:13,0
DA:14,0
DA:18,0
DA:19,0
DA:20,0
DA:21,0
DA:23,0
DA:24,0
DA:27,0
DA:28,0
DA:32,0
DA:35,0
DA:36,0
DA:37,0
DA:40,0
DA:41,0
DA:45,0
DA:46,0
DA:53,0
DA:59,0
DA:65,0
LF:28
LH:0
BRDA:3,0,0,0
BRDA:3,0,1,0
BRDA:7,1,0,0
BRDA:7,1,1,0
BRDA:7,2,0,0
BRDA:7,2,1,0
BRDA:18,3,0,0
BRDA:18,3,1,0
BRDA:19,4,0,0
BRDA:19,4,1,0
BRDA:23,5,0,0
BRDA:23,5,1,0
BRDA:23,6,0,0
BRDA:23,6,1,0
BRDA:40,7,0,0
BRDA:40,7,1,0
BRDA:45,8,0,0
BRDA:45,8,1,0
BRF:18
BRH:0
end_of_record
TN:
SF:role.transporter.js
FN:2,(anonymous_0)
FN:16,(anonymous_1)
FN:37,(anonymous_2)
FNF:3
FNH:0
FNDA:0,(anonymous_0)
FNDA:0,(anonymous_1)
FNDA:0,(anonymous_2)
DA:1,0
DA:3,0
DA:5,0
DA:6,0
DA:8,0
DA:9,0
DA:12,0
DA:14,0
DA:15,0
DA:17,0
DA:23,0
DA:25,0
DA:27,0
DA:28,0
DA:29,0
DA:30,0
DA:35,0
DA:36,0
DA:38,0
DA:40,0
DA:42,0
DA:44,0
DA:45,0
DA:47,0
DA:48,0
DA:50,0
DA:52,0
DA:53,0
DA:54,0
DA:55,0
DA:62,0
LF:31
LH:0
BRDA:5,0,0,0
BRDA:5,0,1,0
BRDA:5,1,0,0
BRDA:5,1,1,0
BRDA:8,2,0,0
BRDA:8,2,1,0
BRDA:8,3,0,0
BRDA:8,3,1,0
BRDA:12,4,0,0
BRDA:12,4,1,0
BRDA:14,5,0,0
BRDA:14,5,1,0
BRDA:17,6,0,0
BRDA:17,6,1,0
BRDA:17,6,2,0
BRDA:17,6,3,0
BRDA:17,6,4,0
BRDA:27,7,0,0
BRDA:27,7,1,0
BRDA:29,8,0,0
BRDA:29,8,1,0
BRDA:35,9,0,0
BRDA:35,9,1,0
BRDA:38,10,0,0
BRDA:38,10,1,0
BRDA:47,11,0,0
BRDA:47,11,1,0
BRDA:47,12,0,0
BRDA:47,12,1,0
BRDA:52,13,0,0
BRDA:52,13,1,0
BRDA:54,14,0,0
BRDA:54,14,1,0
BRF:33
BRH:0
end_of_record
TN:
SF:role.upgrader.js
FN:2,(anonymous_0)
FNF:1
FNH:0
FNDA:0,(anonymous_0)
DA:1,0
DA:3,0
DA:4,0
DA:5,0
DA:7,0
DA:8,0
DA:9,0
DA:12,0
DA:13,0
DA:14,0
DA:18,0
DA:19,0
DA:20,0
DA:22,0
DA:24,0
DA:25,0
DA:26,0
DA:33,0
LF:18
LH:0
BRDA:3,0,0,0
BRDA:3,0,1,0
BRDA:3,1,0,0
BRDA:3,1,1,0
BRDA:7,2,0,0
BRDA:7,2,1,0
BRDA:7,3,0,0
BRDA:7,3,1,0
BRDA:12,4,0,0
BRDA:12,4,1,0
BRDA:13,5,0,0
BRDA:13,5,1,0
BRDA:18,6,0,0
BRDA:18,6,1,0
BRDA:24,7,0,0
BRDA:24,7,1,0
BRDA:25,8,0,0
BRDA:25,8,1,0
BRF:18
BRH:0
end_of_record
TN:
SF:strategy-memory.js
FN:9,(anonymous_0)
FN:18,(anonymous_1)
FNF:2
FNH:0
FNDA:0,(anonymous_0)
FNDA:0,(anonymous_1)
DA:8,0
DA:10,0
DA:11,0
DA:15,0
DA:19,0
DA:21,0
DA:22,0
DA:23,0
DA:24,0
DA:25,0
DA:26,0
DA:27,0
DA:29,0
DA:30,0
DA:31,0
DA:35,0
DA:36,0
DA:37,0
LF:18
LH:0
BRDA:10,0,0,0
BRDA:10,0,1,0
BRDA:19,1,0,0
BRDA:19,1,1,0
BRDA:24,2,0,0
BRDA:24,2,1,0
BRDA:25,3,0,0
BRDA:25,3,1,0
BRDA:26,4,0,0
BRDA:26,4,1,0
BRDA:29,5,0,0
BRDA:29,5,1,0
BRDA:35,6,0,0
BRDA:35,6,1,0
BRDA:36,7,0,0
BRDA:36,7,1,0
BRF:16
BRH:0
end_of_record
TN:
SF:system.adaptive.js
FN:74,(anonymous_0)
FN:93,(anonymous_1)
FN:173,(anonymous_2)
FN:202,(anonymous_3)
FN:220,(anonymous_4)
FN:237,(anonymous_5)
FN:246,(anonymous_6)
FN:286,(anonymous_7)
FN:382,(anonymous_8)
FN:397,(anonymous_9)
FNF:10
FNH:1
FNDA:0,(anonymous_0)
FNDA:0,(anonymous_1)
FNDA:0,(anonymous_2)
FNDA:0,(anonymous_3)
FNDA:0,(anonymous_4)
FNDA:1,(anonymous_5)
FNDA:0,(anonymous_6)
FNDA:0,(anonymous_7)
FNDA:0,(anonymous_8)
FNDA:0,(anonymous_9)
DA:13,1
DA:25,1
DA:65,1
DA:75,0
DA:76,0
DA:94,0
DA:97,0
DA:98,0
DA:101,0
DA:103,0
DA:104,0
DA:105,0
DA:106,0
DA:108,0
DA:109,0
DA:110,0
DA:112,0
DA:115,0
DA:116,0
DA:119,0
DA:120,0
DA:123,0
DA:124,0
DA:128,0
DA:132,0
DA:133,0
DA:140,0
DA:153,0
DA:154,0
DA:157,0
DA:161,0
DA:162,0
DA:163,0
DA:167,0
DA:174,0
DA:175,0
DA:176,0
DA:178,0
DA:179,0
DA:182,0
DA:183,0
DA:184,0
DA:186,0
DA:187,0
DA:189,0
DA:190,0
DA:193,0
DA:194,0
DA:196,0
DA:203,0
DA:205,0
DA:207,0
DA:209,0
DA:211,0
DA:213,0
DA:221,0
DA:222,0
DA:224,0
DA:225,0
DA:226,0
DA:227,0
DA:228,0
DA:238,1
DA:239,1
DA:247,0
DA:250,0
DA:251,0
DA:252,0
DA:253,0
DA:254,0
DA:255,0
DA:258,0
DA:259,0
DA:260,0
DA:261,0
DA:262,0
DA:263,0
DA:264,0
DA:265,0
DA:272,0
DA:273,0
DA:277,0
DA:278,0
DA:280,0
DA:287,0
DA:288,0
DA:289,0
DA:291,0
DA:292,0
DA:293,0
DA:294,0
DA:295,0
DA:297,0
DA:298,0
DA:299,0
DA:300,0
DA:309,0
DA:310,0
DA:317,0
DA:320,0
DA:321,0
DA:336,0
DA:337,0
DA:338,0
DA:339,0
DA:342,0
DA:345,0
DA:346,0
DA:347,0
DA:349,0
DA:350,0
DA:351,0
DA:352,0
DA:353,0
DA:354,0
DA:358,0
DA:359,0
DA:360,0
DA:361,0
DA:362,0
DA:363,0
DA:364,0
DA:383,0
DA:385,0
DA:386,0
DA:387,0
DA:390,0
DA:391,0
DA:398,0
DA:399,0
DA:403,1
LF:131
LH:6
BRDA:75,0,0,0
BRDA:75,0,1,0
BRDA:97,1,0,0
BRDA:97,1,1,0
BRDA:115,2,0,0
BRDA:115,2,1,0
BRDA:115,3,0,0
BRDA:115,3,1,0
BRDA:119,4,0,0
BRDA:119,4,1,0
BRDA:119,5,0,0
BRDA:119,5,1,0
BRDA:119,5,2,0
BRDA:123,6,0,0
BRDA:123,6,1,0
BRDA:123,7,0,0
BRDA:123,7,1,0
BRDA:123,7,2,0
BRDA:132,8,0,0
BRDA:132,8,1,0
BRDA:153,9,0,0
BRDA:153,9,1,0
BRDA:162,10,0,0
BRDA:162,10,1,0
BRDA:164,11,0,0
BRDA:164,11,1,0
BRDA:174,12,0,0
BRDA:174,12,1,0
BRDA:175,13,0,0
BRDA:175,13,1,0
BRDA:178,14,0,0
BRDA:178,14,1,0
BRDA:182,15,0,0
BRDA:182,15,1,0
BRDA:183,16,0,0
BRDA:183,16,1,0
BRDA:186,17,0,0
BRDA:186,17,1,0
BRDA:189,18,0,0
BRDA:189,18,1,0
BRDA:193,19,0,0
BRDA:193,19,1,0
BRDA:203,20,0,0
BRDA:203,20,1,0
BRDA:203,20,2,0
BRDA:203,20,3,0
BRDA:203,20,4,0
BRDA:258,21,0,0
BRDA:258,21,1,0
BRDA:260,22,0,0
BRDA:260,22,1,0
BRDA:262,23,0,0
BRDA:262,23,1,0
BRDA:272,24,0,0
BRDA:272,24,1,0
BRDA:272,25,0,0
BRDA:272,25,1,0
BRDA:338,26,0,0
BRDA:338,26,1,0
BRDA:350,27,0,0
BRDA:350,27,1,0
BRDA:358,28,0,0
BRDA:358,28,1,0
BRDA:385,29,0,0
BRDA:385,29,1,0
BRDA:385,30,0,0
BRDA:385,30,1,0
BRF:67
BRH:0
end_of_record
TN:
SF:tutorial.auto.js
FN:9,(anonymous_0)
FN:17,(anonymous_1)
FN:52,(anonymous_2)
FN:59,(anonymous_3)
FN:72,(anonymous_4)
FN:95,(anonymous_5)
FN:119,(anonymous_6)
FN:144,(anonymous_7)
FN:145,(anonymous_8)
FN:161,(anonymous_9)
FN:197,(anonymous_10)
FN:217,(anonymous_11)
FN:229,(anonymous_12)
FNF:13
FNH:0
FNDA:0,(anonymous_0)
FNDA:0,(anonymous_1)
FNDA:0,(anonymous_2)
FNDA:0,(anonymous_3)
FNDA:0,(anonymous_4)
FNDA:0,(anonymous_5)
FNDA:0,(anonymous_6)
FNDA:0,(anonymous_7)
FNDA:0,(anonymous_8)
FNDA:0,(anonymous_9)
FNDA:0,(anonymous_10)
FNDA:0,(anonymous_11)
FNDA:0,(anonymous_12)
DA:5,0
DA:11,0
DA:18,0
DA:19,0
DA:22,0
DA:23,0
DA:26,0
DA:28,0
DA:29,0
DA:31,0
DA:32,0
DA:34,0
DA:35,0
DA:37,0
DA:38,0
DA:40,0
DA:41,0
DA:43,0
DA:46,0
DA:53,0
DA:54,0
DA:55,0
DA:59,0
DA:61,0
DA:62,0
DA:65,0
DA:73,0
DA:74,0
DA:76,0
DA:77,0
DA:78,0
DA:79,0
DA:80,0
DA:84,0
DA:85,0
DA:86,0
DA:96,0
DA:97,0
DA:99,0
DA:100,0
DA:101,0
DA:102,0
DA:103,0
DA:107,0
DA:108,0
DA:109,0
DA:120,0
DA:121,0
DA:123,0
DA:124,0
DA:125,0
DA:126,0
DA:127,0
DA:128,0
DA:129,0
DA:133,0
DA:134,0
DA:145,0
DA:147,0
DA:148,0
DA:149,0
DA:151,0
DA:152,0
DA:153,0
DA:163,0
DA:164,0
DA:167,0
DA:168,0
DA:169,0
DA:170,0
DA:171,0
DA:176,0
DA:177,0
DA:178,0
DA:179,0
DA:181,0
DA:183,0
DA:184,0
DA:188,0
DA:189,0
DA:190,0
DA:197,0
DA:198,0
DA:199,0
DA:200,0
DA:201,0
DA:206,0
DA:207,0
DA:208,0
DA:218,0
DA:219,0
DA:220,0
DA:221,0
DA:223,0
DA:230,0
DA:231,0
DA:234,0
DA:235,0
DA:236,0
DA:237,0
DA:244,0
LF:101
LH:0
BRDA:11,0,0,0
BRDA:11,0,1,0
BRDA:18,1,0,0
BRDA:18,1,1,0
BRDA:26,2,0,0
BRDA:26,2,1,0
BRDA:26,2,2,0
BRDA:26,2,3,0
BRDA:26,2,4,0
BRDA:26,2,5,0
BRDA:54,3,0,0
BRDA:54,3,1,0
BRDA:61,4,0,0
BRDA:61,4,1,0
BRDA:61,5,0,0
BRDA:61,5,1,0
BRDA:76,6,0,0
BRDA:76,6,1,0
BRDA:78,7,0,0
BRDA:78,7,1,0
BRDA:79,8,0,0
BRDA:79,8,1,0
BRDA:85,9,0,0
BRDA:85,9,1,0
BRDA:85,10,0,0
BRDA:85,10,1,0
BRDA:99,11,0,0
BRDA:99,11,1,0
BRDA:101,12,0,0
BRDA:101,12,1,0
BRDA:102,13,0,0
BRDA:102,13,1,0
BRDA:107,14,0,0
BRDA:107,14,1,0
BRDA:108,15,0,0
BRDA:108,15,1,0
BRDA:124,16,0,0
BRDA:124,16,1,0
BRDA:125,17,0,0
BRDA:125,17,1,0
BRDA:127,18,0,0
BRDA:127,18,1,0
BRDA:128,19,0,0
BRDA:128,19,1,0
BRDA:133,20,0,0
BRDA:133,20,1,0
BRDA:147,21,0,0
BRDA:147,21,1,0
BRDA:151,22,0,0
BRDA:151,22,1,0
BRDA:167,23,0,0
BRDA:167,23,1,0
BRDA:169,24,0,0
BRDA:169,24,1,0
BRDA:170,25,0,0
BRDA:170,25,1,0
BRDA:177,26,0,0
BRDA:177,26,1,0
BRDA:178,27,0,0
BRDA:178,27,1,0
BRDA:181,28,0,0
BRDA:181,28,1,0
BRDA:183,29,0,0
BRDA:183,29,1,0
BRDA:189,30,0,0
BRDA:189,30,1,0
BRDA:189,31,0,0
BRDA:189,31,1,0
BRDA:200,32,0,0
BRDA:200,32,1,0
BRDA:207,33,0,0
BRDA:207,33,1,0
BRDA:207,34,0,0
BRDA:207,34,1,0
BRDA:207,34,2,0
BRDA:218,35,0,0
BRDA:218,35,1,0
BRDA:218,36,0,0
BRDA:218,36,1,0
BRDA:230,37,0,0
BRDA:230,37,1,0
BRDA:239,38,0,0
BRDA:239,38,1,0
BRF:83
BRH:0
end_of_record
TN:
SF:utils.ai.js
FN:2,(anonymous_0)
FN:41,(anonymous_1)
FN:58,(anonymous_2)
FNF:3
FNH:0
FNDA:0,(anonymous_0)
FNDA:0,(anonymous_1)
FNDA:0,(anonymous_2)
DA:1,0
DA:3,0
DA:4,0
DA:10,0
DA:11,0
DA:12,0
DA:14,0
DA:15,0
DA:18,0
DA:19,0
DA:20,0
DA:22,0
DA:23,0
DA:26,0
DA:27,0
DA:30,0
DA:31,0
DA:34,0
DA:35,0
DA:38,0
DA:42,0
DA:44,0
DA:55,0
DA:59,0
DA:61,0
DA:62,0
DA:64,0
DA:65,0
DA:68,0
DA:69,0
DA:70,0
DA:72,0
DA:83,0
DA:87,0
LF:34
LH:0
BRDA:3,0,0,0
BRDA:3,0,1,0
BRDA:14,1,0,0
BRDA:14,1,1,0
BRDA:18,2,0,0
BRDA:18,2,1,0
BRDA:22,3,0,0
BRDA:22,3,1,0
BRDA:26,4,0,0
BRDA:26,4,1,0
BRDA:30,5,0,0
BRDA:30,5,1,0
BRDA:34,6,0,0
BRDA:34,6,1,0
BRDA:55,7,0,0
BRDA:55,7,1,0
BRDA:61,8,0,0
BRDA:61,8,1,0
BRDA:64,9,0,0
BRDA:64,9,1,0
BRDA:70,10,0,0
BRDA:70,10,1,0
BRDA:83,11,0,0
BRDA:83,11,1,0
BRF:24
BRH:0
end_of_record
TN:
SF:utils.dashboard.js
FN:6,formatNumber
FN:17,(anonymous_1)
FN:105,(anonymous_2)
FNF:3
FNH:0
FNDA:0,formatNumber
FNDA:0,(anonymous_1)
FNDA:0,(anonymous_2)
DA:1,0
DA:7,0
DA:8,0
DA:10,0
DA:11,0
DA:13,0
DA:16,0
DA:21,0
DA:22,0
DA:23,0
DA:25,0
DA:26,0
DA:27,0
DA:29,0
DA:30,0
DA:31,0
DA:34,0
DA:35,0
DA:36,0
DA:39,0
DA:49,0
DA:50,0
DA:51,0
DA:52,0
DA:56,0
DA:63,0
DA:102,0
DA:106,0
DA:108,0
DA:109,0
DA:110,0
DA:111,0
DA:114,0
DA:122,0
DA:128,0
DA:134,0
DA:135,0
DA:137,0
DA:144,0
DA:147,0
DA:154,0
DA:157,0
DA:158,0
DA:159,0
DA:160,0
DA:165,0
DA:169,0
DA:172,0
DA:175,0
DA:182,0
DA:185,0
DA:186,0
DA:187,0
DA:188,0
DA:190,0
DA:195,0
DA:200,0
DA:203,0
DA:204,0
DA:205,0
DA:206,0
DA:207,0
DA:210,0
DA:217,0
DA:220,0
DA:221,0
DA:222,0
DA:223,0
DA:228,0
DA:232,0
DA:235,0
DA:242,0
DA:245,0
DA:246,0
DA:247,0
DA:248,0
DA:253,0
DA:257,0
DA:260,0
DA:272,0
DA:273,0
DA:286,0
DA:287,0
DA:289,0
DA:290,0
DA:301,0
DA:302,0
DA:303,0
DA:305,0
DA:306,0
DA:307,0
DA:308,0
DA:309,0
DA:312,0
DA:316,0
DA:317,0
DA:332,0
LF:97
LH:0
BRDA:7,0,0,0
BRDA:7,0,1,0
BRDA:10,1,0,0
BRDA:10,1,1,0
BRDA:21,2,0,0
BRDA:21,2,1,0
BRDA:25,3,0,0
BRDA:25,3,1,0
BRDA:29,4,0,0
BRDA:29,4,1,0
BRDA:51,5,0,0
BRDA:51,5,1,0
BRDA:59,6,0,0
BRDA:59,6,1,0
BRDA:60,7,0,0
BRDA:60,7,1,0
BRDA:71,8,0,0
BRDA:71,8,1,0
BRDA:74,9,0,0
BRDA:74,9,1,0
BRDA:75,10,0,0
BRDA:75,10,1,0
BRDA:76,11,0,0
BRDA:76,11,1,0
BRDA:86,12,0,0
BRDA:86,12,1,0
BRDA:92,13,0,0
BRDA:92,13,1,0
BRDA:96,14,0,0
BRDA:96,14,1,0
BRDA:134,15,0,0
BRDA:134,15,1,0
BRDA:135,16,0,0
BRDA:135,16,1,0
BRDA:172,17,0,0
BRDA:172,17,1,0
BRDA:185,18,0,0
BRDA:185,18,1,0
BRDA:185,19,0,0
BRDA:185,19,1,0
BRDA:204,20,0,0
BRDA:204,20,1,0
BRDA:206,21,0,0
BRDA:206,21,1,0
BRDA:222,22,0,0
BRDA:222,22,1,0
BRDA:286,23,0,0
BRDA:286,23,1,0
BRDA:306,24,0,0
BRDA:306,24,1,0
BRDA:308,25,0,0
BRDA:308,25,1,0
BRF:52
BRH:0
end_of_record
TN:
SF:utils.defense.js
FN:2,(anonymous_0)
FN:4,(anonymous_1)
FN:9,(anonymous_2)
FN:12,(anonymous_3)
FN:15,(anonymous_4)
FN:26,(anonymous_5)
FN:28,(anonymous_6)
FN:32,(anonymous_7)
FNF:8
FNH:0
FNDA:0,(anonymous_0)
FNDA:0,(anonymous_1)
FNDA:0,(anonymous_2)
FNDA:0,(anonymous_3)
FNDA:0,(anonymous_4)
FNDA:0,(anonymous_5)
FNDA:0,(anonymous_6)
FNDA:0,(anonymous_7)
DA:1,0
DA:3,0
DA:4,0
DA:7,0
DA:8,0
DA:9,0
DA:11,0
DA:12,0
DA:15,0
DA:16,0
DA:17,0
DA:18,0
DA:19,0
DA:20,0
DA:21,0
DA:27,0
DA:28,0
DA:30,0
DA:31,0
DA:32,0
DA:35,0
DA:44,0
LF:22
LH:0
BRDA:9,0,0,0
BRDA:9,0,1,0
BRDA:9,0,2,0
BRDA:12,1,0,0
BRDA:12,1,1,0
BRDA:16,2,0,0
BRDA:16,2,1,0
BRDA:18,3,0,0
BRDA:18,3,1,0
BRDA:20,4,0,0
BRDA:20,4,1,0
BRF:11
BRH:0
end_of_record
TN:
SF:utils.emotions.js
FN:53,(anonymous_0)
FN:66,(anonymous_1)
FN:74,(anonymous_2)
FN:85,(anonymous_3)
FN:94,(anonymous_4)
FN:114,(anonymous_5)
FN:131,(anonymous_6)
FN:178,(anonymous_7)
FN:183,(anonymous_8)
FN:208,(anonymous_9)
FN:219,(anonymous_10)
FN:232,(anonymous_11)
FN:243,(anonymous_12)
FN:270,(anonymous_13)
FN:290,(anonymous_14)
FNF:15
FNH:0
FNDA:0,(anonymous_0)
FNDA:0,(anonymous_1)
FNDA:0,(anonymous_2)
FNDA:0,(anonymous_3)
FNDA:0,(anonymous_4)
FNDA:0,(anonymous_5)
FNDA:0,(anonymous_6)
FNDA:0,(anonymous_7)
FNDA:0,(anonymous_8)
FNDA:0,(anonymous_9)
FNDA:0,(anonymous_10)
FNDA:0,(anonymous_11)
FNDA:0,(anonymous_12)
FNDA:0,(anonymous_13)
FNDA:0,(anonymous_14)
DA:8,0
DA:37,0
DA:49,0
DA:50,0
DA:54,0
DA:55,0
DA:67,0
DA:68,0
DA:76,0
DA:77,0
DA:78,0
DA:79,0
DA:86,0
DA:87,0
DA:88,0
DA:95,0
DA:100,0
DA:101,0
DA:102,0
DA:105,0
DA:107,0
DA:108,0
DA:115,0
DA:117,0
DA:119,0
DA:121,0
DA:123,0
DA:125,0
DA:127,0
DA:132,0
DA:134,0
DA:136,0
DA:137,0
DA:138,0
DA:141,0
DA:142,0
DA:144,0
DA:150,0
DA:151,0
DA:152,0
DA:153,0
DA:157,0
DA:158,0
DA:159,0
DA:162,0
DA:163,0
DA:164,0
DA:165,0
DA:168,0
DA:170,0
DA:171,0
DA:174,0
DA:175,0
DA:179,0
DA:180,0
DA:184,0
DA:185,0
DA:189,0
DA:191,0
DA:197,0
DA:198,0
DA:201,0
DA:203,0
DA:204,0
DA:209,0
DA:210,0
DA:212,0
DA:213,0
DA:214,0
DA:215,0
DA:216,0
DA:220,0
DA:221,0
DA:222,0
DA:224,0
DA:225,0
DA:227,0
DA:228,0
DA:233,0
DA:234,0
DA:236,0
DA:237,0
DA:238,0
DA:239,0
DA:240,0
DA:244,0
DA:253,0
DA:254,0
DA:255,0
DA:256,0
DA:258,0
DA:259,0
DA:260,0
DA:261,0
DA:262,0
DA:264,0
DA:267,0
DA:271,0
DA:272,0
DA:273,0
DA:274,0
DA:277,0
DA:278,0
DA:280,0
DA:281,0
DA:282,0
DA:283,0
DA:284,0
DA:285,0
DA:286,0
DA:288,0
DA:289,0
DA:290,0
DA:291,0
DA:297,0
LF:115
LH:0
BRDA:54,0,0,0
BRDA:54,0,1,0
BRDA:77,1,0,0
BRDA:77,1,1,0
BRDA:78,2,0,0
BRDA:78,2,1,0
BRDA:87,3,0,0
BRDA:87,3,1,0
BRDA:95,4,0,0
BRDA:95,4,1,0
BRDA:96,5,0,0
BRDA:96,5,1,0
BRDA:96,5,2,0
BRDA:100,6,0,0
BRDA:100,6,1,0
BRDA:101,7,0,0
BRDA:101,7,1,0
BRDA:115,8,0,0
BRDA:115,8,1,0
BRDA:115,8,2,0
BRDA:115,8,3,0
BRDA:115,8,4,0
BRDA:115,8,5,0
BRDA:117,9,0,0
BRDA:117,9,1,0
BRDA:119,10,0,0
BRDA:119,10,1,0
BRDA:137,11,0,0
BRDA:137,11,1,0
BRDA:137,12,0,0
BRDA:137,12,1,0
BRDA:151,13,0,0
BRDA:151,13,1,0
BRDA:158,14,0,0
BRDA:158,14,1,0
BRDA:162,15,0,0
BRDA:162,15,1,0
BRDA:170,16,0,0
BRDA:170,16,1,0
BRDA:170,17,0,0
BRDA:170,17,1,0
BRDA:184,18,0,0
BRDA:184,18,1,0
BRDA:197,19,0,0
BRDA:197,19,1,0
BRDA:212,20,0,0
BRDA:212,20,1,0
BRDA:213,21,0,0
BRDA:213,21,1,0
BRDA:214,22,0,0
BRDA:214,22,1,0
BRDA:215,23,0,0
BRDA:215,23,1,0
BRDA:220,24,0,0
BRDA:220,24,1,0
BRDA:236,25,0,0
BRDA:236,25,1,0
BRDA:237,26,0,0
BRDA:237,26,1,0
BRDA:238,27,0,0
BRDA:238,27,1,0
BRDA:239,28,0,0
BRDA:239,28,1,0
BRDA:258,29,0,0
BRDA:258,29,1,0
BRDA:259,30,0,0
BRDA:259,30,1,0
BRDA:260,31,0,0
BRDA:260,31,1,0
BRDA:261,32,0,0
BRDA:261,32,1,0
BRDA:272,33,0,0
BRDA:272,33,1,0
BRDA:288,34,0,0
BRDA:288,34,1,0
BRF:75
BRH:0
end_of_record
TN:
SF:utils.logging.js
FN:6,(anonymous_0)
FN:18,(anonymous_1)
FN:52,(anonymous_2)
FN:56,(anonymous_3)
FN:60,(anonymous_4)
FN:64,(anonymous_5)
FN:76,(anonymous_6)
FN:81,(anonymous_7)
FN:95,(anonymous_8)
FN:107,(anonymous_9)
FN:115,(anonymous_10)
FN:119,(anonymous_11)
FN:123,(anonymous_12)
FN:129,(anonymous_13)
FN:142,(anonymous_14)
FNF:15
FNH:0
FNDA:0,(anonymous_0)
FNDA:0,(anonymous_1)
FNDA:0,(anonymous_2)
FNDA:0,(anonymous_3)
FNDA:0,(anonymous_4)
FNDA:0,(anonymous_5)
FNDA:0,(anonymous_6)
FNDA:0,(anonymous_7)
FNDA:0,(anonymous_8)
FNDA:0,(anonymous_9)
FNDA:0,(anonymous_10)
FNDA:0,(anonymous_11)
FNDA:0,(anonymous_12)
FNDA:0,(anonymous_13)
FNDA:0,(anonymous_14)
DA:4,0
DA:7,0
DA:8,0
DA:12,0
DA:13,0
DA:19,0
DA:20,0
DA:24,0
DA:25,0
DA:27,0
DA:34,0
DA:35,0
DA:39,0
DA:46,0
DA:53,0
DA:57,0
DA:61,0
DA:65,0
DA:77,0
DA:79,0
DA:85,0
DA:86,0
DA:87,0
DA:89,0
DA:96,0
DA:97,0
DA:100,0
DA:101,0
DA:102,0
DA:108,0
DA:109,0
DA:111,0
DA:116,0
DA:117,0
DA:119,0
DA:124,0
DA:125,0
DA:130,0
DA:131,0
DA:134,0
DA:142,0
DA:143,0
DA:144,0
DA:145,0
DA:146,0
DA:147,0
DA:148,0
DA:149,0
DA:150,0
DA:154,0
LF:50
LH:0
BRDA:7,0,0,0
BRDA:7,0,1,0
BRDA:12,1,0,0
BRDA:12,1,1,0
BRDA:19,2,0,0
BRDA:19,2,1,0
BRDA:34,3,0,0
BRDA:34,3,1,0
BRDA:47,4,0,0
BRDA:47,4,1,0
BRDA:77,5,0,0
BRDA:77,5,1,0
BRDA:86,6,0,0
BRDA:86,6,1,0
BRDA:107,7,0,0
BRDA:108,8,0,0
BRDA:108,8,1,0
BRDA:115,9,0,0
BRDA:116,10,0,0
BRDA:116,10,1,0
BRDA:130,11,0,0
BRDA:130,11,1,0
BRDA:143,12,0,0
BRDA:143,12,1,0
BRDA:145,13,0,0
BRDA:145,13,1,0
BRDA:147,14,0,0
BRDA:147,14,1,0
BRDA:149,15,0,0
BRDA:149,15,1,0
BRF:30
BRH:0
end_of_record
TN:
SF:utils.memory.js
FN:9,(anonymous_0)
FN:33,(anonymous_1)
FN:54,(anonymous_2)
FN:71,(anonymous_3)
FN:83,(anonymous_4)
FN:95,(anonymous_5)
FN:120,(anonymous_6)
FN:136,(anonymous_7)
FN:158,(anonymous_8)
FNF:9
FNH:0
FNDA:0,(anonymous_0)
FNDA:0,(anonymous_1)
FNDA:0,(anonymous_2)
FNDA:0,(anonymous_3)
FNDA:0,(anonymous_4)
FNDA:0,(anonymous_5)
FNDA:0,(anonymous_6)
FNDA:0,(anonymous_7)
FNDA:0,(anonymous_8)
DA:9,0
DA:11,0
DA:13,0
DA:28,0
DA:31,0
DA:34,0
DA:35,0
DA:36,0
DA:38,0
DA:43,0
DA:44,0
DA:47,0
DA:56,0
DA:57,0
DA:60,0
DA:61,0
DA:64,0
DA:65,0
DA:68,0
DA:73,0
DA:74,0
DA:77,0
DA:78,0
DA:80,0
DA:85,0
DA:86,0
DA:89,0
DA:90,0
DA:97,0
DA:98,0
DA:101,0
DA:102,0
DA:105,0
DA:106,0
DA:107,0
DA:110,0
DA:111,0
DA:116,0
DA:121,0
DA:122,0
DA:125,0
DA:127,0
DA:128,0
DA:129,0
DA:137,0
DA:138,0
DA:141,0
DA:142,0
DA:145,0
DA:147,0
DA:152,0
DA:159,0
DA:160,0
DA:161,0
DA:164,0
DA:165,0
DA:166,0
DA:169,0
LF:58
LH:0
BRDA:11,0,0,0
BRDA:11,0,1,0
BRDA:28,1,0,0
BRDA:28,1,1,0
BRDA:34,2,0,0
BRDA:34,2,1,0
BRDA:38,3,0,0
BRDA:38,3,1,0
BRDA:39,4,0,0
BRDA:39,4,1,0
BRDA:39,4,2,0
BRDA:56,5,0,0
BRDA:56,5,1,0
BRDA:56,6,0,0
BRDA:56,6,1,0
BRDA:60,7,0,0
BRDA:60,7,1,0
BRDA:64,8,0,0
BRDA:64,8,1,0
BRDA:73,9,0,0
BRDA:73,9,1,0
BRDA:73,10,0,0
BRDA:73,10,1,0
BRDA:77,11,0,0
BRDA:77,11,1,0
BRDA:85,12,0,0
BRDA:85,12,1,0
BRDA:85,13,0,0
BRDA:85,13,1,0
BRDA:89,14,0,0
BRDA:89,14,1,0
BRDA:95,15,0,0
BRDA:97,16,0,0
BRDA:97,16,1,0
BRDA:101,17,0,0
BRDA:101,17,1,0
BRDA:106,18,0,0
BRDA:106,18,1,0
BRDA:106,19,0,0
BRDA:106,19,1,0
BRDA:120,20,0,0
BRDA:121,21,0,0
BRDA:121,21,1,0
BRDA:127,22,0,0
BRDA:127,22,1,0
BRDA:127,23,0,0
BRDA:127,23,1,0
BRDA:128,24,0,0
BRDA:128,24,1,0
BRDA:136,25,0,0
BRDA:137,26,0,0
BRDA:137,26,1,0
BRDA:141,27,0,0
BRDA:141,27,1,0
BRDA:147,28,0,0
BRDA:147,28,1,0
BRDA:148,29,0,0
BRDA:148,29,1,0
BRDA:148,29,2,0
BRDA:159,30,0,0
BRDA:159,30,1,0
BRDA:159,31,0,0
BRDA:159,31,1,0
BRDA:164,32,0,0
BRDA:164,32,1,0
BRDA:164,33,0,0
BRDA:164,33,1,0
BRF:67
BRH:0
end_of_record
TN:
SF:utils.missions.js
FN:2,(anonymous_0)
FN:11,(anonymous_1)
FN:24,(anonymous_2)
FN:25,(anonymous_3)
FN:28,(anonymous_4)
FN:29,(anonymous_5)
FN:36,(anonymous_6)
FN:37,(anonymous_7)
FN:40,(anonymous_8)
FNF:9
FNH:0
FNDA:0,(anonymous_0)
FNDA:0,(anonymous_1)
FNDA:0,(anonymous_2)
FNDA:0,(anonymous_3)
FNDA:0,(anonymous_4)
FNDA:0,(anonymous_5)
FNDA:0,(anonymous_6)
FNDA:0,(anonymous_7)
FNDA:0,(anonymous_8)
DA:1,0
DA:3,0
DA:4,0
DA:12,0
DA:20,0
DA:21,0
DA:25,0
DA:29,0
DA:30,0
DA:31,0
DA:32,0
DA:37,0
DA:41,0
DA:42,0
DA:44,0
DA:45,0
DA:46,0
DA:48,0
DA:52,0
LF:19
LH:0
BRDA:3,0,0,0
BRDA:3,0,1,0
BRDA:30,1,0,0
BRDA:30,1,1,0
BRDA:48,2,0,0
BRDA:48,2,1,0
BRF:6
BRH:0
end_of_record
TN:
SF:utils.planning.js
FN:6,(anonymous_0)
FN:23,(anonymous_1)
FN:44,(anonymous_2)
FN:56,(anonymous_3)
FN:61,(anonymous_4)
FN:74,(anonymous_5)
FN:100,(anonymous_6)
FN:105,(anonymous_7)
FN:115,(anonymous_8)
FN:127,(anonymous_9)
FN:129,(anonymous_10)
FN:137,(anonymous_11)
FN:146,(anonymous_12)
FNF:13
FNH:0
FNDA:0,(anonymous_0)
FNDA:0,(anonymous_1)
FNDA:0,(anonymous_2)
FNDA:0,(anonymous_3)
FNDA:0,(anonymous_4)
FNDA:0,(anonymous_5)
FNDA:0,(anonymous_6)
FNDA:0,(anonymous_7)
FNDA:0,(anonymous_8)
FNDA:0,(anonymous_9)
FNDA:0,(anonymous_10)
FNDA:0,(anonymous_11)
FNDA:0,(anonymous_12)
DA:4,0
DA:7,0
DA:8,0
DA:11,0
DA:12,0
DA:13,0
DA:14,0
DA:19,0
DA:24,0
DA:26,0
DA:27,0
DA:28,0
DA:29,0
DA:31,0
DA:32,0
DA:34,0
DA:35,0
DA:40,0
DA:45,0
DA:46,0
DA:48,0
DA:49,0
DA:52,0
DA:53,0
DA:54,0
DA:56,0
DA:57,0
DA:60,0
DA:61,0
DA:62,0
DA:64,0
DA:65,0
DA:66,0
DA:70,0
DA:75,0
DA:76,0
DA:78,0
DA:79,0
DA:83,0
DA:84,0
DA:88,0
DA:89,0
DA:90,0
DA:96,0
DA:101,0
DA:102,0
DA:105,0
DA:106,0
DA:116,0
DA:117,0
DA:118,0
DA:120,0
DA:121,0
DA:124,0
DA:127,0
DA:128,0
DA:129,0
DA:130,0
DA:135,0
DA:136,0
DA:137,0
DA:138,0
DA:142,0
DA:147,0
DA:148,0
DA:150,0
DA:151,0
DA:153,0
DA:154,0
DA:157,0
LF:70
LH:0
BRDA:6,0,0,0
BRDA:13,1,0,0
BRDA:13,1,1,0
BRDA:24,2,0,0
BRDA:24,2,1,0
BRDA:31,3,0,0
BRDA:31,3,1,0
BRDA:31,4,0,0
BRDA:31,4,1,0
BRDA:31,4,2,0
BRDA:31,4,3,0
BRDA:34,5,0,0
BRDA:34,5,1,0
BRDA:48,6,0,0
BRDA:48,6,1,0
BRDA:48,7,0,0
BRDA:48,7,1,0
BRDA:64,8,0,0
BRDA:64,8,1,0
BRDA:88,9,0,0
BRDA:88,9,1,0
BRDA:89,10,0,0
BRDA:89,10,1,0
BRDA:100,11,0,0
BRDA:101,12,0,0
BRDA:101,12,1,0
BRDA:101,13,0,0
BRDA:101,13,1,0
BRDA:120,14,0,0
BRDA:120,14,1,0
BRDA:135,15,0,0
BRDA:135,15,1,0
BRDA:153,16,0,0
BRDA:153,16,1,0
BRF:34
BRH:0
end_of_record
TN:
SF:utils.stats.js
FN:2,(anonymous_0)
FN:17,(anonymous_1)
FN:21,(anonymous_2)
FN:25,(anonymous_3)
FN:29,(anonymous_4)
FN:33,(anonymous_5)
FN:37,(anonymous_6)
FN:41,(anonymous_7)
FN:55,(anonymous_8)
FNF:9
FNH:0
FNDA:0,(anonymous_0)
FNDA:0,(anonymous_1)
FNDA:0,(anonymous_2)
FNDA:0,(anonymous_3)
FNDA:0,(anonymous_4)
FNDA:0,(anonymous_5)
FNDA:0,(anonymous_6)
FNDA:0,(anonymous_7)
FNDA:0,(anonymous_8)
DA:1,0
DA:3,0
DA:4,0
DA:18,0
DA:22,0
DA:26,0
DA:30,0
DA:34,0
DA:38,0
DA:42,0
DA:43,0
DA:56,0
DA:57,0
DA:66,0
DA:70,0
LF:15
LH:0
BRDA:3,0,0,0
BRDA:3,0,1,0
BRF:2
BRH:0
end_of_record
TN:
SF:visual.effects.js
FN:14,isVfxEnabled
FN:26,(anonymous_1)
FN:47,(anonymous_2)
FN:86,(anonymous_3)
FN:129,(anonymous_4)
FN:159,(anonymous_5)
FN:193,(anonymous_6)
FN:242,(anonymous_7)
FN:283,(anonymous_8)
FN:307,(anonymous_9)
FN:327,(anonymous_10)
FN:347,(anonymous_11)
FN:362,(anonymous_12)
FN:382,(anonymous_13)
FNF:14
FNH:14
FNDA:53,isVfxEnabled
FNDA:4,(anonymous_1)
FNDA:3,(anonymous_2)
FNDA:4,(anonymous_3)
FNDA:4,(anonymous_4)
FNDA:6,(anonymous_5)
FNDA:5,(anonymous_6)
FNDA:2,(anonymous_7)
FNDA:5,(anonymous_8)
FNDA:2,(anonymous_9)
FNDA:4,(anonymous_10)
FNDA:3,(anonymous_11)
FNDA:4,(anonymous_12)
FNDA:7,(anonymous_13)
DA:5,1
DA:8,1
DA:9,1
DA:15,53
DA:16,1
DA:17,1
DA:19,53
DA:22,1
DA:27,4
DA:28,0
DA:30,0
DA:31,0
DA:32,0
DA:33,0
DA:34,0
DA:36,0
DA:48,3
DA:49,0
DA:50,0
DA:53,0
DA:54,0
DA:64,0
DA:65,0
DA:66,0
DA:67,0
DA:69,0
DA:77,0
DA:87,4
DA:88,0
DA:91,0
DA:100,0
DA:101,0
DA:111,0
DA:118,0
DA:130,4
DA:131,0
DA:134,0
DA:135,0
DA:136,0
DA:137,0
DA:139,0
DA:142,0
DA:150,0
DA:151,0
DA:152,0
DA:160,6
DA:161,0
DA:164,0
DA:172,0
DA:177,0
DA:183,0
DA:194,5
DA:195,0
DA:196,0
DA:197,0
DA:198,0
DA:199,0
DA:202,0
DA:209,0
DA:217,0
DA:218,0
DA:219,0
DA:220,0
DA:222,0
DA:225,0
DA:231,0
DA:243,2
DA:244,2
DA:245,0
DA:247,2
DA:249,0
DA:250,0
DA:260,0
DA:261,0
DA:264,0
DA:266,0
DA:267,0
DA:270,0
DA:271,0
DA:272,0
DA:284,5
DA:285,0
DA:287,0
DA:288,0
DA:289,0
DA:291,0
DA:298,0
DA:299,0
DA:300,0
DA:308,2
DA:309,0
DA:311,0
DA:312,0
DA:313,0
DA:314,0
DA:315,0
DA:317,0
DA:328,4
DA:329,0
DA:330,0
DA:332,0
DA:333,0
DA:334,0
DA:335,0
DA:336,0
DA:338,0
DA:348,3
DA:349,0
DA:351,0
DA:363,4
DA:364,0
DA:366,0
DA:373,0
DA:383,7
DA:384,0
DA:386,0
DA:395,0
DA:397,0
DA:401,0
DA:410,1
LF:120
LH:24
BRDA:15,0,0,1
BRDA:15,0,1,52
BRDA:15,1,0,53
BRDA:15,1,1,53
BRDA:26,2,0,0
BRDA:26,3,0,0
BRDA:27,4,0,4
BRDA:27,4,1,0
BRDA:48,5,0,3
BRDA:48,5,1,0
BRDA:87,6,0,4
BRDA:87,6,1,0
BRDA:130,7,0,4
BRDA:130,7,1,0
BRDA:134,8,0,0
BRDA:134,8,1,0
BRDA:136,9,0,0
BRDA:136,9,1,0
BRDA:150,10,0,0
BRDA:150,10,1,0
BRDA:159,11,0,3
BRDA:160,12,0,6
BRDA:160,12,1,0
BRDA:193,13,0,1
BRDA:194,14,0,5
BRDA:194,14,1,0
BRDA:198,15,0,0
BRDA:198,15,1,0
BRDA:217,16,0,0
BRDA:217,16,1,0
BRDA:219,17,0,0
BRDA:219,17,1,0
BRDA:243,18,0,2
BRDA:243,18,1,0
BRDA:244,19,0,0
BRDA:244,19,1,2
BRDA:260,20,0,0
BRDA:260,20,1,0
BRDA:266,21,0,0
BRDA:266,21,1,0
BRDA:283,22,0,1
BRDA:284,23,0,5
BRDA:284,23,1,0
BRDA:287,24,0,0
BRDA:287,24,1,0
BRDA:288,25,0,0
BRDA:288,25,1,0
BRDA:289,26,0,0
BRDA:289,26,1,0
BRDA:298,27,0,0
BRDA:298,27,1,0
BRDA:308,28,0,2
BRDA:308,28,1,0
BRDA:327,29,0,0
BRDA:328,30,0,4
BRDA:328,30,1,0
BRDA:348,31,0,3
BRDA:348,31,1,0
BRDA:352,32,0,0
BRDA:352,32,1,0
BRDA:352,33,0,0
BRDA:352,33,1,0
BRDA:362,34,0,0
BRDA:363,35,0,4
BRDA:363,35,1,0
BRDA:383,36,0,7
BRDA:383,36,1,0
BRDA:395,37,0,0
BRDA:395,37,1,0
BRF:69
BRH:21
end_of_record
