TN:
SF:auto.evolution.js
FN:19,(anonymous_0)
FN:44,(anonymous_1)
FN:66,(anonymous_2)
FN:91,(anonymous_3)
FN:109,(anonymous_4)
FN:137,(anonymous_5)
FN:163,(anonymous_6)
FN:172,(anonymous_7)
FN:199,(anonymous_8)
FN:245,(anonymous_9)
FN:263,(anonymous_10)
FN:278,(anonymous_11)
FN:292,(anonymous_12)
FN:303,(anonymous_13)
FN:330,(anonymous_14)
FN:335,(anonymous_15)
FN:363,(anonymous_16)
FN:402,(anonymous_17)
FN:416,(anonymous_18)
FN:430,(anonymous_19)
FN:437,(anonymous_20)
FN:452,(anonymous_21)
FN:495,(anonymous_22)
FNF:23
FNH:17
FNDA:10,(anonymous_0)
FNDA:1,(anonymous_1)
FNDA:1,(anonymous_2)
FNDA:0,(anonymous_3)
FNDA:2,(anonymous_4)
FNDA:3,(anonymous_5)
FNDA:2,(anonymous_6)
FNDA:0,(anonymous_7)
FNDA:0,(anonymous_8)
FNDA:1,(anonymous_9)
FNDA:1,(anonymous_10)
FNDA:1,(anonymous_11)
FNDA:1,(anonymous_12)
FNDA:33,(anonymous_13)
FNDA:90,(anonymous_14)
FNDA:0,(anonymous_15)
FNDA:90,(anonymous_16)
FNDA:1,(anonymous_17)
FNDA:0,(anonymous_18)
FNDA:1,(anonymous_19)
FNDA:182,(anonymous_20)
FNDA:0,(anonymous_21)
FNDA:1,(anonymous_22)
DA:11,3
DA:12,3
DA:13,3
DA:15,3
DA:20,10
DA:21,10
DA:45,1
DA:48,1
DA:49,0
DA:53,1
DA:54,0
DA:57,1
DA:60,1
DA:67,1
DA:69,1
DA:71,1
DA:72,1
DA:73,1
DA:74,1
DA:75,1
DA:78,0
DA:79,0
DA:80,0
DA:81,0
DA:83,0
DA:84,0
DA:87,0
DA:88,0
DA:89,0
DA:90,0
DA:91,0
DA:92,0
DA:95,0
DA:96,0
DA:99,0
DA:100,0
DA:101,0
DA:102,0
DA:110,2
DA:111,2
DA:112,1
DA:113,1
DA:114,1
DA:118,2
DA:131,2
DA:138,3
DA:139,3
DA:140,3
DA:142,3
DA:143,2
DA:144,2
DA:145,2
DA:147,2
DA:148,0
DA:152,3
DA:164,2
DA:172,2
DA:173,0
DA:174,0
DA:175,0
DA:176,0
DA:179,2
DA:180,1
DA:182,1
DA:183,0
DA:185,1
DA:186,0
DA:189,1
DA:190,1
DA:193,2
DA:200,0
DA:202,0
DA:203,0
DA:204,0
DA:205,0
DA:208,0
DA:210,0
DA:211,0
DA:212,0
DA:213,0
DA:217,0
DA:219,0
DA:220,0
DA:228,0
DA:229,0
DA:236,0
DA:239,0
DA:246,1
DA:247,1
DA:256,1
DA:264,1
DA:265,1
DA:266,0
DA:279,1
DA:280,0
DA:293,1
DA:294,1
DA:295,1
DA:296,1
DA:297,1
DA:304,33
DA:307,33
DA:308,10
DA:311,23
DA:313,23
DA:314,91
DA:315,1
DA:316,1
DA:320,23
DA:321,22
DA:322,22
DA:323,22
DA:331,90
DA:332,0
DA:335,90
DA:336,0
DA:339,90
DA:341,90
DA:343,90
DA:351,90
DA:352,10
DA:355,90
DA:357,90
DA:364,90
DA:366,90
DA:368,0
DA:369,0
DA:372,0
DA:373,0
DA:376,0
DA:377,0
DA:380,90
DA:383,90
DA:391,90
DA:392,50
DA:395,90
DA:396,90
DA:403,1
DA:405,1
DA:406,0
DA:407,0
DA:408,0
DA:410,0
DA:417,0
DA:431,1
DA:438,182
DA:446,182
DA:453,0
DA:454,0
DA:456,0
DA:457,0
DA:458,0
DA:459,0
DA:460,0
DA:461,0
DA:463,0
DA:464,0
DA:465,0
DA:466,0
DA:467,0
DA:468,0
DA:472,0
DA:473,0
DA:474,0
DA:475,0
DA:476,0
DA:477,0
DA:481,0
DA:482,0
DA:483,0
DA:484,0
DA:485,0
DA:486,0
DA:487,0
DA:496,1
DA:497,1
DA:501,3
LF:177
LH:91
BRDA:20,0,0,10
BRDA:20,0,1,0
BRDA:48,1,0,0
BRDA:48,1,1,1
BRDA:53,2,0,0
BRDA:53,2,1,1
BRDA:69,3,0,1
BRDA:69,3,1,0
BRDA:69,3,2,0
BRDA:69,3,3,0
BRDA:79,4,0,0
BRDA:79,4,1,0
BRDA:88,5,0,0
BRDA:88,5,1,0
BRDA:113,6,0,1
BRDA:113,6,1,0
BRDA:113,7,0,1
BRDA:113,7,1,1
BRDA:119,8,0,1
BRDA:119,8,1,1
BRDA:147,9,0,0
BRDA:147,9,1,2
BRDA:148,10,0,0
BRDA:148,10,1,0
BRDA:156,11,0,1
BRDA:156,11,1,2
BRDA:174,12,0,0
BRDA:174,12,1,0
BRDA:175,13,0,0
BRDA:175,13,1,0
BRDA:176,14,0,0
BRDA:176,14,1,0
BRDA:182,15,0,0
BRDA:182,15,1,1
BRDA:185,16,0,0
BRDA:185,16,1,1
BRDA:204,17,0,0
BRDA:204,17,1,0
BRDA:204,18,0,0
BRDA:204,18,1,0
BRDA:212,19,0,0
BRDA:212,19,1,0
BRDA:219,20,0,0
BRDA:219,20,1,0
BRDA:228,21,0,0
BRDA:228,21,1,0
BRDA:246,22,0,1
BRDA:246,22,1,0
BRDA:264,23,0,1
BRDA:264,23,1,1
BRDA:279,24,0,0
BRDA:279,24,1,1
BRDA:279,25,0,1
BRDA:279,25,1,0
BRDA:307,26,0,10
BRDA:307,26,1,23
BRDA:314,27,0,1
BRDA:314,27,1,90
BRDA:314,28,0,91
BRDA:314,28,1,1
BRDA:320,29,0,22
BRDA:320,29,1,1
BRDA:331,30,0,0
BRDA:331,30,1,90
BRDA:351,31,0,10
BRDA:351,31,1,80
BRDA:366,32,0,0
BRDA:366,32,1,0
BRDA:366,32,2,0
BRDA:366,32,3,90
BRDA:391,33,0,50
BRDA:391,33,1,40
BRDA:405,34,0,1
BRDA:405,34,1,0
BRDA:406,35,0,0
BRDA:406,35,1,0
BRDA:407,36,0,0
BRDA:407,36,1,0
BRDA:408,37,0,0
BRDA:408,37,1,0
BRDA:421,38,0,0
BRDA:421,38,1,0
BRDA:423,39,0,0
BRDA:423,39,1,0
BRDA:446,40,0,182
BRDA:446,40,1,181
BRDA:463,41,0,0
BRDA:463,41,1,0
BRDA:472,42,0,0
BRDA:472,42,1,0
BRDA:481,43,0,0
BRDA:481,43,1,0
BRF:92
BRH:36
end_of_record
TN:
SF:daily-challenge.js
FN:5,(anonymous_0)
FN:63,(anonymous_1)
FN:78,(anonymous_2)
FNF:3
FNH:3
FNDA:14,(anonymous_0)
FNDA:4,(anonymous_1)
FNDA:1,(anonymous_2)
DA:4,4
DA:6,14
DA:8,14
DA:9,6
DA:47,6
DA:50,6
DA:52,6
DA:60,14
DA:64,4
DA:66,4
DA:67,3
DA:69,3
DA:70,3
DA:71,3
DA:79,1
DA:80,1
DA:81,1
DA:83,1
DA:84,1
DA:85,1
DA:87,1
DA:88,0
LF:22
LH:21
BRDA:8,0,0,6
BRDA:8,0,1,8
BRDA:8,1,0,14
BRDA:8,1,1,8
BRDA:66,2,0,3
BRDA:66,2,1,1
BRDA:66,3,0,4
BRDA:66,3,1,3
BRDA:69,4,0,3
BRDA:69,4,1,0
BRDA:87,5,0,0
BRDA:87,5,1,1
BRF:12
BRH:10
end_of_record
TN:
SF:defense.manager.js
FN:6,(anonymous_0)
FN:13,(anonymous_1)
FN:16,(anonymous_2)
FN:26,(anonymous_3)
FN:30,(anonymous_4)
FN:33,(anonymous_5)
FN:45,(anonymous_6)
FN:55,(anonymous_7)
FN:65,(anonymous_8)
FN:78,(anonymous_9)
FN:81,(anonymous_10)
FN:99,(anonymous_11)
FN:104,(anonymous_12)
FN:114,(anonymous_13)
FN:123,(anonymous_14)
FN:127,(anonymous_15)
FN:178,(anonymous_16)
FN:221,(anonymous_17)
FN:224,(anonymous_18)
FN:227,(anonymous_19)
FNF:20
FNH:11
FNDA:0,(anonymous_0)
FNDA:1,(anonymous_1)
FNDA:0,(anonymous_2)
FNDA:0,(anonymous_3)
FNDA:0,(anonymous_4)
FNDA:0,(anonymous_5)
FNDA:0,(anonymous_6)
FNDA:0,(anonymous_7)
FNDA:2,(anonymous_8)
FNDA:1,(anonymous_9)
FNDA:3,(anonymous_10)
FNDA:1,(anonymous_11)
FNDA:1,(anonymous_12)
FNDA:1,(anonymous_13)
FNDA:0,(anonymous_14)
FNDA:3,(anonymous_15)
FNDA:1,(anonymous_16)
FNDA:1,(anonymous_17)
FNDA:1,(anonymous_18)
FNDA:0,(anonymous_19)
DA:4,2
DA:7,0
DA:8,0
DA:9,0
DA:15,1
DA:16,1
DA:18,1
DA:19,1
DA:23,0
DA:24,0
DA:26,0
DA:29,0
DA:30,0
DA:33,0
DA:35,0
DA:36,0
DA:37,0
DA:38,0
DA:39,0
DA:44,0
DA:45,0
DA:46,0
DA:47,0
DA:48,0
DA:53,0
DA:54,0
DA:55,0
DA:57,0
DA:58,0
DA:67,2
DA:69,2
DA:70,1
DA:71,0
DA:73,1
DA:77,1
DA:78,1
DA:79,1
DA:80,1
DA:81,3
DA:83,1
DA:86,1
DA:89,1
DA:90,0
DA:91,1
DA:92,1
DA:95,1
DA:100,1
DA:103,1
DA:104,1
DA:107,1
DA:109,1
DA:112,1
DA:113,1
DA:114,1
DA:117,1
DA:118,1
DA:123,1
DA:128,3
DA:129,3
DA:131,3
DA:134,3
DA:136,0
DA:155,3
DA:157,0
DA:158,3
DA:160,2
DA:162,1
DA:165,2
DA:166,2
DA:170,2
DA:171,2
DA:174,2
DA:180,1
DA:181,1
DA:183,1
DA:185,1
DA:186,0
DA:192,1
DA:193,0
DA:197,1
DA:198,0
DA:202,0
DA:203,0
DA:204,0
DA:205,0
DA:208,0
DA:212,0
DA:213,0
DA:223,1
DA:224,1
DA:226,1
DA:227,1
DA:229,1
DA:231,1
DA:232,1
DA:236,2
LF:96
LH:58
BRDA:15,0,0,1
BRDA:15,0,1,1
BRDA:18,1,0,1
BRDA:18,1,1,0
BRDA:23,2,0,0
BRDA:23,2,1,0
BRDA:24,3,0,0
BRDA:24,3,1,0
BRDA:30,4,0,0
BRDA:30,4,1,0
BRDA:35,5,0,0
BRDA:35,5,1,0
BRDA:37,6,0,0
BRDA:37,6,1,0
BRDA:44,7,0,0
BRDA:44,7,1,0
BRDA:46,8,0,0
BRDA:46,8,1,0
BRDA:53,9,0,0
BRDA:53,9,1,0
BRDA:55,10,0,0
BRDA:55,10,1,0
BRDA:57,11,0,0
BRDA:57,11,1,0
BRDA:67,12,0,2
BRDA:67,12,1,0
BRDA:69,13,0,1
BRDA:69,13,1,1
BRDA:70,14,0,0
BRDA:70,14,1,1
BRDA:81,15,0,3
BRDA:81,15,1,1
BRDA:81,15,2,1
BRDA:89,16,0,0
BRDA:89,16,1,1
BRDA:91,17,0,1
BRDA:91,17,1,0
BRDA:100,18,0,1
BRDA:100,18,1,0
BRDA:103,19,0,1
BRDA:103,19,1,0
BRDA:109,20,0,1
BRDA:109,20,1,0
BRDA:109,21,0,1
BRDA:109,21,1,1
BRDA:112,22,0,1
BRDA:112,22,1,0
BRDA:114,23,0,1
BRDA:114,23,1,1
BRDA:117,24,0,1
BRDA:117,24,1,0
BRDA:134,25,0,0
BRDA:134,25,1,3
BRDA:134,26,0,3
BRDA:134,26,1,0
BRDA:155,27,0,0
BRDA:155,27,1,3
BRDA:158,28,0,2
BRDA:158,28,1,1
BRDA:170,29,0,2
BRDA:170,29,1,0
BRDA:180,30,0,1
BRDA:180,30,1,0
BRDA:183,31,0,1
BRDA:183,31,1,0
BRDA:185,32,0,0
BRDA:185,32,1,1
BRDA:192,33,0,0
BRDA:192,33,1,1
BRDA:197,34,0,0
BRDA:197,34,1,1
BRDA:202,35,0,0
BRDA:202,35,1,0
BRDA:204,36,0,0
BRDA:204,36,1,0
BRDA:212,37,0,0
BRDA:212,37,1,0
BRDA:223,38,0,1
BRDA:223,38,1,0
BRDA:226,39,0,1
BRDA:226,39,1,0
BRDA:229,40,0,1
BRDA:229,40,1,1
BRF:83
BRH:36
end_of_record
TN:
SF:deploy.js
FN:14,validateToken
FN:45,validateFilePath
FN:90,deployTo
FN:91,(anonymous_3)
FN:118,(anonymous_4)
FN:120,(anonymous_5)
FN:123,(anonymous_6)
FN:150,(anonymous_7)
FN:157,(anonymous_8)
FN:167,(anonymous_9)
FNF:10
FNH:0
FNDA:0,validateToken
FNDA:0,validateFilePath
FNDA:0,deployTo
FNDA:0,(anonymous_3)
FNDA:0,(anonymous_4)
FNDA:0,(anonymous_5)
FNDA:0,(anonymous_6)
FNDA:0,(anonymous_7)
FNDA:0,(anonymous_8)
FNDA:0,(anonymous_9)
DA:7,0
DA:8,0
DA:10,0
DA:11,0
DA:15,0
DA:16,0
DA:19,0
DA:20,0
DA:21,0
DA:23,0
DA:27,0
DA:28,0
DA:30,0
DA:31,0
DA:32,0
DA:33,0
DA:34,0
DA:37,0
DA:38,0
DA:40,0
DA:41,0
DA:46,0
DA:47,0
DA:50,0
DA:51,0
DA:55,0
DA:56,0
DA:59,0
DA:63,0
DA:64,0
DA:73,0
DA:74,0
DA:75,0
DA:77,0
DA:78,0
DA:79,0
DA:82,0
DA:83,0
DA:84,0
DA:88,0
DA:91,0
DA:92,0
DA:93,0
DA:94,0
DA:97,0
DA:98,0
DA:99,0
DA:100,0
DA:103,0
DA:117,0
DA:118,0
DA:119,0
DA:120,0
DA:121,0
DA:123,0
DA:124,0
DA:125,0
DA:126,0
DA:127,0
DA:128,0
DA:129,0
DA:132,0
DA:133,0
DA:134,0
DA:137,0
DA:138,0
DA:139,0
DA:142,0
DA:143,0
DA:144,0
DA:150,0
DA:152,0
DA:153,0
DA:154,0
DA:157,0
DA:158,0
DA:159,0
DA:162,0
DA:163,0
DA:167,0
DA:168,0
DA:169,0
DA:170,0
DA:171,0
DA:174,0
DA:175,0
DA:176,0
LF:87
LH:0
BRDA:15,0,0,0
BRDA:15,0,1,0
BRDA:20,1,0,0
BRDA:20,1,1,0
BRDA:30,2,0,0
BRDA:30,2,1,0
BRDA:30,3,0,0
BRDA:30,3,1,0
BRDA:37,4,0,0
BRDA:37,4,1,0
BRDA:40,5,0,0
BRDA:40,5,1,0
BRDA:50,6,0,0
BRDA:50,6,1,0
BRDA:55,7,0,0
BRDA:55,7,1,0
BRDA:92,8,0,0
BRDA:92,8,1,0
BRDA:98,9,0,0
BRDA:98,9,1,0
BRDA:127,10,0,0
BRDA:127,10,1,0
BRDA:137,11,0,0
BRDA:137,11,1,0
BRF:24
BRH:0
end_of_record
TN:
SF:gamification.js
FN:13,(anonymous_0)
FN:32,(anonymous_1)
FN:47,(anonymous_2)
FN:69,(anonymous_3)
FN:90,(anonymous_4)
FN:131,(anonymous_5)
FN:155,(anonymous_6)
FN:171,(anonymous_7)
FN:185,(anonymous_8)
FN:206,(anonymous_9)
FN:215,(anonymous_10)
FN:300,(anonymous_11)
FN:338,(anonymous_12)
FNF:13
FNH:9
FNDA:23,(anonymous_0)
FNDA:2,(anonymous_1)
FNDA:2,(anonymous_2)
FNDA:0,(anonymous_3)
FNDA:15,(anonymous_4)
FNDA:4,(anonymous_5)
FNDA:3,(anonymous_6)
FNDA:7,(anonymous_7)
FNDA:0,(anonymous_8)
FNDA:0,(anonymous_9)
FNDA:1,(anonymous_10)
FNDA:1,(anonymous_11)
FNDA:0,(anonymous_12)
DA:5,3
DA:6,3
DA:7,3
DA:9,3
DA:14,23
DA:15,2
DA:33,2
DA:34,2
DA:36,2
DA:37,2
DA:39,2
DA:41,2
DA:48,2
DA:50,2
DA:51,0
DA:52,0
DA:53,0
DA:55,0
DA:57,0
DA:58,0
DA:59,0
DA:62,0
DA:70,0
DA:71,0
DA:73,0
DA:74,0
DA:76,0
DA:78,0
DA:79,0
DA:80,0
DA:83,0
DA:91,15
DA:94,15
DA:95,1
DA:97,14
DA:99,14
DA:101,14
DA:102,1
DA:104,13
DA:110,13
DA:112,13
DA:113,1
DA:115,12
DA:118,13
DA:120,13
DA:121,0
DA:122,0
DA:125,13
DA:132,4
DA:134,4
DA:135,4
DA:137,4
DA:138,3
DA:139,2
DA:141,1
DA:144,3
DA:146,3
DA:147,1
DA:156,3
DA:157,3
DA:159,3
DA:160,3
DA:161,3
DA:163,3
DA:164,3
DA:165,3
DA:172,7
DA:174,7
DA:175,6
DA:176,5
DA:177,4
DA:178,3
DA:179,2
DA:186,0
DA:187,0
DA:189,0
DA:190,0
DA:191,0
DA:200,0
DA:201,0
DA:202,0
DA:204,0
DA:205,0
DA:206,0
DA:207,0
DA:216,1
DA:217,1
DA:219,1
DA:220,1
DA:221,1
DA:224,0
DA:225,0
DA:226,0
DA:228,0
DA:235,0
DA:242,0
DA:250,0
DA:252,0
DA:260,0
DA:268,0
DA:269,0
DA:279,0
DA:280,0
DA:287,0
DA:294,0
DA:301,1
DA:303,1
DA:304,1
DA:305,1
DA:306,0
DA:308,1
DA:311,0
DA:312,0
DA:313,0
DA:316,0
DA:317,0
DA:318,0
DA:319,0
DA:321,0
DA:324,0
DA:325,0
DA:326,0
DA:329,0
DA:330,0
DA:331,0
DA:339,0
DA:340,0
DA:344,3
LF:128
LH:65
BRDA:14,0,0,2
BRDA:14,0,1,21
BRDA:33,1,0,2
BRDA:33,1,1,0
BRDA:39,2,0,2
BRDA:39,2,1,0
BRDA:58,3,0,0
BRDA:58,3,1,0
BRDA:70,4,0,0
BRDA:70,4,1,0
BRDA:73,5,0,0
BRDA:73,5,1,0
BRDA:79,6,0,0
BRDA:79,6,1,0
BRDA:94,7,0,1
BRDA:94,7,1,14
BRDA:99,8,0,14
BRDA:99,8,1,0
BRDA:101,9,0,1
BRDA:101,9,1,13
BRDA:112,10,0,1
BRDA:112,10,1,12
BRDA:120,11,0,0
BRDA:120,11,1,13
BRDA:137,12,0,3
BRDA:137,12,1,1
BRDA:138,13,0,2
BRDA:138,13,1,1
BRDA:146,14,0,1
BRDA:146,14,1,2
BRDA:159,15,0,1
BRDA:159,15,1,2
BRDA:160,16,0,0
BRDA:160,16,1,3
BRDA:161,17,0,0
BRDA:161,17,1,3
BRDA:163,18,0,1
BRDA:163,18,1,2
BRDA:164,19,0,0
BRDA:164,19,1,3
BRDA:165,20,0,0
BRDA:165,20,1,3
BRDA:172,21,0,7
BRDA:172,21,1,1
BRDA:174,22,0,1
BRDA:174,22,1,6
BRDA:175,23,0,1
BRDA:175,23,1,5
BRDA:176,24,0,1
BRDA:176,24,1,4
BRDA:177,25,0,1
BRDA:177,25,1,3
BRDA:178,26,0,1
BRDA:178,26,1,2
BRDA:204,27,0,0
BRDA:204,27,1,0
BRDA:220,28,0,1
BRDA:220,28,1,0
BRDA:268,29,0,0
BRDA:268,29,1,0
BRDA:301,30,0,1
BRDA:301,30,1,0
BRDA:301,30,2,0
BRDA:301,30,3,0
BRDA:301,30,4,0
BRDA:305,31,0,0
BRDA:305,31,1,1
BRDA:305,32,0,1
BRDA:305,32,1,1
BRDA:318,33,0,0
BRDA:318,33,1,0
BRDA:318,34,0,0
BRDA:318,34,1,0
BRF:73
BRH:43
end_of_record
TN:
SF:main.js
FN:58,runCreepLogic
FN:109,runDefenseLogic
FN:113,handlePeriodicTasks
FN:156,processCreeps
FN:185,handleSpawning
FN:252,handleDefenseAndDashboard
FN:275,displayStats
FN:323,(anonymous_7)
FN:376,getBodyForRole
FN:423,(anonymous_9)
FNF:10
FNH:5
FNDA:0,runCreepLogic
FNDA:0,runDefenseLogic
FNDA:1,handlePeriodicTasks
FNDA:1,processCreeps
FNDA:0,handleSpawning
FNDA:1,handleDefenseAndDashboard
FNDA:1,displayStats
FNDA:1,(anonymous_7)
FNDA:0,getBodyForRole
FNDA:0,(anonymous_9)
DA:4,1
DA:5,1
DA:6,1
DA:7,1
DA:8,1
DA:9,1
DA:10,1
DA:11,1
DA:12,1
DA:13,1
DA:14,1
DA:15,1
DA:16,1
DA:17,1
DA:18,1
DA:19,1
DA:20,1
DA:21,1
DA:22,1
DA:26,1
DA:33,1
DA:44,1
DA:60,0
DA:61,0
DA:65,0
DA:67,0
DA:68,0
DA:70,0
DA:71,0
DA:73,0
DA:74,0
DA:76,0
DA:77,0
DA:79,0
DA:80,0
DA:82,0
DA:84,0
DA:85,0
DA:87,0
DA:89,0
DA:90,0
DA:92,0
DA:94,0
DA:95,0
DA:97,0
DA:99,0
DA:100,0
DA:102,0
DA:110,0
DA:114,1
DA:115,1
DA:116,1
DA:117,1
DA:119,1
DA:120,0
DA:123,1
DA:124,1
DA:127,1
DA:128,1
DA:129,1
DA:132,1
DA:133,1
DA:134,1
DA:136,1
DA:137,0
DA:139,1
DA:140,0
DA:144,1
DA:145,1
DA:146,1
DA:148,1
DA:151,1
DA:152,0
DA:157,1
DA:158,1
DA:159,0
DA:160,0
DA:162,0
DA:163,0
DA:164,0
DA:165,0
DA:166,0
DA:170,0
DA:172,0
DA:173,0
DA:175,0
DA:176,0
DA:178,0
DA:182,1
DA:186,0
DA:187,0
DA:188,0
DA:189,0
DA:196,0
DA:197,0
DA:199,0
DA:200,0
DA:208,0
DA:209,0
DA:212,0
DA:215,0
DA:216,0
DA:217,0
DA:219,0
DA:220,0
DA:221,0
DA:223,0
DA:224,0
DA:226,0
DA:227,0
DA:228,0
DA:230,0
DA:232,0
DA:233,0
DA:234,0
DA:236,0
DA:237,0
DA:240,0
DA:241,0
DA:242,0
DA:243,0
DA:247,0
DA:253,1
DA:254,1
DA:255,0
DA:256,0
DA:257,0
DA:258,0
DA:261,0
DA:262,0
DA:264,0
DA:265,0
DA:267,0
DA:276,1
DA:277,1
DA:278,1
DA:280,1
DA:286,1
DA:287,1
DA:296,1
DA:298,1
DA:299,1
DA:300,1
DA:301,0
DA:305,1
DA:306,1
DA:307,1
DA:315,1
DA:316,1
DA:317,1
DA:318,1
DA:323,1
DA:324,1
DA:325,1
DA:326,1
DA:328,1
DA:329,0
DA:330,0
DA:331,0
DA:332,0
DA:335,1
DA:337,1
DA:338,1
DA:339,1
DA:340,1
DA:342,1
DA:344,1
DA:346,1
DA:347,0
DA:348,0
DA:351,1
DA:352,1
DA:353,1
DA:354,0
DA:355,0
DA:356,0
DA:362,1
DA:364,1
DA:365,1
DA:368,0
DA:369,0
DA:370,0
DA:371,0
DA:377,0
DA:378,0
DA:379,0
DA:381,0
DA:382,0
DA:385,0
DA:393,1
DA:394,1
DA:397,1
DA:398,1
DA:401,1
DA:402,1
DA:403,1
DA:404,1
DA:405,1
DA:406,1
DA:407,1
DA:408,1
DA:411,1
DA:412,1
DA:415,1
DA:416,1
DA:419,1
DA:420,1
DA:423,1
DA:424,0
DA:425,0
DA:426,0
DA:427,0
DA:428,0
DA:429,0
DA:430,0
DA:431,0
DA:432,0
DA:433,0
DA:434,0
DA:435,0
DA:436,0
DA:437,0
DA:438,0
DA:439,0
DA:442,1
DA:443,0
DA:444,0
LF:227
LH:103
BRDA:60,0,0,0
BRDA:60,0,1,0
BRDA:65,1,0,0
BRDA:65,1,1,0
BRDA:65,1,2,0
BRDA:65,1,3,0
BRDA:65,1,4,0
BRDA:65,1,5,0
BRDA:65,1,6,0
BRDA:65,1,7,0
BRDA:65,1,8,0
BRDA:79,2,0,0
BRDA:79,2,1,0
BRDA:84,3,0,0
BRDA:84,3,1,0
BRDA:89,4,0,0
BRDA:89,4,1,0
BRDA:94,5,0,0
BRDA:94,5,1,0
BRDA:99,6,0,0
BRDA:99,6,1,0
BRDA:119,7,0,0
BRDA:119,7,1,1
BRDA:119,8,0,1
BRDA:119,8,1,0
BRDA:123,9,0,1
BRDA:123,9,1,0
BRDA:127,10,0,1
BRDA:127,10,1,0
BRDA:132,11,0,1
BRDA:132,11,1,0
BRDA:133,12,0,1
BRDA:133,12,1,0
BRDA:136,13,0,0
BRDA:136,13,1,1
BRDA:139,14,0,0
BRDA:139,14,1,1
BRDA:144,15,0,1
BRDA:144,15,1,0
BRDA:145,16,0,1
BRDA:145,16,1,0
BRDA:151,17,0,0
BRDA:151,17,1,1
BRDA:151,18,0,1
BRDA:151,18,1,1
BRDA:162,19,0,0
BRDA:162,19,1,0
BRDA:165,20,0,0
BRDA:165,20,1,0
BRDA:170,21,0,0
BRDA:170,21,1,0
BRDA:172,22,0,0
BRDA:172,22,1,0
BRDA:186,23,0,0
BRDA:186,23,1,0
BRDA:197,24,0,0
BRDA:197,24,1,0
BRDA:208,25,0,0
BRDA:208,25,1,0
BRDA:208,26,0,0
BRDA:208,26,1,0
BRDA:216,27,0,0
BRDA:216,27,1,0
BRDA:219,28,0,0
BRDA:219,28,1,0
BRDA:223,29,0,0
BRDA:223,29,1,0
BRDA:226,30,0,0
BRDA:226,30,1,0
BRDA:227,31,0,0
BRDA:227,31,1,0
BRDA:233,32,0,0
BRDA:233,32,1,0
BRDA:236,33,0,0
BRDA:236,33,1,0
BRDA:241,34,0,0
BRDA:241,34,1,0
BRDA:242,35,0,0
BRDA:242,35,1,0
BRDA:253,36,0,1
BRDA:253,36,1,0
BRDA:256,37,0,0
BRDA:256,37,1,0
BRDA:256,38,0,0
BRDA:256,38,1,0
BRDA:257,39,0,0
BRDA:257,39,1,0
BRDA:261,40,0,0
BRDA:261,40,1,0
BRDA:298,41,0,1
BRDA:298,41,1,0
BRDA:300,42,0,0
BRDA:300,42,1,1
BRDA:305,43,0,1
BRDA:305,43,1,0
BRDA:315,44,0,1
BRDA:315,44,1,0
BRDA:317,45,0,1
BRDA:317,45,1,0
BRDA:328,46,0,0
BRDA:328,46,1,1
BRDA:328,47,0,1
BRDA:328,47,1,1
BRDA:342,48,0,1
BRDA:342,48,1,0
BRDA:351,49,0,1
BRDA:351,49,1,0
BRDA:351,50,0,1
BRDA:351,50,1,1
BRDA:355,51,0,0
BRDA:355,51,1,0
BRDA:364,52,0,1
BRDA:364,52,1,0
BRDA:369,53,0,0
BRDA:369,53,1,0
BRDA:377,54,0,0
BRDA:377,54,1,0
BRDA:381,55,0,0
BRDA:381,55,1,0
BRDA:442,56,0,0
BRDA:442,56,1,1
BRF:121
BRH:28
end_of_record
TN:
SF:memory.visualizer.js
FN:19,(anonymous_0)
FN:41,(anonymous_1)
FN:70,(anonymous_2)
FN:73,(anonymous_3)
FN:83,(anonymous_4)
FN:93,(anonymous_5)
FN:106,(anonymous_6)
FN:118,(anonymous_7)
FN:124,(anonymous_8)
FN:136,(anonymous_9)
FN:148,(anonymous_10)
FN:166,(anonymous_11)
FN:171,(anonymous_12)
FN:175,(anonymous_13)
FN:186,(anonymous_14)
FN:200,(anonymous_15)
FN:228,(anonymous_16)
FN:237,(anonymous_17)
FN:247,(anonymous_18)
FN:256,(anonymous_19)
FN:272,(anonymous_20)
FN:301,(anonymous_21)
FN:324,(anonymous_22)
FN:364,(anonymous_23)
FN:386,(anonymous_24)
FNF:25
FNH:24
FNDA:1,(anonymous_0)
FNDA:1,(anonymous_1)
FNDA:0,(anonymous_2)
FNDA:1,(anonymous_3)
FNDA:5,(anonymous_4)
FNDA:2,(anonymous_5)
FNDA:1,(anonymous_6)
FNDA:1,(anonymous_7)
FNDA:1,(anonymous_8)
FNDA:5,(anonymous_9)
FNDA:1,(anonymous_10)
FNDA:1,(anonymous_11)
FNDA:1,(anonymous_12)
FNDA:2,(anonymous_13)
FNDA:3,(anonymous_14)
FNDA:3,(anonymous_15)
FNDA:2,(anonymous_16)
FNDA:1,(anonymous_17)
FNDA:172,(anonymous_18)
FNDA:171,(anonymous_19)
FNDA:3430,(anonymous_20)
FNDA:1,(anonymous_21)
FNDA:1,(anonymous_22)
FNDA:3,(anonymous_23)
FNDA:1,(anonymous_24)
DA:5,4
DA:11,4
DA:12,4
DA:13,4
DA:15,4
DA:20,1
DA:28,1
DA:29,1
DA:30,1
DA:31,1
DA:32,1
DA:33,1
DA:35,1
DA:42,1
DA:44,1
DA:45,2
DA:49,1
DA:57,1
DA:58,0
DA:62,0
DA:70,1
DA:72,1
DA:73,1
DA:74,1
DA:77,1
DA:84,5
DA:85,4
DA:94,2
DA:96,2
DA:97,0
DA:100,2
DA:107,1
DA:111,2
DA:113,2
DA:114,0
DA:119,1
DA:121,1
DA:123,1
DA:124,1
DA:125,1
DA:130,1
DA:137,5
DA:138,3
DA:149,1
DA:151,1
DA:152,0
DA:155,1
DA:156,0
DA:159,1
DA:160,1
DA:163,1
DA:167,1
DA:169,1
DA:170,1
DA:171,1
DA:174,1
DA:175,1
DA:176,2
DA:177,2
DA:180,1
DA:188,3
DA:189,0
DA:192,3
DA:193,2
DA:202,3
DA:203,1
DA:206,2
DA:208,2
DA:209,0
DA:213,2
DA:215,2
DA:220,2
DA:222,2
DA:223,2
DA:224,0
DA:230,2
DA:231,1
DA:232,1
DA:235,1
DA:236,1
DA:237,1
DA:238,1
DA:241,1
DA:248,172
DA:249,1
DA:258,171
DA:259,1
DA:262,170
DA:264,170
DA:265,170
DA:266,0
DA:270,170
DA:271,170
DA:272,70
DA:273,3430
DA:275,70
DA:278,170
DA:291,170
DA:292,170
DA:295,170
DA:296,10
DA:302,1
DA:304,1
DA:305,1
DA:307,1
DA:308,2
DA:312,1
DA:313,1
DA:314,1
DA:325,1
DA:327,1
DA:329,1
DA:330,1
DA:331,1
DA:336,1
DA:337,1
DA:342,1
DA:343,0
DA:344,0
DA:348,0
DA:349,0
DA:350,0
DA:351,0
DA:357,1
DA:358,1
DA:365,3
DA:366,2
DA:369,3
DA:370,3
DA:372,3
DA:377,3
DA:379,3
DA:380,0
DA:383,3
DA:387,1
DA:388,0
DA:389,0
DA:392,1
DA:393,1
DA:394,0
DA:395,0
DA:398,1
DA:400,1
DA:401,4
DA:404,1
DA:405,1
DA:406,1
DA:409,1
DA:411,1
DA:412,1
DA:416,4
LF:151
LH:130
BRDA:22,0,0,1
BRDA:22,0,1,0
BRDA:23,1,0,1
BRDA:23,1,1,0
BRDA:24,2,0,1
BRDA:24,2,1,0
BRDA:25,3,0,1
BRDA:25,3,1,0
BRDA:41,4,0,1
BRDA:45,5,0,1
BRDA:45,5,1,1
BRDA:46,6,0,2
BRDA:46,6,1,1
BRDA:58,7,0,0
BRDA:58,7,1,0
BRDA:59,8,0,0
BRDA:59,8,1,0
BRDA:84,9,0,4
BRDA:84,9,1,1
BRDA:96,10,0,0
BRDA:96,10,1,2
BRDA:107,11,0,1
BRDA:107,11,1,0
BRDA:113,12,0,0
BRDA:113,12,1,2
BRDA:118,13,0,0
BRDA:137,14,0,3
BRDA:137,14,1,2
BRDA:151,15,0,0
BRDA:151,15,1,1
BRDA:151,16,0,1
BRDA:151,16,1,1
BRDA:155,17,0,0
BRDA:155,17,1,1
BRDA:159,18,0,1
BRDA:159,18,1,0
BRDA:166,19,0,0
BRDA:166,20,0,0
BRDA:169,21,0,1
BRDA:169,21,1,0
BRDA:176,22,0,1
BRDA:176,22,1,1
BRDA:176,23,0,1
BRDA:176,23,1,0
BRDA:176,24,0,0
BRDA:176,24,1,0
BRDA:188,25,0,0
BRDA:188,25,1,3
BRDA:188,26,0,3
BRDA:188,26,1,3
BRDA:192,27,0,2
BRDA:192,27,1,1
BRDA:202,28,0,1
BRDA:202,28,1,2
BRDA:208,29,0,0
BRDA:208,29,1,2
BRDA:223,30,0,0
BRDA:223,30,1,2
BRDA:230,31,0,1
BRDA:230,31,1,1
BRDA:230,32,0,2
BRDA:230,32,1,1
BRDA:248,33,0,1
BRDA:248,33,1,171
BRDA:258,34,0,1
BRDA:258,34,1,170
BRDA:265,35,0,0
BRDA:265,35,1,170
BRDA:271,36,0,70
BRDA:271,36,1,100
BRDA:271,37,0,170
BRDA:271,37,1,70
BRDA:280,38,0,0
BRDA:280,38,1,170
BRDA:282,39,0,0
BRDA:282,39,1,0
BRDA:291,40,0,170
BRDA:291,40,1,0
BRDA:295,41,0,10
BRDA:295,41,1,160
BRDA:308,42,0,1
BRDA:308,42,1,1
BRDA:309,43,0,2
BRDA:309,43,1,1
BRDA:313,44,0,1
BRDA:313,44,1,1
BRDA:329,45,0,1
BRDA:329,45,1,0
BRDA:331,46,0,1
BRDA:331,46,1,0
BRDA:332,47,0,1
BRDA:332,47,1,1
BRDA:332,47,2,1
BRDA:342,48,0,0
BRDA:342,48,1,1
BRDA:344,49,0,0
BRDA:344,49,1,0
BRDA:345,50,0,0
BRDA:345,50,1,0
BRDA:349,51,0,0
BRDA:349,51,1,0
BRDA:365,52,0,2
BRDA:365,52,1,1
BRDA:379,53,0,0
BRDA:379,53,1,3
BRDA:386,54,0,0
BRDA:387,55,0,0
BRDA:387,55,1,1
BRDA:387,56,0,1
BRDA:387,56,1,1
BRDA:393,57,0,0
BRDA:393,57,1,1
BRDA:405,58,0,1
BRDA:405,58,1,0
BRF:114
BRH:71
end_of_record
TN:
SF:role.builder.js
FN:2,(anonymous_0)
FN:26,(anonymous_1)
FNF:2
FNH:2
FNDA:5,(anonymous_0)
FNDA:1,(anonymous_1)
DA:1,2
DA:3,5
DA:4,1
DA:5,1
DA:7,5
DA:8,1
DA:9,1
DA:12,5
DA:15,4
DA:16,3
DA:17,3
DA:19,4
DA:21,4
DA:23,2
DA:26,2
DA:28,1
DA:29,1
DA:30,1
DA:32,0
DA:36,2
DA:37,0
DA:40,2
DA:42,2
DA:43,0
DA:51,1
DA:52,1
DA:53,1
DA:55,1
DA:57,1
DA:58,0
DA:59,0
DA:66,2
LF:32
LH:27
BRDA:3,0,0,1
BRDA:3,0,1,4
BRDA:3,1,0,5
BRDA:3,1,1,4
BRDA:7,2,0,1
BRDA:7,2,1,4
BRDA:7,3,0,5
BRDA:7,3,1,2
BRDA:12,4,0,4
BRDA:12,4,1,1
BRDA:15,5,0,3
BRDA:15,5,1,1
BRDA:21,6,0,2
BRDA:21,6,1,2
BRDA:26,7,0,1
BRDA:26,7,1,1
BRDA:26,8,0,2
BRDA:26,8,1,1
BRDA:29,9,0,1
BRDA:29,9,1,0
BRDA:36,10,0,0
BRDA:36,10,1,2
BRDA:36,11,0,2
BRDA:36,11,1,2
BRDA:42,12,0,0
BRDA:42,12,1,2
BRDA:51,13,0,1
BRDA:51,13,1,0
BRDA:57,14,0,0
BRDA:57,14,1,1
BRDA:58,15,0,0
BRDA:58,15,1,0
BRF:32
BRH:25
end_of_record
TN:
SF:role.explorer.js
FN:2,(anonymous_0)
FNF:1
FNH:1
FNDA:3,(anonymous_0)
DA:1,2
DA:4,3
DA:5,2
DA:8,2
DA:10,2
DA:11,2
DA:12,2
DA:15,0
DA:16,0
DA:19,1
DA:20,1
DA:23,1
DA:25,1
DA:26,1
DA:27,1
DA:30,0
DA:32,0
DA:33,0
DA:36,0
DA:40,0
DA:41,0
DA:44,0
DA:45,0
DA:46,0
DA:48,0
DA:49,0
DA:50,0
DA:56,2
LF:28
LH:14
BRDA:4,0,0,2
BRDA:4,0,1,1
BRDA:8,1,0,2
BRDA:8,1,1,0
BRDA:8,2,0,2
BRDA:8,2,1,1
BRDA:19,3,0,1
BRDA:19,3,1,0
BRDA:23,4,0,1
BRDA:23,4,1,0
BRDA:23,5,0,1
BRDA:23,5,1,0
BRDA:32,6,0,0
BRDA:32,6,1,0
BRDA:44,7,0,0
BRDA:44,7,1,0
BRDA:44,8,0,0
BRDA:44,8,1,0
BRDA:46,9,0,0
BRDA:46,9,1,0
BRDA:46,10,0,0
BRDA:46,10,1,0
BRF:22
BRH:8
end_of_record
TN:
SF:role.harvester.js
FN:5,(anonymous_0)
FN:51,(anonymous_1)
FN:82,(anonymous_2)
FNF:3
FNH:1
FNDA:4,(anonymous_0)
FNDA:0,(anonymous_1)
FNDA:0,(anonymous_2)
DA:1,2
DA:2,2
DA:4,2
DA:7,4
DA:8,4
DA:12,4
DA:13,1
DA:14,1
DA:15,1
DA:17,4
DA:18,1
DA:19,1
DA:22,4
DA:24,2
DA:25,2
DA:26,2
DA:28,2
DA:30,2
DA:31,1
DA:32,1
DA:34,1
DA:36,1
DA:39,1
DA:40,1
DA:42,0
DA:43,0
DA:49,2
DA:50,2
DA:52,0
DA:57,2
DA:59,2
DA:61,2
DA:62,1
DA:63,1
DA:65,1
DA:67,1
DA:68,1
DA:71,1
DA:72,0
DA:74,0
DA:75,0
DA:80,1
DA:81,1
DA:83,0
DA:86,1
DA:88,1
DA:90,1
DA:91,0
DA:92,0
DA:94,0
DA:95,0
DA:96,0
DA:97,0
DA:101,1
DA:103,1
DA:104,0
DA:106,0
DA:107,0
DA:109,1
DA:110,0
DA:120,2
LF:61
LH:44
BRDA:7,0,0,4
BRDA:7,0,1,0
BRDA:12,1,0,1
BRDA:12,1,1,3
BRDA:12,2,0,4
BRDA:12,2,1,2
BRDA:17,3,0,1
BRDA:17,3,1,3
BRDA:17,4,0,4
BRDA:17,4,1,3
BRDA:22,5,0,2
BRDA:22,5,1,2
BRDA:24,6,0,2
BRDA:24,6,1,0
BRDA:30,7,0,1
BRDA:30,7,1,1
BRDA:34,8,0,1
BRDA:34,8,1,0
BRDA:39,9,0,1
BRDA:39,9,1,0
BRDA:42,10,0,0
BRDA:42,10,1,0
BRDA:49,11,0,2
BRDA:49,11,1,0
BRDA:52,12,0,0
BRDA:52,12,1,0
BRDA:52,12,2,0
BRDA:52,12,3,0
BRDA:61,13,0,1
BRDA:61,13,1,1
BRDA:65,14,0,1
BRDA:65,14,1,0
BRDA:71,15,0,0
BRDA:71,15,1,1
BRDA:74,16,0,0
BRDA:74,16,1,0
BRDA:80,17,0,1
BRDA:80,17,1,0
BRDA:83,18,0,0
BRDA:83,18,1,0
BRDA:90,19,0,0
BRDA:90,19,1,1
BRDA:94,20,0,0
BRDA:94,20,1,0
BRDA:96,21,0,0
BRDA:96,21,1,0
BRDA:103,22,0,0
BRDA:103,22,1,1
BRDA:106,23,0,0
BRDA:106,23,1,0
BRDA:109,24,0,0
BRDA:109,24,1,1
BRF:52
BRH:25
end_of_record
TN:
SF:role.medic.js
FN:2,(anonymous_0)
FN:13,(anonymous_1)
FNF:2
FNH:2
FNDA:2,(anonymous_0)
FNDA:1,(anonymous_1)
DA:1,2
DA:3,2
DA:6,2
DA:7,2
DA:8,2
DA:12,2
DA:13,2
DA:14,2
DA:16,2
DA:19,2
DA:20,2
DA:21,2
DA:23,2
DA:26,2
DA:27,0
DA:28,0
DA:30,2
DA:31,1
DA:32,1
DA:35,2
DA:36,1
DA:38,1
DA:39,1
DA:40,0
DA:42,1
DA:43,1
DA:47,0
DA:50,0
DA:51,0
DA:58,1
DA:59,1
DA:60,0
DA:61,0
DA:63,1
DA:65,0
DA:66,0
DA:67,0
DA:68,0
DA:70,0
DA:71,0
DA:79,2
LF:41
LH:27
BRDA:6,0,0,2
BRDA:6,0,1,0
BRDA:12,1,0,2
BRDA:12,1,1,0
BRDA:19,2,0,2
BRDA:19,2,1,0
BRDA:26,3,0,0
BRDA:26,3,1,2
BRDA:26,4,0,2
BRDA:26,4,1,0
BRDA:30,5,0,1
BRDA:30,5,1,1
BRDA:30,6,0,2
BRDA:30,6,1,2
BRDA:35,7,0,1
BRDA:35,7,1,1
BRDA:36,8,0,1
BRDA:36,8,1,0
BRDA:39,9,0,0
BRDA:39,9,1,1
BRDA:47,10,0,0
BRDA:47,10,1,0
BRDA:50,11,0,0
BRDA:50,11,1,0
BRDA:59,12,0,0
BRDA:59,12,1,1
BRDA:59,13,0,1
BRDA:59,13,1,0
BRDA:60,14,0,0
BRDA:60,14,1,0
BRDA:63,15,0,0
BRDA:63,15,1,1
BRDA:66,16,0,0
BRDA:66,16,1,0
BRDA:67,17,0,0
BRDA:67,17,1,0
BRF:36
BRH:16
end_of_record
TN:
SF:role.repairer.js
FN:2,(anonymous_0)
FN:16,(anonymous_1)
FNF:2
FNH:1
FNDA:2,(anonymous_0)
FNDA:0,(anonymous_1)
DA:1,2
DA:3,2
DA:4,0
DA:5,0
DA:7,2
DA:8,1
DA:9,1
DA:12,2
DA:14,2
DA:15,2
DA:16,0
DA:18,2
DA:21,2
DA:23,2
DA:25,1
DA:26,1
DA:28,1
DA:29,0
DA:30,0
DA:31,0
DA:35,1
DA:36,0
DA:40,1
DA:41,0
DA:49,0
DA:50,0
DA:51,0
DA:53,0
DA:55,0
DA:56,0
DA:57,0
DA:64,2
LF:32
LH:17
BRDA:3,0,0,0
BRDA:3,0,1,2
BRDA:3,1,0,2
BRDA:3,1,1,1
BRDA:7,2,0,1
BRDA:7,2,1,1
BRDA:7,3,0,2
BRDA:7,3,1,1
BRDA:12,4,0,2
BRDA:12,4,1,0
BRDA:14,5,0,2
BRDA:14,5,1,0
BRDA:16,6,0,0
BRDA:16,6,1,0
BRDA:23,7,0,1
BRDA:23,7,1,1
BRDA:23,8,0,2
BRDA:23,8,1,2
BRDA:29,9,0,0
BRDA:29,9,1,0
BRDA:35,10,0,0
BRDA:35,10,1,1
BRDA:40,11,0,0
BRDA:40,11,1,1
BRDA:49,12,0,0
BRDA:49,12,1,0
BRDA:55,13,0,0
BRDA:55,13,1,0
BRDA:56,14,0,0
BRDA:56,14,1,0
BRF:30
BRH:15
end_of_record
TN:
SF:role.scout.js
FN:2,(anonymous_0)
FNF:1
FNH:1
FNDA:4,(anonymous_0)
DA:1,2
DA:3,4
DA:5,2
DA:7,2
DA:8,1
DA:9,1
DA:10,1
DA:13,1
DA:14,1
DA:18,3
DA:19,3
DA:20,2
DA:21,2
DA:23,2
DA:24,2
DA:27,0
DA:28,0
DA:32,1
DA:35,1
DA:36,1
DA:37,1
DA:40,1
DA:41,0
DA:45,1
DA:46,1
DA:53,1
DA:59,1
DA:65,2
LF:28
LH:25
BRDA:3,0,0,2
BRDA:3,0,1,2
BRDA:7,1,0,1
BRDA:7,1,1,1
BRDA:7,2,0,2
BRDA:7,2,1,1
BRDA:18,3,0,3
BRDA:18,3,1,0
BRDA:19,4,0,2
BRDA:19,4,1,1
BRDA:23,5,0,2
BRDA:23,5,1,0
BRDA:23,6,0,2
BRDA:23,6,1,2
BRDA:40,7,0,0
BRDA:40,7,1,1
BRDA:45,8,0,1
BRDA:45,8,1,0
BRF:18
BRH:14
end_of_record
TN:
SF:role.transporter.js
FN:2,(anonymous_0)
FN:16,(anonymous_1)
FN:37,(anonymous_2)
FNF:3
FNH:1
FNDA:4,(anonymous_0)
FNDA:0,(anonymous_1)
FNDA:0,(anonymous_2)
DA:1,2
DA:3,4
DA:5,4
DA:6,0
DA:8,4
DA:9,0
DA:12,4
DA:14,2
DA:15,2
DA:17,0
DA:23,2
DA:25,2
DA:27,2
DA:28,2
DA:29,2
DA:30,0
DA:35,2
DA:36,2
DA:38,0
DA:40,2
DA:42,2
DA:44,2
DA:45,2
DA:47,2
DA:48,0
DA:50,2
DA:52,2
DA:53,0
DA:54,0
DA:55,0
DA:62,2
LF:31
LH:22
BRDA:5,0,0,0
BRDA:5,0,1,4
BRDA:5,1,0,4
BRDA:5,1,1,2
BRDA:8,2,0,0
BRDA:8,2,1,4
BRDA:8,3,0,4
BRDA:8,3,1,2
BRDA:12,4,0,2
BRDA:12,4,1,2
BRDA:14,5,0,2
BRDA:14,5,1,0
BRDA:17,6,0,0
BRDA:17,6,1,0
BRDA:17,6,2,0
BRDA:17,6,3,0
BRDA:17,6,4,0
BRDA:27,7,0,2
BRDA:27,7,1,0
BRDA:29,8,0,0
BRDA:29,8,1,2
BRDA:35,9,0,2
BRDA:35,9,1,0
BRDA:38,10,0,0
BRDA:38,10,1,0
BRDA:47,11,0,0
BRDA:47,11,1,2
BRDA:47,12,0,2
BRDA:47,12,1,0
BRDA:52,13,0,0
BRDA:52,13,1,2
BRDA:54,14,0,0
BRDA:54,14,1,0
BRF:33
BRH:15
end_of_record
TN:
SF:role.upgrader.js
FN:2,(anonymous_0)
FNF:1
FNH:1
FNDA:2,(anonymous_0)
DA:1,2
DA:3,2
DA:4,1
DA:5,1
DA:7,2
DA:8,0
DA:9,0
DA:12,2
DA:13,1
DA:14,0
DA:18,1
DA:19,1
DA:20,1
DA:22,1
DA:24,1
DA:25,0
DA:26,0
DA:33,2
LF:18
LH:13
BRDA:3,0,0,1
BRDA:3,0,1,1
BRDA:3,1,0,2
BRDA:3,1,1,2
BRDA:7,2,0,0
BRDA:7,2,1,2
BRDA:7,3,0,2
BRDA:7,3,1,1
BRDA:12,4,0,1
BRDA:12,4,1,1
BRDA:13,5,0,0
BRDA:13,5,1,1
BRDA:18,6,0,1
BRDA:18,6,1,0
BRDA:24,7,0,0
BRDA:24,7,1,1
BRDA:25,8,0,0
BRDA:25,8,1,0
BRF:18
BRH:12
end_of_record
TN:
SF:strategy-memory.js
FN:9,(anonymous_0)
FN:18,(anonymous_1)
FNF:2
FNH:2
FNDA:1,(anonymous_0)
FNDA:2,(anonymous_1)
DA:8,1
DA:10,1
DA:11,1
DA:15,1
DA:19,2
DA:21,1
DA:22,1
DA:23,1
DA:24,1
DA:25,1
DA:26,1
DA:27,1
DA:29,1
DA:30,1
DA:31,1
DA:35,1
DA:36,1
DA:37,1
LF:18
LH:18
BRDA:10,0,0,1
BRDA:10,0,1,0
BRDA:19,1,0,1
BRDA:19,1,1,1
BRDA:24,2,0,1
BRDA:24,2,1,0
BRDA:25,3,0,1
BRDA:25,3,1,0
BRDA:26,4,0,1
BRDA:26,4,1,0
BRDA:29,5,0,1
BRDA:29,5,1,0
BRDA:35,6,0,1
BRDA:35,6,1,0
BRDA:36,7,0,1
BRDA:36,7,1,1
BRF:16
BRH:10
end_of_record
TN:
SF:system.adaptive.js
FN:74,(anonymous_0)
FN:93,(anonymous_1)
FN:173,(anonymous_2)
FN:202,(anonymous_3)
FN:220,(anonymous_4)
FN:237,(anonymous_5)
FN:246,(anonymous_6)
FN:286,(anonymous_7)
FN:382,(anonymous_8)
FN:397,(anonymous_9)
FNF:10
FNH:9
FNDA:16,(anonymous_0)
FNDA:5,(anonymous_1)
FNDA:5,(anonymous_2)
FNDA:21,(anonymous_3)
FNDA:4,(anonymous_4)
FNDA:20,(anonymous_5)
FNDA:2,(anonymous_6)
FNDA:0,(anonymous_7)
FNDA:2,(anonymous_8)
FNDA:1,(anonymous_9)
DA:13,7
DA:25,7
DA:65,7
DA:75,16
DA:76,10
DA:94,5
DA:97,5
DA:98,1
DA:101,4
DA:103,4
DA:104,4
DA:105,4
DA:106,4
DA:108,4
DA:109,4
DA:110,4
DA:112,4
DA:115,4
DA:116,1
DA:119,3
DA:120,0
DA:123,3
DA:124,0
DA:128,3
DA:132,4
DA:133,4
DA:140,4
DA:153,4
DA:154,0
DA:157,4
DA:161,4
DA:162,4
DA:163,4
DA:167,4
DA:174,5
DA:175,2
DA:176,2
DA:178,0
DA:179,0
DA:182,3
DA:183,0
DA:184,0
DA:186,0
DA:187,0
DA:189,0
DA:190,0
DA:193,3
DA:194,0
DA:196,3
DA:203,21
DA:205,3
DA:207,1
DA:209,7
DA:211,9
DA:213,1
DA:221,4
DA:222,4
DA:224,4
DA:225,4
DA:226,4
DA:227,4
DA:228,4
DA:238,20
DA:239,20
DA:247,2
DA:250,2
DA:251,2
DA:252,2
DA:253,2
DA:254,2
DA:255,2
DA:258,2
DA:259,2
DA:260,2
DA:261,2
DA:262,2
DA:263,2
DA:264,2
DA:265,2
DA:272,2
DA:273,2
DA:277,2
DA:278,2
DA:280,2
DA:287,0
DA:288,0
DA:289,0
DA:291,0
DA:292,0
DA:293,0
DA:294,0
DA:295,0
DA:297,0
DA:298,0
DA:299,0
DA:300,0
DA:309,0
DA:310,0
DA:317,0
DA:320,0
DA:321,0
DA:336,0
DA:337,0
DA:338,0
DA:339,0
DA:342,0
DA:345,0
DA:346,0
DA:347,0
DA:349,0
DA:350,0
DA:351,0
DA:352,0
DA:353,0
DA:354,0
DA:358,0
DA:359,0
DA:360,0
DA:361,0
DA:362,0
DA:363,0
DA:364,0
DA:383,2
DA:385,2
DA:386,1
DA:387,1
DA:390,1
DA:391,1
DA:398,1
DA:399,1
DA:403,7
LF:131
LH:81
BRDA:75,0,0,10
BRDA:75,0,1,6
BRDA:97,1,0,1
BRDA:97,1,1,4
BRDA:115,2,0,1
BRDA:115,2,1,3
BRDA:115,3,0,4
BRDA:115,3,1,3
BRDA:119,4,0,0
BRDA:119,4,1,3
BRDA:119,5,0,3
BRDA:119,5,1,3
BRDA:119,5,2,3
BRDA:123,6,0,0
BRDA:123,6,1,3
BRDA:123,7,0,3
BRDA:123,7,1,3
BRDA:123,7,2,3
BRDA:132,8,0,4
BRDA:132,8,1,0
BRDA:153,9,0,0
BRDA:153,9,1,4
BRDA:162,10,0,4
BRDA:162,10,1,0
BRDA:164,11,0,4
BRDA:164,11,1,0
BRDA:174,12,0,2
BRDA:174,12,1,3
BRDA:175,13,0,2
BRDA:175,13,1,0
BRDA:178,14,0,0
BRDA:178,14,1,0
BRDA:182,15,0,0
BRDA:182,15,1,3
BRDA:183,16,0,0
BRDA:183,16,1,0
BRDA:186,17,0,0
BRDA:186,17,1,0
BRDA:189,18,0,0
BRDA:189,18,1,0
BRDA:193,19,0,0
BRDA:193,19,1,3
BRDA:203,20,0,3
BRDA:203,20,1,1
BRDA:203,20,2,7
BRDA:203,20,3,9
BRDA:203,20,4,1
BRDA:258,21,0,2
BRDA:258,21,1,0
BRDA:260,22,0,2
BRDA:260,22,1,0
BRDA:262,23,0,2
BRDA:262,23,1,0
BRDA:272,24,0,2
BRDA:272,24,1,0
BRDA:272,25,0,2
BRDA:272,25,1,2
BRDA:338,26,0,0
BRDA:338,26,1,0
BRDA:350,27,0,0
BRDA:350,27,1,0
BRDA:358,28,0,0
BRDA:358,28,1,0
BRDA:385,29,0,1
BRDA:385,29,1,1
BRDA:385,30,0,2
BRDA:385,30,1,2
BRF:67
BRH:40
end_of_record
TN:
SF:tutorial.auto.js
FN:9,(anonymous_0)
FN:17,(anonymous_1)
FN:52,(anonymous_2)
FN:59,(anonymous_3)
FN:72,(anonymous_4)
FN:95,(anonymous_5)
FN:119,(anonymous_6)
FN:144,(anonymous_7)
FN:145,(anonymous_8)
FN:161,(anonymous_9)
FN:197,(anonymous_10)
FN:217,(anonymous_11)
FN:229,(anonymous_12)
FNF:13
FNH:6
FNDA:7,(anonymous_0)
FNDA:2,(anonymous_1)
FNDA:2,(anonymous_2)
FNDA:0,(anonymous_3)
FNDA:0,(anonymous_4)
FNDA:0,(anonymous_5)
FNDA:0,(anonymous_6)
FNDA:0,(anonymous_7)
FNDA:0,(anonymous_8)
FNDA:3,(anonymous_9)
FNDA:0,(anonymous_10)
FNDA:2,(anonymous_11)
FNDA:2,(anonymous_12)
DA:5,2
DA:11,7
DA:18,2
DA:19,1
DA:22,1
DA:23,1
DA:26,1
DA:28,1
DA:29,1
DA:31,0
DA:32,0
DA:34,0
DA:35,0
DA:37,0
DA:38,0
DA:40,0
DA:41,0
DA:43,0
DA:46,1
DA:53,2
DA:54,2
DA:55,1
DA:59,1
DA:61,1
DA:62,0
DA:65,0
DA:73,0
DA:74,0
DA:76,0
DA:77,0
DA:78,0
DA:79,0
DA:80,0
DA:84,0
DA:85,0
DA:86,0
DA:96,0
DA:97,0
DA:99,0
DA:100,0
DA:101,0
DA:102,0
DA:103,0
DA:107,0
DA:108,0
DA:109,0
DA:120,0
DA:121,0
DA:123,0
DA:124,0
DA:125,0
DA:126,0
DA:127,0
DA:128,0
DA:129,0
DA:133,0
DA:134,0
DA:145,0
DA:147,0
DA:148,0
DA:149,0
DA:151,0
DA:152,0
DA:153,0
DA:163,3
DA:164,2
DA:167,2
DA:168,0
DA:169,0
DA:170,0
DA:171,0
DA:176,2
DA:177,2
DA:178,0
DA:179,0
DA:181,2
DA:183,2
DA:184,0
DA:188,0
DA:189,0
DA:190,0
DA:197,3
DA:198,3
DA:199,0
DA:200,0
DA:201,0
DA:206,3
DA:207,3
DA:208,3
DA:218,2
DA:219,1
DA:220,1
DA:221,1
DA:223,1
DA:230,2
DA:231,0
DA:234,2
DA:235,2
DA:236,2
DA:237,2
DA:244,2
LF:101
LH:38
BRDA:11,0,0,7
BRDA:11,0,1,4
BRDA:18,1,0,1
BRDA:18,1,1,1
BRDA:26,2,0,1
BRDA:26,2,1,0
BRDA:26,2,2,0
BRDA:26,2,3,0
BRDA:26,2,4,0
BRDA:26,2,5,0
BRDA:54,3,0,1
BRDA:54,3,1,1
BRDA:61,4,0,0
BRDA:61,4,1,1
BRDA:61,5,0,1
BRDA:61,5,1,0
BRDA:76,6,0,0
BRDA:76,6,1,0
BRDA:78,7,0,0
BRDA:78,7,1,0
BRDA:79,8,0,0
BRDA:79,8,1,0
BRDA:85,9,0,0
BRDA:85,9,1,0
BRDA:85,10,0,0
BRDA:85,10,1,0
BRDA:99,11,0,0
BRDA:99,11,1,0
BRDA:101,12,0,0
BRDA:101,12,1,0
BRDA:102,13,0,0
BRDA:102,13,1,0
BRDA:107,14,0,0
BRDA:107,14,1,0
BRDA:108,15,0,0
BRDA:108,15,1,0
BRDA:124,16,0,0
BRDA:124,16,1,0
BRDA:125,17,0,0
BRDA:125,17,1,0
BRDA:127,18,0,0
BRDA:127,18,1,0
BRDA:128,19,0,0
BRDA:128,19,1,0
BRDA:133,20,0,0
BRDA:133,20,1,0
BRDA:147,21,0,0
BRDA:147,21,1,0
BRDA:151,22,0,0
BRDA:151,22,1,0
BRDA:167,23,0,0
BRDA:167,23,1,2
BRDA:169,24,0,0
BRDA:169,24,1,0
BRDA:170,25,0,0
BRDA:170,25,1,0
BRDA:177,26,0,0
BRDA:177,26,1,2
BRDA:178,27,0,0
BRDA:178,27,1,0
BRDA:181,28,0,2
BRDA:181,28,1,0
BRDA:183,29,0,0
BRDA:183,29,1,2
BRDA:189,30,0,0
BRDA:189,30,1,0
BRDA:189,31,0,0
BRDA:189,31,1,0
BRDA:200,32,0,0
BRDA:200,32,1,0
BRDA:207,33,0,3
BRDA:207,33,1,0
BRDA:207,34,0,3
BRDA:207,34,1,3
BRDA:207,34,2,3
BRDA:218,35,0,1
BRDA:218,35,1,1
BRDA:218,36,0,2
BRDA:218,36,1,2
BRDA:230,37,0,0
BRDA:230,37,1,2
BRDA:239,38,0,1
BRDA:239,38,1,1
BRF:83
BRH:24
end_of_record
TN:
SF:utils.ai.js
FN:2,(anonymous_0)
FN:41,(anonymous_1)
FN:58,(anonymous_2)
FNF:3
FNH:3
FNDA:7,(anonymous_0)
FNDA:1,(anonymous_1)
FNDA:2,(anonymous_2)
DA:1,1
DA:3,7
DA:4,3
DA:10,7
DA:11,7
DA:12,7
DA:14,7
DA:15,1
DA:18,6
DA:19,6
DA:20,6
DA:22,6
DA:23,1
DA:26,5
DA:27,1
DA:30,4
DA:31,1
DA:34,3
DA:35,3
DA:38,0
DA:42,1
DA:44,1
DA:55,1
DA:59,2
DA:61,2
DA:62,0
DA:64,2
DA:65,0
DA:68,2
DA:69,2
DA:70,2
DA:72,2
DA:83,2
DA:87,1
LF:34
LH:31
BRDA:3,0,0,3
BRDA:3,0,1,4
BRDA:14,1,0,1
BRDA:14,1,1,6
BRDA:18,2,0,6
BRDA:18,2,1,0
BRDA:22,3,0,1
BRDA:22,3,1,5
BRDA:26,4,0,1
BRDA:26,4,1,4
BRDA:30,5,0,1
BRDA:30,5,1,3
BRDA:34,6,0,3
BRDA:34,6,1,0
BRDA:55,7,0,1
BRDA:55,7,1,0
BRDA:61,8,0,0
BRDA:61,8,1,2
BRDA:64,9,0,0
BRDA:64,9,1,2
BRDA:70,10,0,2
BRDA:70,10,1,0
BRDA:83,11,0,2
BRDA:83,11,1,0
BRF:24
BRH:17
end_of_record
TN:
SF:utils.dashboard.js
FN:6,formatNumber
FN:17,(anonymous_1)
FN:98,(anonymous_2)
FNF:3
FNH:3
FNDA:6,formatNumber
FNDA:2,(anonymous_1)
FNDA:1,(anonymous_2)
DA:1,2
DA:7,6
DA:8,0
DA:10,6
DA:11,6
DA:13,0
DA:16,2
DA:20,2
DA:21,2
DA:22,2
DA:23,2
DA:24,2
DA:27,2
DA:28,2
DA:29,2
DA:32,2
DA:42,2
DA:43,0
DA:44,0
DA:45,0
DA:49,2
DA:56,2
DA:95,2
DA:99,1
DA:101,1
DA:102,1
DA:103,1
DA:104,1
DA:107,1
DA:115,1
DA:121,1
DA:123,1
DA:130,1
DA:133,1
DA:140,1
DA:143,1
DA:144,1
DA:145,1
DA:146,1
DA:151,1
DA:155,1
DA:158,1
DA:161,1
DA:168,1
DA:171,1
DA:172,1
DA:173,1
DA:174,1
DA:176,1
DA:181,1
DA:186,1
DA:189,1
DA:190,1
DA:191,0
DA:192,1
DA:193,1
DA:196,1
DA:203,1
DA:206,1
DA:207,1
DA:208,1
DA:209,1
DA:214,1
DA:218,1
DA:221,1
DA:228,1
DA:231,1
DA:232,1
DA:233,1
DA:234,1
DA:239,1
DA:243,1
DA:246,1
DA:258,1
DA:259,1
DA:272,1
DA:273,0
DA:274,0
DA:284,1
DA:285,1
DA:286,1
DA:288,1
DA:289,1
DA:290,1
DA:291,0
DA:292,0
DA:295,1
DA:299,1
DA:300,1
DA:315,2
LF:90
LH:80
BRDA:7,0,0,0
BRDA:7,0,1,6
BRDA:10,1,0,6
BRDA:10,1,1,0
BRDA:20,2,0,2
BRDA:20,2,1,0
BRDA:44,3,0,0
BRDA:44,3,1,0
BRDA:52,4,0,2
BRDA:52,4,1,0
BRDA:53,5,0,2
BRDA:53,5,1,0
BRDA:64,6,0,2
BRDA:64,6,1,0
BRDA:67,7,0,2
BRDA:67,7,1,0
BRDA:68,8,0,2
BRDA:68,8,1,0
BRDA:69,9,0,2
BRDA:69,9,1,0
BRDA:79,10,0,2
BRDA:79,10,1,0
BRDA:85,11,0,2
BRDA:85,11,1,0
BRDA:89,12,0,2
BRDA:89,12,1,0
BRDA:121,13,0,1
BRDA:121,13,1,0
BRDA:158,14,0,1
BRDA:158,14,1,0
BRDA:171,15,0,1
BRDA:171,15,1,0
BRDA:171,16,0,1
BRDA:171,16,1,1
BRDA:190,17,0,0
BRDA:190,17,1,1
BRDA:192,18,0,1
BRDA:192,18,1,0
BRDA:208,19,0,1
BRDA:208,19,1,0
BRDA:272,20,0,0
BRDA:272,20,1,1
BRDA:289,21,0,1
BRDA:289,21,1,0
BRDA:291,22,0,0
BRDA:291,22,1,0
BRF:46
BRH:22
end_of_record
TN:
SF:utils.defense.js
FN:2,(anonymous_0)
FN:4,(anonymous_1)
FN:9,(anonymous_2)
FN:12,(anonymous_3)
FN:15,(anonymous_4)
FN:26,(anonymous_5)
FN:28,(anonymous_6)
FN:32,(anonymous_7)
FNF:8
FNH:5
FNDA:2,(anonymous_0)
FNDA:0,(anonymous_1)
FNDA:0,(anonymous_2)
FNDA:0,(anonymous_3)
FNDA:2,(anonymous_4)
FNDA:1,(anonymous_5)
FNDA:2,(anonymous_6)
FNDA:2,(anonymous_7)
DA:1,1
DA:3,2
DA:4,0
DA:7,2
DA:8,2
DA:9,0
DA:11,2
DA:12,0
DA:15,2
DA:16,2
DA:17,1
DA:18,1
DA:19,1
DA:20,0
DA:21,0
DA:27,1
DA:28,2
DA:30,1
DA:31,1
DA:32,2
DA:35,1
DA:44,1
LF:22
LH:17
BRDA:9,0,0,0
BRDA:9,0,1,0
BRDA:9,0,2,0
BRDA:12,1,0,0
BRDA:12,1,1,0
BRDA:16,2,0,1
BRDA:16,2,1,1
BRDA:18,3,0,1
BRDA:18,3,1,0
BRDA:20,4,0,0
BRDA:20,4,1,0
BRF:11
BRH:3
end_of_record
TN:
SF:utils.emotions.js
FN:46,(anonymous_0)
FN:59,(anonymous_1)
FN:67,(anonymous_2)
FN:78,(anonymous_3)
FN:87,(anonymous_4)
FN:107,(anonymous_5)
FN:124,(anonymous_6)
FN:171,(anonymous_7)
FN:176,(anonymous_8)
FN:191,(anonymous_9)
FN:202,(anonymous_10)
FN:215,(anonymous_11)
FN:226,(anonymous_12)
FN:253,(anonymous_13)
FN:273,(anonymous_14)
FNF:15
FNH:12
FNDA:12,(anonymous_0)
FNDA:6,(anonymous_1)
FNDA:4,(anonymous_2)
FNDA:4,(anonymous_3)
FNDA:4,(anonymous_4)
FNDA:4,(anonymous_5)
FNDA:5,(anonymous_6)
FNDA:1,(anonymous_7)
FNDA:1,(anonymous_8)
FNDA:2,(anonymous_9)
FNDA:0,(anonymous_10)
FNDA:3,(anonymous_11)
FNDA:1,(anonymous_12)
FNDA:0,(anonymous_13)
FNDA:0,(anonymous_14)
DA:8,2
DA:37,2
DA:47,12
DA:48,6
DA:60,6
DA:61,6
DA:69,4
DA:70,4
DA:71,3
DA:72,2
DA:79,4
DA:80,4
DA:81,3
DA:88,4
DA:93,0
DA:94,0
DA:95,0
DA:98,4
DA:100,4
DA:101,4
DA:108,4
DA:110,0
DA:112,0
DA:114,0
DA:116,0
DA:118,0
DA:120,4
DA:125,5
DA:127,5
DA:129,5
DA:130,5
DA:131,1
DA:134,4
DA:135,4
DA:137,4
DA:143,4
DA:144,12
DA:145,3
DA:146,3
DA:150,4
DA:151,4
DA:152,0
DA:155,4
DA:156,0
DA:157,0
DA:158,0
DA:161,4
DA:163,4
DA:164,0
DA:167,4
DA:168,4
DA:172,1
DA:173,1
DA:177,1
DA:178,0
DA:180,1
DA:184,1
DA:186,1
DA:187,5
DA:192,2
DA:193,2
DA:195,2
DA:196,1
DA:197,1
DA:198,1
DA:199,0
DA:203,0
DA:204,0
DA:205,0
DA:207,0
DA:208,0
DA:210,0
DA:211,0
DA:216,3
DA:217,3
DA:219,3
DA:220,2
DA:221,1
DA:222,1
DA:223,1
DA:227,1
DA:236,1
DA:237,0
DA:238,0
DA:239,0
DA:241,0
DA:242,0
DA:243,0
DA:244,0
DA:245,0
DA:247,0
DA:250,1
DA:254,0
DA:255,0
DA:256,0
DA:257,0
DA:260,0
DA:261,0
DA:263,0
DA:264,0
DA:265,0
DA:266,0
DA:267,0
DA:268,0
DA:269,0
DA:271,0
DA:272,0
DA:273,0
DA:274,0
DA:280,2
LF:110
LH:62
BRDA:47,0,0,6
BRDA:47,0,1,6
BRDA:70,1,0,1
BRDA:70,1,1,3
BRDA:71,2,0,1
BRDA:71,2,1,2
BRDA:80,3,0,1
BRDA:80,3,1,3
BRDA:88,4,0,0
BRDA:88,4,1,4
BRDA:89,5,0,4
BRDA:89,5,1,0
BRDA:89,5,2,0
BRDA:93,6,0,0
BRDA:93,6,1,0
BRDA:94,7,0,0
BRDA:94,7,1,0
BRDA:108,8,0,0
BRDA:108,8,1,0
BRDA:108,8,2,0
BRDA:108,8,3,0
BRDA:108,8,4,0
BRDA:108,8,5,4
BRDA:110,9,0,0
BRDA:110,9,1,0
BRDA:112,10,0,0
BRDA:112,10,1,0
BRDA:130,11,0,1
BRDA:130,11,1,4
BRDA:130,12,0,5
BRDA:130,12,1,1
BRDA:144,13,0,3
BRDA:144,13,1,9
BRDA:151,14,0,0
BRDA:151,14,1,4
BRDA:155,15,0,0
BRDA:155,15,1,4
BRDA:163,16,0,0
BRDA:163,16,1,4
BRDA:163,17,0,4
BRDA:163,17,1,0
BRDA:177,18,0,0
BRDA:177,18,1,1
BRDA:195,19,0,1
BRDA:195,19,1,1
BRDA:196,20,0,0
BRDA:196,20,1,1
BRDA:197,21,0,0
BRDA:197,21,1,1
BRDA:198,22,0,1
BRDA:198,22,1,0
BRDA:203,23,0,0
BRDA:203,23,1,0
BRDA:219,24,0,1
BRDA:219,24,1,2
BRDA:220,25,0,1
BRDA:220,25,1,1
BRDA:221,26,0,0
BRDA:221,26,1,1
BRDA:222,27,0,0
BRDA:222,27,1,1
BRDA:241,28,0,0
BRDA:241,28,1,0
BRDA:242,29,0,0
BRDA:242,29,1,0
BRDA:243,30,0,0
BRDA:243,30,1,0
BRDA:244,31,0,0
BRDA:244,31,1,0
BRDA:255,32,0,0
BRDA:255,32,1,0
BRDA:271,33,0,0
BRDA:271,33,1,0
BRF:73
BRH:33
end_of_record
TN:
SF:utils.logging.js
FN:6,(anonymous_0)
FN:18,(anonymous_1)
FN:52,(anonymous_2)
FN:56,(anonymous_3)
FN:60,(anonymous_4)
FN:64,(anonymous_5)
FN:76,(anonymous_6)
FN:81,(anonymous_7)
FN:95,(anonymous_8)
FN:107,(anonymous_9)
FN:115,(anonymous_10)
FN:119,(anonymous_11)
FN:123,(anonymous_12)
FN:129,(anonymous_13)
FN:142,(anonymous_14)
FNF:15
FNH:6
FNDA:1,(anonymous_0)
FNDA:109,(anonymous_1)
FNDA:2,(anonymous_2)
FNDA:1,(anonymous_3)
FNDA:102,(anonymous_4)
FNDA:0,(anonymous_5)
FNDA:0,(anonymous_6)
FNDA:0,(anonymous_7)
FNDA:0,(anonymous_8)
FNDA:0,(anonymous_9)
FNDA:0,(anonymous_10)
FNDA:0,(anonymous_11)
FNDA:0,(anonymous_12)
FNDA:1,(anonymous_13)
FNDA:0,(anonymous_14)
DA:4,3
DA:7,1
DA:8,1
DA:12,1
DA:13,0
DA:19,109
DA:20,2
DA:24,109
DA:25,109
DA:27,109
DA:34,109
DA:35,1
DA:39,109
DA:46,109
DA:53,2
DA:57,1
DA:61,102
DA:65,0
DA:77,0
DA:79,0
DA:85,0
DA:86,0
DA:87,0
DA:89,0
DA:96,0
DA:97,0
DA:100,0
DA:101,0
DA:102,0
DA:108,0
DA:109,0
DA:111,0
DA:116,0
DA:117,0
DA:119,0
DA:124,0
DA:125,0
DA:130,1
DA:131,0
DA:134,1
DA:142,1
DA:143,0
DA:144,0
DA:145,0
DA:146,0
DA:147,0
DA:148,0
DA:149,0
DA:150,0
DA:154,1
LF:50
LH:20
BRDA:7,0,0,1
BRDA:7,0,1,0
BRDA:12,1,0,0
BRDA:12,1,1,1
BRDA:19,2,0,2
BRDA:19,2,1,107
BRDA:34,3,0,1
BRDA:34,3,1,108
BRDA:47,4,0,109
BRDA:47,4,1,1
BRDA:77,5,0,0
BRDA:77,5,1,0
BRDA:86,6,0,0
BRDA:86,6,1,0
BRDA:107,7,0,0
BRDA:108,8,0,0
BRDA:108,8,1,0
BRDA:115,9,0,0
BRDA:116,10,0,0
BRDA:116,10,1,0
BRDA:130,11,0,0
BRDA:130,11,1,1
BRDA:143,12,0,0
BRDA:143,12,1,0
BRDA:145,13,0,0
BRDA:145,13,1,0
BRDA:147,14,0,0
BRDA:147,14,1,0
BRDA:149,15,0,0
BRDA:149,15,1,0
BRF:30
BRH:9
end_of_record
TN:
SF:utils.memory.js
FN:9,(anonymous_0)
FN:33,(anonymous_1)
FN:54,(anonymous_2)
FN:71,(anonymous_3)
FN:83,(anonymous_4)
FN:95,(anonymous_5)
FN:120,(anonymous_6)
FN:136,(anonymous_7)
FN:158,(anonymous_8)
FNF:9
FNH:6
FNDA:218,(anonymous_0)
FNDA:1,(anonymous_1)
FNDA:3,(anonymous_2)
FNDA:1,(anonymous_3)
FNDA:2,(anonymous_4)
FNDA:4,(anonymous_5)
FNDA:0,(anonymous_6)
FNDA:0,(anonymous_7)
FNDA:0,(anonymous_8)
DA:9,6
DA:11,218
DA:13,217
DA:28,217
DA:31,6
DA:34,1
DA:35,0
DA:36,0
DA:38,0
DA:43,0
DA:44,0
DA:47,0
DA:56,3
DA:57,3
DA:60,0
DA:61,0
DA:64,0
DA:65,0
DA:68,0
DA:73,1
DA:74,1
DA:77,0
DA:78,0
DA:80,0
DA:85,2
DA:86,2
DA:89,0
DA:90,0
DA:97,4
DA:98,0
DA:101,4
DA:102,2
DA:105,4
DA:106,4
DA:107,2
DA:110,2
DA:111,2
DA:116,2
DA:121,0
DA:122,0
DA:125,0
DA:127,0
DA:128,0
DA:129,0
DA:137,0
DA:138,0
DA:141,0
DA:142,0
DA:145,0
DA:147,0
DA:152,0
DA:159,0
DA:160,0
DA:161,0
DA:164,0
DA:165,0
DA:166,0
DA:169,0
LF:58
LH:21
BRDA:11,0,0,1
BRDA:11,0,1,217
BRDA:28,1,0,217
BRDA:28,1,1,217
BRDA:34,2,0,1
BRDA:34,2,1,0
BRDA:38,3,0,0
BRDA:38,3,1,0
BRDA:39,4,0,0
BRDA:39,4,1,0
BRDA:39,4,2,0
BRDA:56,5,0,3
BRDA:56,5,1,0
BRDA:56,6,0,3
BRDA:56,6,1,1
BRDA:60,7,0,0
BRDA:60,7,1,0
BRDA:64,8,0,0
BRDA:64,8,1,0
BRDA:73,9,0,1
BRDA:73,9,1,0
BRDA:73,10,0,1
BRDA:73,10,1,0
BRDA:77,11,0,0
BRDA:77,11,1,0
BRDA:85,12,0,2
BRDA:85,12,1,0
BRDA:85,13,0,2
BRDA:85,13,1,0
BRDA:89,14,0,0
BRDA:89,14,1,0
BRDA:95,15,0,2
BRDA:97,16,0,0
BRDA:97,16,1,4
BRDA:101,17,0,2
BRDA:101,17,1,2
BRDA:106,18,0,2
BRDA:106,18,1,2
BRDA:106,19,0,4
BRDA:106,19,1,2
BRDA:120,20,0,0
BRDA:121,21,0,0
BRDA:121,21,1,0
BRDA:127,22,0,0
BRDA:127,22,1,0
BRDA:127,23,0,0
BRDA:127,23,1,0
BRDA:128,24,0,0
BRDA:128,24,1,0
BRDA:136,25,0,0
BRDA:137,26,0,0
BRDA:137,26,1,0
BRDA:141,27,0,0
BRDA:141,27,1,0
BRDA:147,28,0,0
BRDA:147,28,1,0
BRDA:148,29,0,0
BRDA:148,29,1,0
BRDA:148,29,2,0
BRDA:159,30,0,0
BRDA:159,30,1,0
BRDA:159,31,0,0
BRDA:159,31,1,0
BRDA:164,32,0,0
BRDA:164,32,1,0
BRDA:164,33,0,0
BRDA:164,33,1,0
BRF:67
BRH:20
end_of_record
TN:
SF:utils.missions.js
FN:2,(anonymous_0)
FN:11,(anonymous_1)
FN:24,(anonymous_2)
FN:25,(anonymous_3)
FN:28,(anonymous_4)
FN:29,(anonymous_5)
FN:36,(anonymous_6)
FN:37,(anonymous_7)
FN:40,(anonymous_8)
FNF:9
FNH:8
FNDA:3,(anonymous_0)
FNDA:1,(anonymous_1)
FNDA:1,(anonymous_2)
FNDA:3,(anonymous_3)
FNDA:2,(anonymous_4)
FNDA:2,(anonymous_5)
FNDA:1,(anonymous_6)
FNDA:2,(anonymous_7)
FNDA:0,(anonymous_8)
DA:1,1
DA:3,3
DA:4,2
DA:12,1
DA:20,1
DA:21,1
DA:25,3
DA:29,2
DA:30,2
DA:31,1
DA:32,1
DA:37,2
DA:41,0
DA:42,0
DA:44,0
DA:45,0
DA:46,0
DA:48,0
DA:52,1
LF:19
LH:13
BRDA:3,0,0,2
BRDA:3,0,1,1
BRDA:30,1,0,1
BRDA:30,1,1,1
BRDA:48,2,0,0
BRDA:48,2,1,0
BRF:6
BRH:4
end_of_record
TN:
SF:utils.planning.js
FN:6,(anonymous_0)
FN:23,(anonymous_1)
FN:44,(anonymous_2)
FN:56,(anonymous_3)
FN:61,(anonymous_4)
FN:74,(anonymous_5)
FN:100,(anonymous_6)
FN:105,(anonymous_7)
FN:115,(anonymous_8)
FN:127,(anonymous_9)
FN:129,(anonymous_10)
FN:137,(anonymous_11)
FN:146,(anonymous_12)
FNF:13
FNH:9
FNDA:3,(anonymous_0)
FNDA:5990,(anonymous_1)
FNDA:3,(anonymous_2)
FNDA:2116,(anonymous_3)
FNDA:2116,(anonymous_4)
FNDA:1,(anonymous_5)
FNDA:1,(anonymous_6)
FNDA:0,(anonymous_7)
FNDA:1,(anonymous_8)
FNDA:0,(anonymous_9)
FNDA:0,(anonymous_10)
FNDA:0,(anonymous_11)
FNDA:1,(anonymous_12)
DA:4,1
DA:7,3
DA:8,3
DA:11,3
DA:12,134
DA:13,5988
DA:14,5988
DA:19,3
DA:24,5990
DA:26,5990
DA:27,37690
DA:28,242654
DA:29,242654
DA:31,242654
DA:32,0
DA:34,242654
DA:35,1
DA:40,5989
DA:45,3
DA:46,3
DA:48,3
DA:49,2
DA:52,1
DA:53,1
DA:54,1
DA:56,1
DA:57,2116
DA:60,2116
DA:61,2116
DA:62,2116
DA:64,2116
DA:65,1
DA:66,1
DA:70,1
DA:75,1
DA:76,1
DA:78,1
DA:79,1
DA:83,7
DA:84,7
DA:88,49
DA:89,12
DA:90,12
DA:96,1
DA:101,1
DA:102,1
DA:105,0
DA:106,0
DA:116,1
DA:117,1
DA:118,1
DA:120,1
DA:121,1
DA:124,0
DA:127,0
DA:128,0
DA:129,0
DA:130,0
DA:135,0
DA:136,0
DA:137,0
DA:138,0
DA:142,0
DA:147,1
DA:148,1
DA:150,1
DA:151,1
DA:153,1
DA:154,1
DA:157,1
LF:70
LH:57
BRDA:6,0,0,0
BRDA:13,1,0,5988
BRDA:13,1,1,0
BRDA:24,2,0,5990
BRDA:24,2,1,1
BRDA:31,3,0,0
BRDA:31,3,1,242654
BRDA:31,4,0,242654
BRDA:31,4,1,242654
BRDA:31,4,2,242654
BRDA:31,4,3,242654
BRDA:34,5,0,1
BRDA:34,5,1,242653
BRDA:48,6,0,2
BRDA:48,6,1,1
BRDA:48,7,0,3
BRDA:48,7,1,2
BRDA:64,8,0,1
BRDA:64,8,1,2115
BRDA:88,9,0,12
BRDA:88,9,1,37
BRDA:89,10,0,12
BRDA:89,10,1,0
BRDA:100,11,0,1
BRDA:101,12,0,1
BRDA:101,12,1,0
BRDA:101,13,0,1
BRDA:101,13,1,1
BRDA:120,14,0,1
BRDA:120,14,1,0
BRDA:135,15,0,0
BRDA:135,15,1,0
BRDA:153,16,0,1
BRDA:153,16,1,0
BRF:34
BRH:25
end_of_record
TN:
SF:utils.stats.js
FN:2,(anonymous_0)
FN:17,(anonymous_1)
FN:21,(anonymous_2)
FN:25,(anonymous_3)
FN:29,(anonymous_4)
FN:33,(anonymous_5)
FN:37,(anonymous_6)
FN:41,(anonymous_7)
FN:55,(anonymous_8)
FNF:9
FNH:9
FNDA:8,(anonymous_0)
FNDA:2,(anonymous_1)
FNDA:1,(anonymous_2)
FNDA:1,(anonymous_3)
FNDA:1,(anonymous_4)
FNDA:1,(anonymous_5)
FNDA:1,(anonymous_6)
FNDA:2,(anonymous_7)
FNDA:1,(anonymous_8)
DA:1,1
DA:3,8
DA:4,8
DA:18,2
DA:22,1
DA:26,1
DA:30,1
DA:34,1
DA:38,1
DA:42,2
DA:43,2
DA:56,1
DA:57,1
DA:66,1
DA:70,1
LF:15
LH:15
BRDA:3,0,0,8
BRDA:3,0,1,0
BRF:2
BRH:1
end_of_record
TN:
SF:visual.effects.js
FN:14,isVfxEnabled
FN:26,(anonymous_1)
FN:47,(anonymous_2)
FN:86,(anonymous_3)
FN:129,(anonymous_4)
FN:159,(anonymous_5)
FN:193,(anonymous_6)
FN:242,(anonymous_7)
FN:283,(anonymous_8)
FN:307,(anonymous_9)
FN:327,(anonymous_10)
FN:347,(anonymous_11)
FN:362,(anonymous_12)
FN:382,(anonymous_13)
FNF:14
FNH:14
FNDA:22,isVfxEnabled
FNDA:3,(anonymous_1)
FNDA:1,(anonymous_2)
FNDA:1,(anonymous_3)
FNDA:1,(anonymous_4)
FNDA:1,(anonymous_5)
FNDA:1,(anonymous_6)
FNDA:5,(anonymous_7)
FNDA:2,(anonymous_8)
FNDA:1,(anonymous_9)
FNDA:1,(anonymous_10)
FNDA:1,(anonymous_11)
FNDA:2,(anonymous_12)
FNDA:2,(anonymous_13)
DA:5,4
DA:8,4
DA:9,4
DA:15,22
DA:16,2
DA:17,2
DA:19,22
DA:22,4
DA:27,3
DA:28,0
DA:30,0
DA:31,0
DA:32,0
DA:33,0
DA:34,0
DA:36,0
DA:48,1
DA:49,0
DA:50,0
DA:53,0
DA:54,0
DA:64,0
DA:65,0
DA:66,0
DA:67,0
DA:69,0
DA:77,0
DA:87,1
DA:88,0
DA:91,0
DA:100,0
DA:101,0
DA:111,0
DA:118,0
DA:130,1
DA:131,0
DA:134,0
DA:135,0
DA:136,0
DA:137,0
DA:139,0
DA:142,0
DA:150,0
DA:151,0
DA:152,0
DA:160,1
DA:161,0
DA:164,0
DA:172,0
DA:177,0
DA:183,0
DA:194,1
DA:195,0
DA:196,0
DA:197,0
DA:198,0
DA:199,0
DA:202,0
DA:209,0
DA:217,0
DA:218,0
DA:219,0
DA:220,0
DA:222,0
DA:225,0
DA:231,0
DA:243,5
DA:244,5
DA:245,0
DA:247,5
DA:249,0
DA:250,0
DA:260,0
DA:261,0
DA:264,0
DA:266,0
DA:267,0
DA:270,0
DA:271,0
DA:272,0
DA:284,2
DA:285,0
DA:287,0
DA:288,0
DA:289,0
DA:291,0
DA:298,0
DA:299,0
DA:300,0
DA:308,1
DA:309,0
DA:311,0
DA:312,0
DA:313,0
DA:314,0
DA:315,0
DA:317,0
DA:328,1
DA:329,0
DA:330,0
DA:332,0
DA:333,0
DA:334,0
DA:335,0
DA:336,0
DA:338,0
DA:348,1
DA:349,0
DA:351,0
DA:363,2
DA:364,0
DA:366,0
DA:373,0
DA:383,2
DA:384,0
DA:386,0
DA:395,0
DA:397,0
DA:401,0
DA:410,4
LF:120
LH:24
BRDA:15,0,0,2
BRDA:15,0,1,20
BRDA:15,1,0,22
BRDA:15,1,1,22
BRDA:26,2,0,0
BRDA:26,3,0,0
BRDA:27,4,0,3
BRDA:27,4,1,0
BRDA:48,5,0,1
BRDA:48,5,1,0
BRDA:87,6,0,1
BRDA:87,6,1,0
BRDA:130,7,0,1
BRDA:130,7,1,0
BRDA:134,8,0,0
BRDA:134,8,1,0
BRDA:136,9,0,0
BRDA:136,9,1,0
BRDA:150,10,0,0
BRDA:150,10,1,0
BRDA:159,11,0,1
BRDA:160,12,0,1
BRDA:160,12,1,0
BRDA:193,13,0,0
BRDA:194,14,0,1
BRDA:194,14,1,0
BRDA:198,15,0,0
BRDA:198,15,1,0
BRDA:217,16,0,0
BRDA:217,16,1,0
BRDA:219,17,0,0
BRDA:219,17,1,0
BRDA:243,18,0,5
BRDA:243,18,1,0
BRDA:244,19,0,0
BRDA:244,19,1,5
BRDA:260,20,0,0
BRDA:260,20,1,0
BRDA:266,21,0,0
BRDA:266,21,1,0
BRDA:283,22,0,1
BRDA:284,23,0,2
BRDA:284,23,1,0
BRDA:287,24,0,0
BRDA:287,24,1,0
BRDA:288,25,0,0
BRDA:288,25,1,0
BRDA:289,26,0,0
BRDA:289,26,1,0
BRDA:298,27,0,0
BRDA:298,27,1,0
BRDA:308,28,0,1
BRDA:308,28,1,0
BRDA:327,29,0,0
BRDA:328,30,0,1
BRDA:328,30,1,0
BRDA:348,31,0,1
BRDA:348,31,1,0
BRDA:352,32,0,0
BRDA:352,32,1,0
BRDA:352,33,0,0
BRDA:352,33,1,0
BRDA:362,34,0,0
BRDA:363,35,0,2
BRDA:363,35,1,0
BRDA:383,36,0,2
BRDA:383,36,1,0
BRDA:395,37,0,0
BRDA:395,37,1,0
BRF:69
BRH:20
end_of_record
